0	06:59:42.796	Custom indicator ZigZag XAUUSDm,H1: loaded successfully
0	06:59:42.804	Custom indicator test\test_candel XAUUSDm,H1: loaded successfully
0	06:59:42.823	ZigZag XAUUSDm,H1: initialized
0	06:59:42.833	test_candel XAUUSDm,H1: initialized
0	07:02:36.145	ZigZag XAUUSDm,H1: uninit reason 9
0	07:02:36.145	test_candel XAUUSDm,H1: uninit reason 9
0	07:02:36.162	Custom indicator ZigZag XAUUSDm,H1: removed
0	07:02:36.162	Custom indicator test_candel XAUUSDm,H1: removed
0	10:35:29.022	Custom indicator ZigZag XAUUSDm,H1: loaded successfully
0	10:35:29.041	Custom indicator test\test_candel XAUUSDm,H1: loaded successfully
0	10:35:29.071	ZigZag XAUUSDm,H1: initialized
0	10:35:29.087	test_candel XAUUSDm,H1: initialized
0	10:35:48.306	ZigZag XAUUSDm,H1: uninit reason 9
0	10:35:48.306	test_candel XAUUSDm,H1: uninit reason 9
0	10:35:48.323	Custom indicator ZigZag XAUUSDm,H1: removed
0	10:35:48.339	Custom indicator test_candel XAUUSDm,H1: removed
0	16:00:36.310	Custom indicator ZigZag XAUUSDm,H1: loaded successfully
0	16:00:36.324	Custom indicator test\test_candel XAUUSDm,H1: loaded successfully
0	16:00:36.351	ZigZag XAUUSDm,H1: initialized
0	16:00:36.366	test_candel XAUUSDm,H1: initialized
0	16:55:13.337	ZigZag XAUUSDm,H1: uninit reason 9
0	16:55:13.338	test_candel XAUUSDm,H1: uninit reason 9
0	16:55:13.408	Custom indicator ZigZag XAUUSDm,H1: removed
0	16:55:13.412	Custom indicator test_candel XAUUSDm,H1: removed
0	20:06:46.083	Custom indicator ZigZag XAUUSDm,H1: loaded successfully
0	20:06:46.093	Custom indicator test\test_candel XAUUSDm,H1: loaded successfully
0	20:06:46.113	ZigZag XAUUSDm,H1: initialized
0	20:06:46.123	test_candel XAUUSDm,H1: initialized
0	20:18:31.660	Compiling 'test\test_price_action_v1'
0	21:11:38.963	Compiling 'insidebar_v1'
0	21:20:05.865	Expert insidebar_v2 XAUUSDm,H1: loaded successfully
0	21:20:07.413	insidebar_v2 XAUUSDm,H1 inputs: riskLevel=0.01; TPPips=200; SLPips=100; maxPos=1; delay=1; slippage=10; magicNumber=7777; TIME_FRAME=0; 
0	21:20:07.441	insidebar_v2 XAUUSDm,H1: Alert: Init MA Scaplt strategy
0	21:20:07.441	insidebar_v2 XAUUSDm,H1: initialized
0	21:20:10.936	insidebar_v2 XAUUSDm,H1: uninit reason 4
0	21:20:10.937	insidebar_v2 XAUUSDm,H1: Alert: Remove strategy
0	21:20:10.962	Expert insidebar_v2 XAUUSDm,H1: removed
0	21:37:59.156	test_candel XAUUSDm,H1: uninit reason 2
0	21:37:59.158	Custom indicator test_candel XAUUSDm,H1: removed
0	21:37:59.165	Custom indicator test\test_candel XAUUSDm,H1: loaded successfully
0	21:37:59.176	test_candel XAUUSDm,H1: initialized
0	21:43:29.584	test_candel XAUUSDm,H1: uninit reason 2
0	21:43:29.586	Custom indicator test_candel XAUUSDm,H1: removed
0	21:43:29.594	Custom indicator test\test_candel XAUUSDm,H1: loaded successfully
0	21:43:29.605	test_candel XAUUSDm,H1: initialized
0	22:06:33.535	ZigZag XAUUSDm,H1: uninit reason 9
0	22:06:33.535	test_candel XAUUSDm,H1: uninit reason 9
0	22:06:33.580	Custom indicator ZigZag XAUUSDm,H1: removed
0	22:06:33.583	Custom indicator test_candel XAUUSDm,H1: removed
0	22:06:43.181	Compiling 'insidebar_v2'
0	22:06:48.062	Custom indicator ZigZag XAUUSDm,H1: loaded successfully
0	22:06:48.070	Custom indicator test\test_candel XAUUSDm,H1: loaded successfully
0	22:06:48.084	ZigZag XAUUSDm,H1: initialized
0	22:06:48.095	test_candel XAUUSDm,H1: initialized
0	22:17:47.149	test_candel XAUUSDm,H1: uninit reason 2
0	22:17:47.151	Custom indicator test_candel XAUUSDm,H1: removed
0	22:17:47.159	Custom indicator test\test_candel XAUUSDm,H1: loaded successfully
0	22:17:47.171	test_candel XAUUSDm,H1: initialized
0	22:21:51.098	test_candel XAUUSDm,H1: uninit reason 2
0	22:21:51.098	Custom indicator test_candel XAUUSDm,H1: removed
0	22:21:51.108	Custom indicator test\test_candel XAUUSDm,H1: loaded successfully
0	22:21:51.118	test_candel XAUUSDm,H1: initialized
0	22:22:39.660	test_candel XAUUSDm,H1: uninit reason 2
0	22:22:39.670	Custom indicator test_candel XAUUSDm,H1: removed
0	22:22:39.670	Custom indicator test\test_candel XAUUSDm,H1: loaded successfully
0	22:22:39.690	test_candel XAUUSDm,H1: initialized
0	23:05:19.128	ZigZag XAUUSDm,H1: uninit reason 9
0	23:05:19.132	test_candel XAUUSDm,H1: uninit reason 9
0	23:05:19.198	Custom indicator ZigZag XAUUSDm,H1: removed
0	23:05:19.198	Custom indicator test_candel XAUUSDm,H1: removed
