0	22:43:29.023	Compiling 'MACD Sample'
0	22:43:29.023	Compiling 'Moving Average'
0	22:43:31.414	Compiling 'Accelerator'
0	22:43:31.414	Compiling 'Accumulation'
0	22:43:31.414	Compiling 'Alligator'
0	22:43:31.414	Compiling 'ATR'
0	22:43:31.414	Compiling 'Awesome'
0	22:43:31.414	Compiling 'Bands'
0	22:43:31.414	Compiling 'Bears'
0	22:43:31.414	Compiling 'Bulls'
0	22:43:31.414	Compiling 'CCI'
0	22:43:31.414	Compiling 'Custom Moving Averages'
0	22:43:31.414	Compiling 'Heiken Ashi'
0	22:43:31.414	Compiling 'Ichimoku'
0	22:43:31.414	Compiling 'iExposure'
0	22:43:31.414	Compiling 'MACD'
0	22:43:31.414	Compiling 'Momentum'
0	22:43:31.414	Compiling 'OsMA'
0	22:43:31.414	Compiling 'Parabolic'
0	22:43:31.414	Compiling 'RSI'
0	22:43:31.414	Compiling 'Stochastic'
0	22:43:31.414	Compiling 'ZigZag'
0	22:43:31.414	Compiling 'SimplePanel'
0	22:43:36.715	Compiling 'PeriodConverter'
0	22:43:36.715	Compiling 'DLLSampleTester'
0	22:43:36.715	Compiling 'PipeClient'
0	22:43:36.715	Compiling 'PipeClientPure'
0	22:43:38.382	Compiling 'stdlib'
