0	21:15:04.204	Script test\test_indicator XAUUSDm,H1: loaded successfully
0	21:15:04.206	test_indicator XAUUSDm,H1: initialized
0	21:15:04.206	test_indicator XAUUSDm,H1: Alert: 1711.812499999999
0	21:15:04.206	test_indicator XAUUSDm,H1: uninit reason 0
0	21:15:04.229	Script test_indicator XAUUSDm,H1: removed
0	21:15:10.793	Script test\test_indicator XAUUSDm,H1: loaded successfully
0	21:15:10.804	test_indicator XAUUSDm,H1: initialized
0	21:15:10.805	test_indicator XAUUSDm,H1: Alert: 1711.814999999999
0	21:15:10.805	test_indicator XAUUSDm,H1: uninit reason 0
0	21:15:10.806	Script test_indicator XAUUSDm,H1: removed
0	21:15:45.153	Script test\test_indicator XAUUSDm,H1: loaded successfully
0	21:15:45.154	test_indicator XAUUSDm,H1: initialized
0	21:15:45.154	test_indicator XAUUSDm,H1: Alert: 1711.777749999999
0	21:15:45.154	test_indicator XAUUSDm,H1: uninit reason 0
0	21:15:45.170	Script test_indicator XAUUSDm,H1: removed
0	21:16:05.553	Script test\test_indicator XAUUSDm,H1: loaded successfully
0	21:16:05.554	test_indicator XAUUSDm,H1: initialized
0	21:16:05.554	test_indicator XAUUSDm,H1: Alert: 1711.778
0	21:16:05.554	test_indicator XAUUSDm,H1: uninit reason 0
0	21:16:05.584	Script test_indicator XAUUSDm,H1: removed
0	21:16:22.056	Script test\test_indicator XAUUSDm,H1: loaded successfully
0	21:16:22.070	test_indicator XAUUSDm,H1: initialized
0	21:16:22.071	test_indicator XAUUSDm,H1: Alert: 1707.087
0	21:16:22.071	test_indicator XAUUSDm,H1: uninit reason 0
0	21:16:22.085	Script test_indicator XAUUSDm,H1: removed
0	21:16:41.826	Script test\test_indicator XAUUSDm,H1: loaded successfully
0	21:16:41.828	test_indicator XAUUSDm,H1: initialized
0	21:16:41.828	test_indicator XAUUSDm,H1: Alert: 1706.978
0	21:16:41.828	test_indicator XAUUSDm,H1: uninit reason 0
0	21:16:41.853	Script test_indicator XAUUSDm,H1: removed
0	21:16:56.346	Script test\test_indicator XAUUSDm,H1: loaded successfully
0	21:16:56.349	test_indicator XAUUSDm,H1: initialized
0	21:16:56.349	test_indicator XAUUSDm,H1: Alert: 1707.087
0	21:16:56.349	test_indicator XAUUSDm,H1: uninit reason 0
0	21:16:56.375	Script test_indicator XAUUSDm,H1: removed
