0	11:08:44.188	Expert ma_signal XAUUSDm,H1: loaded successfully
0	11:08:44.188	ma_signal XAUUSDm,H1 inputs: riskLevel=0.05; TPPips=100; SLPips=50; stdDev=5; maxPos=1; delayHours=1; magicNumber=7777; TIME_FRAME=60; 
0	11:08:46.976	ma_signal XAUUSDm,H1: Alert: Init MA Scaplt strategy
0	11:08:46.976	ma_signal XAUUSDm,H1: initialized
1	11:08:47.545	ma_signal XAUUSDm,H1: array out of range in 'ma_signal.mq4' (61,17)
0	11:09:07.585	ma_signal XAUUSDm,H1: uninit reason 2
0	11:09:07.585	Expert ma_signal XAUUSDm,H1: removed
0	11:09:07.609	Expert ma_signal XAUUSDm,H1: loaded successfully
0	11:09:07.625	ma_signal XAUUSDm,H1: Alert: Init MA Scaplt strategy
0	11:09:07.625	ma_signal XAUUSDm,H1: initialized
0	11:09:07.664	Expert ma_signal XAUUSDm,H1: loaded successfully
1	11:09:07.983	ma_signal XAUUSDm,H1: array out of range in 'ma_signal.mq4' (61,17)
0	11:09:08.935	ma_signal XAUUSDm,H1 inputs: riskLevel=0.05; TPPips=100; SLPips=50; stdDev=5; maxPos=1; delayHours=1; magicNumber=7777; TIME_FRAME=60; 
0	11:09:08.954	ma_signal XAUUSDm,H1: Alert: Init MA Scaplt strategy
0	11:09:08.954	ma_signal XAUUSDm,H1: initialized
1	11:09:42.923	ma_signal XAUUSDm,H1: array out of range in 'ma_signal.mq4' (61,17)
0	11:09:42.944	ma_signal XAUUSDm,H1: uninit reason 4
0	11:09:42.970	Expert ma_signal XAUUSDm,H1: removed
0	11:09:47.791	ma_signal XAUUSDm,H1: uninit reason 2
0	11:09:47.794	Expert ma_signal XAUUSDm,H1: removed
0	11:09:47.804	Expert ma_signal XAUUSDm,H1: loaded successfully
0	11:09:47.825	ma_signal XAUUSDm,H1: Alert: Init MA Scaplt strategy
0	11:09:47.825	ma_signal XAUUSDm,H1: initialized
0	11:09:47.875	Expert ma_signal XAUUSDm,H1: loaded successfully
0	11:09:49.066	ma_signal XAUUSDm,H1 inputs: riskLevel=0.05; TPPips=100; SLPips=50; stdDev=5; maxPos=1; delayHours=1; magicNumber=7777; TIME_FRAME=60; 
0	11:09:49.083	ma_signal XAUUSDm,H1: Alert: Init MA Scaplt strategy
0	11:09:49.083	ma_signal XAUUSDm,H1: initialized
1	11:09:55.514	ma_signal XAUUSDm,H1: array out of range in 'ma_signal.mq4' (61,17)
1	11:16:31.507	ma_signal XAUUSDm,H1: debugging terminated
0	11:16:31.516	ma_signal XAUUSDm,H1: uninit reason 4
0	11:16:31.525	Expert ma_signal XAUUSDm,H1: removed
0	11:16:32.138	ma_signal XAUUSDm,H1: uninit reason 2
0	11:16:32.139	Expert ma_signal XAUUSDm,H1: removed
0	11:16:32.149	Expert ma_signal XAUUSDm,H1: loaded successfully
0	11:16:32.170	ma_signal XAUUSDm,H1: Alert: Init MA Scaplt strategy
0	11:16:32.170	ma_signal XAUUSDm,H1: initialized
0	11:16:32.230	Expert ma_signal XAUUSDm,H1: loaded successfully
1	11:16:32.258	ma_signal XAUUSDm,H1: array out of range in 'ma_signal.mq4' (61,17)
0	11:16:33.566	ma_signal XAUUSDm,H1 inputs: riskLevel=0.05; TPPips=100; SLPips=50; stdDev=5; maxPos=1; delayHours=1; magicNumber=7777; TIME_FRAME=60; 
0	11:16:33.581	ma_signal XAUUSDm,H1: Alert: Init MA Scaplt strategy
0	11:16:33.581	ma_signal XAUUSDm,H1: initialized
1	11:16:58.668	ma_signal XAUUSDm,H1: array out of range in 'ma_signal.mq4' (61,17)
0	11:16:58.685	ma_signal XAUUSDm,H1: uninit reason 4
0	11:16:58.702	Expert ma_signal XAUUSDm,H1: removed
0	11:17:03.422	ma_signal XAUUSDm,H1: uninit reason 2
0	11:17:03.424	Expert ma_signal XAUUSDm,H1: removed
0	11:17:03.434	Expert ma_signal XAUUSDm,H1: loaded successfully
0	11:17:03.454	ma_signal XAUUSDm,H1: Alert: Init MA Scaplt strategy
0	11:17:03.454	ma_signal XAUUSDm,H1: initialized
0	11:17:03.503	Expert ma_signal XAUUSDm,H1: loaded successfully
0	11:17:04.824	ma_signal XAUUSDm,H1 inputs: riskLevel=0.05; TPPips=100; SLPips=50; stdDev=5; maxPos=1; delayHours=1; magicNumber=7777; TIME_FRAME=60; 
0	11:17:04.840	ma_signal XAUUSDm,H1: Alert: Init MA Scaplt strategy
0	11:17:04.840	ma_signal XAUUSDm,H1: initialized
1	11:17:05.251	ma_signal XAUUSDm,H1: array out of range in 'ma_signal.mq4' (61,17)
1	11:18:40.722	ma_signal XAUUSDm,H1: debugging terminated
0	11:18:40.732	ma_signal XAUUSDm,H1: uninit reason 4
0	11:18:40.749	Expert ma_signal XAUUSDm,H1: removed
0	11:18:41.166	ma_signal XAUUSDm,H1: uninit reason 2
0	11:18:41.168	Expert ma_signal XAUUSDm,H1: removed
0	11:18:41.178	Expert ma_signal XAUUSDm,H1: loaded successfully
0	11:18:41.206	ma_signal XAUUSDm,H1: Alert: Init MA Scaplt strategy
0	11:18:41.207	ma_signal XAUUSDm,H1: initialized
0	11:18:41.249	Expert ma_signal XAUUSDm,H1: loaded successfully
0	11:18:41.612	ma_signal XAUUSDm,H1: Alert: 0
1	11:18:41.612	ma_signal XAUUSDm,H1: array out of range in 'ma_signal.mq4' (62,17)
0	11:18:42.408	ma_signal XAUUSDm,H1 inputs: riskLevel=0.05; TPPips=100; SLPips=50; stdDev=5; maxPos=1; delayHours=1; magicNumber=7777; TIME_FRAME=60; 
0	11:18:42.425	ma_signal XAUUSDm,H1: Alert: Init MA Scaplt strategy
0	11:18:42.425	ma_signal XAUUSDm,H1: initialized
0	11:18:43.179	ma_signal XAUUSDm,H1: Alert: 0
1	11:18:51.452	ma_signal XAUUSDm,H1: debugging terminated
0	11:18:51.462	ma_signal XAUUSDm,H1: uninit reason 4
0	11:18:51.480	Expert ma_signal XAUUSDm,H1: removed
0	11:18:51.984	ma_signal XAUUSDm,H1: uninit reason 2
0	11:18:51.987	Expert ma_signal XAUUSDm,H1: removed
0	11:18:51.997	Expert ma_signal XAUUSDm,H1: loaded successfully
0	11:18:52.018	ma_signal XAUUSDm,H1: Alert: Init MA Scaplt strategy
0	11:18:52.018	ma_signal XAUUSDm,H1: initialized
0	11:18:52.057	Expert ma_signal XAUUSDm,H1: loaded successfully
0	11:18:52.982	ma_signal XAUUSDm,H1: Alert: 1
1	11:18:52.982	ma_signal XAUUSDm,H1: array out of range in 'ma_signal.mq4' (62,17)
0	11:18:53.094	ma_signal XAUUSDm,H1 inputs: riskLevel=0.05; TPPips=100; SLPips=50; stdDev=5; maxPos=1; delayHours=1; magicNumber=7777; TIME_FRAME=60; 
0	11:18:53.108	ma_signal XAUUSDm,H1: Alert: Init MA Scaplt strategy
0	11:18:53.108	ma_signal XAUUSDm,H1: initialized
0	11:18:57.248	ma_signal XAUUSDm,H1: Alert: 1
1	11:22:27.506	ma_signal XAUUSDm,H1: debugging terminated
0	11:22:27.539	ma_signal XAUUSDm,H1: uninit reason 4
0	11:22:27.558	Expert ma_signal XAUUSDm,H1: removed
0	11:22:57.325	Compiling 'ma_signal'
0	11:22:58.642	ma_signal XAUUSDm,H1: uninit reason 2
0	11:22:58.643	Expert ma_signal XAUUSDm,H1: removed
0	11:22:58.651	Expert ma_signal XAUUSDm,H1: loaded successfully
0	11:22:58.665	ma_signal XAUUSDm,H1: Alert: Init MA Scaplt strategy
0	11:22:58.665	ma_signal XAUUSDm,H1: initialized
1	11:23:02.596	ma_signal XAUUSDm,H1: array out of range in 'ma_signal.mq4' (61,17)
0	11:23:18.209	Script test\test_indicator XAUUSDm,H1: loaded successfully
0	11:23:18.220	test_indicator XAUUSDm,H1: initialized
1	11:23:21.715	test_indicator XAUUSDm,H1: debugging terminated
0	11:23:21.723	test_indicator XAUUSDm,H1: uninit reason 0
0	11:23:21.735	Script test_indicator XAUUSDm,H1: removed
0	11:23:22.612	Script test\test_indicator XAUUSDm,H1: loaded successfully
0	11:23:22.623	test_indicator XAUUSDm,H1: initialized
1	11:23:30.306	test_indicator XAUUSDm,H1: debugging terminated
0	11:23:30.308	test_indicator XAUUSDm,H1: uninit reason 0
0	11:23:30.321	Script test_indicator XAUUSDm,H1: removed
0	11:23:40.098	Script test\test_indicator XAUUSDm,H1: loaded successfully
0	11:23:40.109	test_indicator XAUUSDm,H1: initialized
1	11:28:12.437	test_indicator XAUUSDm,H1: debugging terminated
0	11:28:12.439	test_indicator XAUUSDm,H1: uninit reason 0
0	11:28:12.453	Script test_indicator XAUUSDm,H1: removed
0	11:30:05.898	Script test\test_indicator XAUUSDm,H1: loaded successfully
0	11:30:05.910	test_indicator XAUUSDm,H1: initialized
0	11:30:05.910	test_indicator XAUUSDm,H1: Alert: 0.0
0	11:30:05.910	test_indicator XAUUSDm,H1: uninit reason 0
0	11:30:05.938	Script test_indicator XAUUSDm,H1: removed
0	11:30:28.955	Script test\test_indicator XAUUSDm,H1: loaded successfully
0	11:30:28.966	test_indicator XAUUSDm,H1: initialized
1	11:30:37.698	test_indicator XAUUSDm,H1: array out of range in 'test_indicator.mq4' (20,17)
0	11:30:37.729	test_indicator XAUUSDm,H1: uninit reason 4
0	11:30:37.739	Script test_indicator XAUUSDm,H1: removed
0	11:30:58.163	Script test\test_indicator XAUUSDm,H1: loaded successfully
0	11:30:58.175	test_indicator XAUUSDm,H1: initialized
1	11:31:01.409	test_indicator XAUUSDm,H1: debugging terminated
0	11:31:01.421	test_indicator XAUUSDm,H1: uninit reason 4
0	11:31:01.430	Script test_indicator XAUUSDm,H1: removed
0	11:31:02.012	Script test\test_indicator XAUUSDm,H1: loaded successfully
0	11:31:02.027	test_indicator XAUUSDm,H1: initialized
1	11:31:13.427	test_indicator XAUUSDm,H1: debugging terminated
0	11:31:13.435	test_indicator XAUUSDm,H1: uninit reason 0
0	11:31:13.446	Script test_indicator XAUUSDm,H1: removed
0	11:31:14.048	Script test\test_indicator XAUUSDm,H1: loaded successfully
0	11:31:14.061	test_indicator XAUUSDm,H1: initialized
1	11:32:02.954	test_indicator XAUUSDm,H1: debugging terminated
0	11:32:02.963	test_indicator XAUUSDm,H1: uninit reason 0
0	11:32:02.976	Script test_indicator XAUUSDm,H1: removed
0	11:32:03.594	Script test\test_indicator XAUUSDm,H1: loaded successfully
0	11:32:03.606	test_indicator XAUUSDm,H1: initialized
0	11:32:03.606	test_indicator XAUUSDm,H1: Alert: 1733.641299999994
0	11:32:03.606	test_indicator XAUUSDm,H1: Alert: =============
0	11:32:03.606	test_indicator XAUUSDm,H1: uninit reason 0
0	11:32:03.641	Script test_indicator XAUUSDm,H1: removed
0	11:32:07.630	Script test\test_indicator XAUUSDm,H1: loaded successfully
0	11:32:07.643	test_indicator XAUUSDm,H1: initialized
0	11:32:07.644	test_indicator XAUUSDm,H1: Alert: 1733.637199999994
0	11:32:07.644	test_indicator XAUUSDm,H1: Alert: =============
0	11:32:07.644	test_indicator XAUUSDm,H1: uninit reason 0
0	11:32:07.676	Script test_indicator XAUUSDm,H1: removed
0	11:32:27.817	Script test\test_indicator XAUUSDm,H1: loaded successfully
0	11:32:27.829	test_indicator XAUUSDm,H1: initialized
0	11:32:27.830	test_indicator XAUUSDm,H1: Alert: 1733.636999999994
0	11:32:27.830	test_indicator XAUUSDm,H1: Alert: =============
0	11:32:27.830	test_indicator XAUUSDm,H1: uninit reason 0
0	11:32:27.845	Script test_indicator XAUUSDm,H1: removed
0	11:32:52.773	ma_signal XAUUSDm,H1: uninit reason 2
0	11:32:52.775	Expert ma_signal XAUUSDm,H1: removed
0	11:32:52.785	Expert ma_signal XAUUSDm,H1: loaded successfully
0	11:32:52.805	ma_signal XAUUSDm,H1: Alert: Init MA Scaplt strategy
0	11:32:52.805	ma_signal XAUUSDm,H1: initialized
0	11:32:52.853	Expert ma_signal XAUUSDm,H1: loaded successfully
0	11:32:54.056	ma_signal XAUUSDm,H1 inputs: riskLevel=0.05; TPPips=100; SLPips=50; stdDev=5; maxPos=1; delayHours=1; magicNumber=7777; TIME_FRAME=60; 
0	11:32:54.072	ma_signal XAUUSDm,H1: Alert: Init MA Scaplt strategy
0	11:32:54.072	ma_signal XAUUSDm,H1: initialized
0	11:32:55.505	ma_signal XAUUSDm,H1: Alert: 1708.3416999999991711.9489999999971721.9612800000021738.902409999999
0	11:32:55.505	ma_signal XAUUSDm,H1: Alert: 1709.4898999999991712.8264999999971722.6584400000021739.13545
0	11:32:55.505	ma_signal XAUUSDm,H1: Alert: 1710.8986999999991713.8229499999971723.3193000000021739.37993
0	11:32:55.505	ma_signal XAUUSDm,H1: Alert: 1708.3416999999991711.9489999999971721.9612800000021738.902409999999
0	11:32:55.505	ma_signal XAUUSDm,H1: Alert: 1712.6995999999991714.8882999999981723.9990400000021739.63315
0	11:32:55.505	ma_signal XAUUSDm,H1: Alert: 1709.4898999999991712.8264999999971722.6584400000021739.13545
0	11:32:55.505	ma_signal XAUUSDm,H1: Alert: 1710.8986999999991713.8229499999971723.3193000000021739.37993
0	11:32:55.505	ma_signal XAUUSDm,H1: Alert: 1712.6995999999991714.8882999999981723.9990400000021739.63315
0	11:32:56.882	ma_signal XAUUSDm,H1: Alert: 1708.34171711.9491721.961281738.90241
0	11:32:56.882	ma_signal XAUUSDm,H1: Alert: 1709.4898999999991712.8264999999971722.6584400000021739.13545
0	11:32:56.882	ma_signal XAUUSDm,H1: Alert: 1708.34171711.9491721.961281738.90241
0	11:32:56.883	ma_signal XAUUSDm,H1: Alert: 1710.8986999999991713.8229499999971723.3193000000021739.37993
0	11:32:56.883	ma_signal XAUUSDm,H1: Alert: 1709.4898999999991712.8264999999971722.6584400000021739.13545
0	11:32:56.883	ma_signal XAUUSDm,H1: Alert: 1712.6995999999991714.8882999999981723.9990400000021739.63315
0	11:32:56.883	ma_signal XAUUSDm,H1: Alert: 1710.8986999999991713.8229499999971723.3193000000021739.37993
0	11:32:56.883	ma_signal XAUUSDm,H1: Alert: 1712.6995999999991714.8882999999981723.9990400000021739.63315
0	11:32:58.322	ma_signal XAUUSDm,H1: Alert: 1708.34171711.9491721.961281738.90241
0	11:32:58.322	ma_signal XAUUSDm,H1: Alert: 1708.34171711.9491721.961281738.90241
0	11:32:58.322	ma_signal XAUUSDm,H1: Alert: 1709.4898999999991712.8264999999971722.6584400000021739.13545
0	11:32:58.322	ma_signal XAUUSDm,H1: Alert: 1709.4898999999991712.8264999999971722.6584400000021739.13545
0	11:32:58.322	ma_signal XAUUSDm,H1: Alert: 1710.8986999999991713.8229499999971723.3193000000021739.37993
0	11:32:58.322	ma_signal XAUUSDm,H1: Alert: 1710.8986999999991713.8229499999971723.3193000000021739.37993
0	11:32:58.322	ma_signal XAUUSDm,H1: Alert: 1712.6995999999991714.8882999999981723.9990400000021739.63315
0	11:32:58.322	ma_signal XAUUSDm,H1: Alert: 1712.6995999999991714.8882999999981723.9990400000021739.63315
0	11:33:00.803	ma_signal XAUUSDm,H1: uninit reason 4
0	11:33:00.803	ma_signal XAUUSDm,H1: Alert: Remove strategy
1	11:33:00.809	ma_signal XAUUSDm,H1: Abnormal termination
0	11:33:00.815	Expert ma_signal XAUUSDm,H1: removed
0	11:33:01.950	ma_signal XAUUSDm,H1: Alert: 1708.34171711.9491721.961281738.90241
0	11:33:01.950	ma_signal XAUUSDm,H1: Alert: 1709.4898999999991712.8264999999971722.6584400000021739.13545
0	11:33:01.950	ma_signal XAUUSDm,H1: Alert: 1710.8986999999991713.8229499999971723.3193000000021739.37993
0	11:33:01.950	ma_signal XAUUSDm,H1: Alert: 1712.6995999999991714.8882999999981723.9990400000021739.63315
0	11:33:04.826	ma_signal XAUUSDm,H1: Alert: 1708.34171711.9491721.961281738.90241
0	11:33:04.826	ma_signal XAUUSDm,H1: Alert: 1709.4898999999991712.8264999999971722.6584400000021739.13545
0	11:33:04.826	ma_signal XAUUSDm,H1: Alert: 1710.8986999999991713.8229499999971723.3193000000021739.37993
0	11:33:04.826	ma_signal XAUUSDm,H1: Alert: 1712.6995999999991714.8882999999981723.9990400000021739.63315
0	11:33:05.090	ma_signal XAUUSDm,H1: Alert: 1708.34171711.9491721.961281738.90241
0	11:33:05.090	ma_signal XAUUSDm,H1: Alert: 1709.4898999999991712.8264999999971722.6584400000021739.13545
0	11:33:05.090	ma_signal XAUUSDm,H1: Alert: 1710.8986999999991713.8229499999971723.3193000000021739.37993
0	11:33:05.090	ma_signal XAUUSDm,H1: Alert: 1712.6995999999991714.8882999999981723.9990400000021739.63315
0	11:33:06.399	ma_signal XAUUSDm,H1: Alert: 1708.34171711.9491721.961281738.90241
0	11:33:06.399	ma_signal XAUUSDm,H1: Alert: 1709.4898999999991712.8264999999971722.6584400000021739.13545
0	11:33:06.399	ma_signal XAUUSDm,H1: Alert: 1710.8986999999991713.8229499999971723.3193000000021739.37993
0	11:33:06.399	ma_signal XAUUSDm,H1: Alert: 1712.6995999999991714.8882999999981723.9990400000021739.63315
0	11:33:08.688	ma_signal XAUUSDm,H1: Alert: 1708.34171711.9491721.961281738.90241
0	11:33:08.688	ma_signal XAUUSDm,H1: Alert: 1709.4898999999991712.8264999999971722.6584400000021739.13545
0	11:33:08.688	ma_signal XAUUSDm,H1: Alert: 1710.8986999999991713.8229499999971723.3193000000021739.37993
0	11:33:08.688	ma_signal XAUUSDm,H1: Alert: 1712.6995999999991714.8882999999981723.9990400000021739.63315
0	11:33:09.308	ma_signal XAUUSDm,H1: Alert: 1708.34171711.9491721.961281738.90241
0	11:33:09.308	ma_signal XAUUSDm,H1: Alert: 1709.4898999999991712.8264999999971722.6584400000021739.13545
0	11:33:09.309	ma_signal XAUUSDm,H1: Alert: 1710.8986999999991713.8229499999971723.3193000000021739.37993
0	11:33:09.309	ma_signal XAUUSDm,H1: Alert: 1712.6995999999991714.8882999999981723.9990400000021739.63315
0	11:33:10.413	ma_signal XAUUSDm,H1: Alert: 1708.34171711.9491721.961281738.90241
0	11:33:10.413	ma_signal XAUUSDm,H1: Alert: 1709.4898999999991712.8264999999971722.6584400000021739.13545
0	11:33:10.413	ma_signal XAUUSDm,H1: Alert: 1710.8986999999991713.8229499999971723.3193000000021739.37993
0	11:33:10.413	ma_signal XAUUSDm,H1: Alert: 1712.6995999999991714.8882999999981723.9990400000021739.63315
0	11:33:11.702	ma_signal XAUUSDm,H1: Alert: 1708.34171711.9491721.961281738.90241
0	11:33:11.702	ma_signal XAUUSDm,H1: Alert: 1709.4898999999991712.8264999999971722.6584400000021739.13545
0	11:33:11.702	ma_signal XAUUSDm,H1: Alert: 1710.8986999999991713.8229499999971723.3193000000021739.37993
0	11:33:11.702	ma_signal XAUUSDm,H1: Alert: 1712.6995999999991714.8882999999981723.9990400000021739.63315
0	11:33:13.583	ma_signal XAUUSDm,H1: Alert: 1708.34171711.9491721.961281738.90241
0	11:33:13.584	ma_signal XAUUSDm,H1: Alert: 1709.4898999999991712.8264999999971722.6584400000021739.13545
0	11:33:13.584	ma_signal XAUUSDm,H1: Alert: 1710.8986999999991713.8229499999971723.3193000000021739.37993
0	11:33:13.584	ma_signal XAUUSDm,H1: Alert: 1712.6995999999991714.8882999999981723.9990400000021739.63315
0	11:33:15.265	ma_signal XAUUSDm,H1: Alert: 1708.34171711.9491721.961281738.90241
0	11:33:15.265	ma_signal XAUUSDm,H1: Alert: 1709.4898999999991712.8264999999971722.6584400000021739.13545
0	11:33:15.266	ma_signal XAUUSDm,H1: Alert: 1710.8986999999991713.8229499999971723.3193000000021739.37993
0	11:33:15.266	ma_signal XAUUSDm,H1: Alert: 1712.6995999999991714.8882999999981723.9990400000021739.63315
0	11:33:16.936	ma_signal XAUUSDm,H1: Alert: 1708.34171711.9491721.961281738.90241
0	11:33:16.937	ma_signal XAUUSDm,H1: Alert: 1709.4898999999991712.8264999999971722.6584400000021739.13545
0	11:33:16.937	ma_signal XAUUSDm,H1: Alert: 1710.8986999999991713.8229499999971723.3193000000021739.37993
0	11:33:16.937	ma_signal XAUUSDm,H1: Alert: 1712.6995999999991714.8882999999981723.9990400000021739.63315
0	11:33:18.370	ma_signal XAUUSDm,H1: Alert: 1708.34171711.9491721.961281738.90241
0	11:33:18.370	ma_signal XAUUSDm,H1: Alert: 1709.4898999999991712.8264999999971722.6584400000021739.13545
0	11:33:18.370	ma_signal XAUUSDm,H1: Alert: 1710.8986999999991713.8229499999971723.3193000000021739.37993
0	11:33:18.370	ma_signal XAUUSDm,H1: Alert: 1712.6995999999991714.8882999999981723.9990400000021739.63315
0	11:33:24.999	ma_signal XAUUSDm,H1: Alert: 1708.34171711.9491721.961281738.90241
0	11:33:24.999	ma_signal XAUUSDm,H1: Alert: 1709.4898999999991712.8264999999971722.6584400000021739.13545
0	11:33:24.999	ma_signal XAUUSDm,H1: Alert: 1710.8986999999991713.8229499999971723.3193000000021739.37993
0	11:33:24.999	ma_signal XAUUSDm,H1: Alert: 1712.6995999999991714.8882999999981723.9990400000021739.63315
0	11:33:26.895	ma_signal XAUUSDm,H1: Alert: 1708.34171711.9491721.961281738.90241
0	11:33:26.896	ma_signal XAUUSDm,H1: Alert: 1709.4898999999991712.8264999999971722.6584400000021739.13545
0	11:33:26.896	ma_signal XAUUSDm,H1: Alert: 1710.8986999999991713.8229499999971723.3193000000021739.37993
0	11:33:26.896	ma_signal XAUUSDm,H1: Alert: 1712.6995999999991714.8882999999981723.9990400000021739.63315
0	11:33:32.996	ma_signal XAUUSDm,H1: Alert: 1708.34171711.9491721.961281738.90241
0	11:33:32.996	ma_signal XAUUSDm,H1: Alert: 1709.4898999999991712.8264999999971722.6584400000021739.13545
0	11:33:32.996	ma_signal XAUUSDm,H1: Alert: 1710.8986999999991713.8229499999971723.3193000000021739.37993
0	11:33:32.996	ma_signal XAUUSDm,H1: Alert: 1712.6995999999991714.8882999999981723.9990400000021739.63315
0	11:33:37.491	ma_signal XAUUSDm,H1: Alert: 1708.34171711.9491721.961281738.90241
0	11:33:37.491	ma_signal XAUUSDm,H1: Alert: 1709.4898999999991712.8264999999971722.6584400000021739.13545
0	11:33:37.491	ma_signal XAUUSDm,H1: Alert: 1710.8986999999991713.8229499999971723.3193000000021739.37993
0	11:33:37.491	ma_signal XAUUSDm,H1: Alert: 1712.6995999999991714.8882999999981723.9990400000021739.63315
0	11:33:39.995	ma_signal XAUUSDm,H1: Alert: 1708.34171711.9491721.961281738.90241
0	11:33:39.995	ma_signal XAUUSDm,H1: Alert: 1709.4898999999991712.8264999999971722.6584400000021739.13545
0	11:33:39.995	ma_signal XAUUSDm,H1: Alert: 1710.8986999999991713.8229499999971723.3193000000021739.37993
0	11:33:39.995	ma_signal XAUUSDm,H1: Alert: 1712.6995999999991714.8882999999981723.9990400000021739.63315
0	11:33:41.119	ma_signal XAUUSDm,H1: Alert: 1708.34171711.9491721.961281738.90241
0	11:33:41.119	ma_signal XAUUSDm,H1: Alert: 1709.4898999999991712.8264999999971722.6584400000021739.13545
0	11:33:41.119	ma_signal XAUUSDm,H1: Alert: 1710.8986999999991713.8229499999971723.3193000000021739.37993
0	11:33:41.119	ma_signal XAUUSDm,H1: Alert: 1712.6995999999991714.8882999999981723.9990400000021739.63315
0	11:33:42.163	ma_signal XAUUSDm,H1: Alert: 1708.34171711.9491721.961281738.90241
0	11:33:42.163	ma_signal XAUUSDm,H1: Alert: 1709.4898999999991712.8264999999971722.6584400000021739.13545
0	11:33:42.163	ma_signal XAUUSDm,H1: Alert: 1710.8986999999991713.8229499999971723.3193000000021739.37993
0	11:33:42.164	ma_signal XAUUSDm,H1: Alert: 1712.6995999999991714.8882999999981723.9990400000021739.63315
0	11:33:43.405	ma_signal XAUUSDm,H1: Alert: 1708.34171711.9491721.961281738.90241
0	11:33:43.405	ma_signal XAUUSDm,H1: Alert: 1709.4898999999991712.8264999999971722.6584400000021739.13545
0	11:33:43.405	ma_signal XAUUSDm,H1: Alert: 1710.8986999999991713.8229499999971723.3193000000021739.37993
0	11:33:43.405	ma_signal XAUUSDm,H1: Alert: 1712.6995999999991714.8882999999981723.9990400000021739.63315
0	11:33:44.848	ma_signal XAUUSDm,H1: Alert: 1708.34171711.9491721.961281738.90241
0	11:33:44.849	ma_signal XAUUSDm,H1: Alert: 1709.4898999999991712.8264999999971722.6584400000021739.13545
0	11:33:44.849	ma_signal XAUUSDm,H1: Alert: 1710.8986999999991713.8229499999971723.3193000000021739.37993
0	11:33:44.849	ma_signal XAUUSDm,H1: Alert: 1712.6995999999991714.8882999999981723.9990400000021739.63315
0	11:33:47.217	ma_signal XAUUSDm,H1: Alert: 1708.34171711.9491721.961281738.90241
0	11:33:47.217	ma_signal XAUUSDm,H1: Alert: 1709.4898999999991712.8264999999971722.6584400000021739.13545
0	11:33:47.217	ma_signal XAUUSDm,H1: Alert: 1710.8986999999991713.8229499999971723.3193000000021739.37993
0	11:33:47.217	ma_signal XAUUSDm,H1: Alert: 1712.6995999999991714.8882999999981723.9990400000021739.63315
0	11:33:48.425	ma_signal XAUUSDm,H1: Alert: 1708.34171711.9491721.961281738.90241
0	11:33:48.425	ma_signal XAUUSDm,H1: Alert: 1709.4898999999991712.8264999999971722.6584400000021739.13545
0	11:33:48.426	ma_signal XAUUSDm,H1: Alert: 1710.8986999999991713.8229499999971723.3193000000021739.37993
0	11:33:48.426	ma_signal XAUUSDm,H1: Alert: 1712.6995999999991714.8882999999981723.9990400000021739.63315
0	11:33:49.441	ma_signal XAUUSDm,H1: Alert: 1708.34171711.9491721.961281738.90241
0	11:33:49.441	ma_signal XAUUSDm,H1: Alert: 1709.4898999999991712.8264999999971722.6584400000021739.13545
0	11:33:49.441	ma_signal XAUUSDm,H1: Alert: 1710.8986999999991713.8229499999971723.3193000000021739.37993
0	11:33:49.442	ma_signal XAUUSDm,H1: Alert: 1712.6995999999991714.8882999999981723.9990400000021739.63315
0	11:33:53.330	ma_signal XAUUSDm,H1: Alert: 1708.34171711.9491721.961281738.90241
0	11:33:53.330	ma_signal XAUUSDm,H1: Alert: 1709.4898999999991712.8264999999971722.6584400000021739.13545
0	11:33:53.330	ma_signal XAUUSDm,H1: Alert: 1710.8986999999991713.8229499999971723.3193000000021739.37993
0	11:33:53.330	ma_signal XAUUSDm,H1: Alert: 1712.6995999999991714.8882999999981723.9990400000021739.63315
0	11:33:53.870	ma_signal XAUUSDm,H1: Alert: 1708.34171711.9491721.961281738.90241
0	11:33:53.870	ma_signal XAUUSDm,H1: Alert: 1709.4898999999991712.8264999999971722.6584400000021739.13545
0	11:33:53.870	ma_signal XAUUSDm,H1: Alert: 1710.8986999999991713.8229499999971723.3193000000021739.37993
0	11:33:53.870	ma_signal XAUUSDm,H1: Alert: 1712.6995999999991714.8882999999981723.9990400000021739.63315
0	11:33:53.930	ma_signal XAUUSDm,H1: Alert: 1708.34171711.9491721.961281738.90241
0	11:33:53.930	ma_signal XAUUSDm,H1: Alert: 1709.4898999999991712.8264999999971722.6584400000021739.13545
0	11:33:53.930	ma_signal XAUUSDm,H1: Alert: 1710.8986999999991713.8229499999971723.3193000000021739.37993
0	11:33:53.930	ma_signal XAUUSDm,H1: Alert: 1712.6995999999991714.8882999999981723.9990400000021739.63315
0	11:33:54.272	ma_signal XAUUSDm,H1: Alert: 1708.34171711.9491721.961281738.90241
0	11:33:54.272	ma_signal XAUUSDm,H1: Alert: 1709.4898999999991712.8264999999971722.6584400000021739.13545
0	11:33:54.272	ma_signal XAUUSDm,H1: Alert: 1710.8986999999991713.8229499999971723.3193000000021739.37993
0	11:33:54.272	ma_signal XAUUSDm,H1: Alert: 1712.6995999999991714.8882999999981723.9990400000021739.63315
0	11:33:56.356	ma_signal XAUUSDm,H1: Alert: 1708.34171711.9491721.961281738.90241
0	11:33:56.356	ma_signal XAUUSDm,H1: Alert: 1709.4898999999991712.8264999999971722.6584400000021739.13545
0	11:33:56.356	ma_signal XAUUSDm,H1: Alert: 1710.8986999999991713.8229499999971723.3193000000021739.37993
0	11:33:56.356	ma_signal XAUUSDm,H1: Alert: 1712.6995999999991714.8882999999981723.9990400000021739.63315
0	11:33:59.030	ma_signal XAUUSDm,H1: Alert: 1708.34171711.9491721.961281738.90241
0	11:33:59.030	ma_signal XAUUSDm,H1: Alert: 1709.4898999999991712.8264999999971722.6584400000021739.13545
0	11:33:59.030	ma_signal XAUUSDm,H1: Alert: 1710.8986999999991713.8229499999971723.3193000000021739.37993
0	11:33:59.030	ma_signal XAUUSDm,H1: Alert: 1712.6995999999991714.8882999999981723.9990400000021739.63315
0	11:34:01.282	ma_signal XAUUSDm,H1: Alert: 1708.34171711.9491721.961281738.90241
0	11:34:01.282	ma_signal XAUUSDm,H1: Alert: 1709.4898999999991712.8264999999971722.6584400000021739.13545
0	11:34:01.282	ma_signal XAUUSDm,H1: Alert: 1710.8986999999991713.8229499999971723.3193000000021739.37993
0	11:34:01.282	ma_signal XAUUSDm,H1: Alert: 1712.6995999999991714.8882999999981723.9990400000021739.63315
0	11:34:04.080	ma_signal XAUUSDm,H1: Alert: 1708.3416999999991711.9489999999971721.9612800000021738.902409999999
0	11:34:04.080	ma_signal XAUUSDm,H1: Alert: 1709.4898999999991712.8264999999971722.6584400000021739.13545
0	11:34:04.080	ma_signal XAUUSDm,H1: Alert: 1710.8986999999991713.8229499999971723.3193000000021739.37993
0	11:34:04.080	ma_signal XAUUSDm,H1: Alert: 1712.6995999999991714.8882999999981723.9990400000021739.63315
0	11:34:05.001	ma_signal XAUUSDm,H1: Alert: 1708.34171711.9491721.961281738.90241
0	11:34:05.001	ma_signal XAUUSDm,H1: Alert: 1709.4898999999991712.8264999999971722.6584400000021739.13545
0	11:34:05.001	ma_signal XAUUSDm,H1: Alert: 1710.8986999999991713.8229499999971723.3193000000021739.37993
0	11:34:05.001	ma_signal XAUUSDm,H1: Alert: 1712.6995999999991714.8882999999981723.9990400000021739.63315
0	11:34:06.079	ma_signal XAUUSDm,H1: Alert: 1708.34171711.9491721.961281738.90241
0	11:34:06.079	ma_signal XAUUSDm,H1: Alert: 1709.4898999999991712.8264999999971722.6584400000021739.13545
0	11:34:06.079	ma_signal XAUUSDm,H1: Alert: 1710.8986999999991713.8229499999971723.3193000000021739.37993
0	11:34:06.079	ma_signal XAUUSDm,H1: Alert: 1712.6995999999991714.8882999999981723.9990400000021739.63315
0	11:34:07.156	ma_signal XAUUSDm,H1: Alert: 1708.34171711.9491721.961281738.90241
0	11:34:07.156	ma_signal XAUUSDm,H1: Alert: 1709.4898999999991712.8264999999971722.6584400000021739.13545
0	11:34:07.156	ma_signal XAUUSDm,H1: Alert: 1710.8986999999991713.8229499999971723.3193000000021739.37993
0	11:34:07.156	ma_signal XAUUSDm,H1: Alert: 1712.6995999999991714.8882999999981723.9990400000021739.63315
0	11:34:08.309	ma_signal XAUUSDm,H1: Alert: 1708.34171711.9491721.961281738.90241
0	11:34:08.309	ma_signal XAUUSDm,H1: Alert: 1709.4898999999991712.8264999999971722.6584400000021739.13545
0	11:34:08.309	ma_signal XAUUSDm,H1: Alert: 1710.8986999999991713.8229499999971723.3193000000021739.37993
0	11:34:08.309	ma_signal XAUUSDm,H1: Alert: 1712.6995999999991714.8882999999981723.9990400000021739.63315
0	11:34:09.300	ma_signal XAUUSDm,H1: Alert: 1708.34171711.9491721.961281738.90241
0	11:34:09.300	ma_signal XAUUSDm,H1: Alert: 1709.4898999999991712.8264999999971722.6584400000021739.13545
0	11:34:09.300	ma_signal XAUUSDm,H1: Alert: 1710.8986999999991713.8229499999971723.3193000000021739.37993
0	11:34:09.300	ma_signal XAUUSDm,H1: Alert: 1712.6995999999991714.8882999999981723.9990400000021739.63315
0	11:34:12.010	ma_signal XAUUSDm,H1: Alert: 1708.34171711.9491721.961281738.90241
0	11:34:12.010	ma_signal XAUUSDm,H1: Alert: 1709.4898999999991712.8264999999971722.6584400000021739.13545
0	11:34:12.010	ma_signal XAUUSDm,H1: Alert: 1710.8986999999991713.8229499999971723.3193000000021739.37993
0	11:34:12.010	ma_signal XAUUSDm,H1: Alert: 1712.6995999999991714.8882999999981723.9990400000021739.63315
0	11:34:14.513	ma_signal XAUUSDm,H1: Alert: 1708.34171711.9491721.961281738.90241
0	11:34:14.514	ma_signal XAUUSDm,H1: Alert: 1709.4898999999991712.8264999999971722.6584400000021739.13545
0	11:34:14.514	ma_signal XAUUSDm,H1: Alert: 1710.8986999999991713.8229499999971723.3193000000021739.37993
0	11:34:14.514	ma_signal XAUUSDm,H1: Alert: 1712.6995999999991714.8882999999981723.9990400000021739.63315
0	11:34:18.420	ma_signal XAUUSDm,H1: Alert: 1708.34171711.9491721.961281738.90241
0	11:34:18.420	ma_signal XAUUSDm,H1: Alert: 1709.4898999999991712.8264999999971722.6584400000021739.13545
0	11:34:18.420	ma_signal XAUUSDm,H1: Alert: 1710.8986999999991713.8229499999971723.3193000000021739.37993
0	11:34:18.420	ma_signal XAUUSDm,H1: Alert: 1712.6995999999991714.8882999999981723.9990400000021739.63315
0	11:34:21.184	ma_signal XAUUSDm,H1: Alert: 1708.34171711.9491721.961281738.90241
0	11:34:21.184	ma_signal XAUUSDm,H1: Alert: 1709.4898999999991712.8264999999971722.6584400000021739.13545
0	11:34:21.184	ma_signal XAUUSDm,H1: Alert: 1710.8986999999991713.8229499999971723.3193000000021739.37993
0	11:34:21.184	ma_signal XAUUSDm,H1: Alert: 1712.6995999999991714.8882999999981723.9990400000021739.63315
0	11:34:21.557	ma_signal XAUUSDm,H1: Alert: 1708.34171711.9491721.961281738.90241
0	11:34:21.557	ma_signal XAUUSDm,H1: Alert: 1709.4898999999991712.8264999999971722.6584400000021739.13545
0	11:34:21.557	ma_signal XAUUSDm,H1: Alert: 1710.8986999999991713.8229499999971723.3193000000021739.37993
0	11:34:21.557	ma_signal XAUUSDm,H1: Alert: 1712.6995999999991714.8882999999981723.9990400000021739.63315
0	11:34:22.692	ma_signal XAUUSDm,H1: Alert: 1708.34171711.9491721.961281738.90241
0	11:34:22.692	ma_signal XAUUSDm,H1: Alert: 1709.4898999999991712.8264999999971722.6584400000021739.13545
0	11:34:22.692	ma_signal XAUUSDm,H1: Alert: 1710.8986999999991713.8229499999971723.3193000000021739.37993
0	11:34:22.692	ma_signal XAUUSDm,H1: Alert: 1712.6995999999991714.8882999999981723.9990400000021739.63315
0	11:34:24.000	ma_signal XAUUSDm,H1: Alert: 1708.34171711.9491721.961281738.90241
0	11:34:24.000	ma_signal XAUUSDm,H1: Alert: 1709.4898999999991712.8264999999971722.6584400000021739.13545
0	11:34:24.000	ma_signal XAUUSDm,H1: Alert: 1710.8986999999991713.8229499999971723.3193000000021739.37993
0	11:34:24.000	ma_signal XAUUSDm,H1: Alert: 1712.6995999999991714.8882999999981723.9990400000021739.63315
0	11:34:25.213	ma_signal XAUUSDm,H1: Alert: 1708.34171711.9491721.961281738.90241
0	11:34:25.213	ma_signal XAUUSDm,H1: Alert: 1709.4898999999991712.8264999999971722.6584400000021739.13545
0	11:34:25.213	ma_signal XAUUSDm,H1: Alert: 1710.8986999999991713.8229499999971723.3193000000021739.37993
0	11:34:25.213	ma_signal XAUUSDm,H1: Alert: 1712.6995999999991714.8882999999981723.9990400000021739.63315
0	11:34:26.468	ma_signal XAUUSDm,H1: Alert: 1708.34171711.9491721.961281738.90241
0	11:34:26.469	ma_signal XAUUSDm,H1: Alert: 1709.4898999999991712.8264999999971722.6584400000021739.13545
0	11:34:26.469	ma_signal XAUUSDm,H1: Alert: 1710.8986999999991713.8229499999971723.3193000000021739.37993
0	11:34:26.469	ma_signal XAUUSDm,H1: Alert: 1712.6995999999991714.8882999999981723.9990400000021739.63315
0	11:34:27.546	ma_signal XAUUSDm,H1: Alert: 1708.34171711.9491721.961281738.90241
0	11:34:27.546	ma_signal XAUUSDm,H1: Alert: 1709.4898999999991712.8264999999971722.6584400000021739.13545
0	11:34:27.546	ma_signal XAUUSDm,H1: Alert: 1710.8986999999991713.8229499999971723.3193000000021739.37993
0	11:34:27.546	ma_signal XAUUSDm,H1: Alert: 1712.6995999999991714.8882999999981723.9990400000021739.63315
0	11:34:29.134	ma_signal XAUUSDm,H1: Alert: 1708.34171711.9491721.961281738.90241
0	11:34:29.134	ma_signal XAUUSDm,H1: Alert: 1709.4898999999991712.8264999999971722.6584400000021739.13545
0	11:34:29.134	ma_signal XAUUSDm,H1: Alert: 1710.8986999999991713.8229499999971723.3193000000021739.37993
0	11:34:29.134	ma_signal XAUUSDm,H1: Alert: 1712.6995999999991714.8882999999981723.9990400000021739.63315
0	11:34:30.499	ma_signal XAUUSDm,H1: Alert: 1708.34171711.9491721.961281738.90241
0	11:34:30.499	ma_signal XAUUSDm,H1: Alert: 1709.4898999999991712.8264999999971722.6584400000021739.13545
0	11:34:30.499	ma_signal XAUUSDm,H1: Alert: 1710.8986999999991713.8229499999971723.3193000000021739.37993
0	11:34:30.499	ma_signal XAUUSDm,H1: Alert: 1712.6995999999991714.8882999999981723.9990400000021739.63315
0	11:34:32.215	ma_signal XAUUSDm,H1: Alert: 1708.34171711.9491721.961281738.90241
0	11:34:32.215	ma_signal XAUUSDm,H1: Alert: 1709.4898999999991712.8264999999971722.6584400000021739.13545
0	11:34:32.215	ma_signal XAUUSDm,H1: Alert: 1710.8986999999991713.8229499999971723.3193000000021739.37993
0	11:34:32.215	ma_signal XAUUSDm,H1: Alert: 1712.6995999999991714.8882999999981723.9990400000021739.63315
0	11:34:33.256	ma_signal XAUUSDm,H1: Alert: 1708.34171711.9491721.961281738.90241
0	11:34:33.256	ma_signal XAUUSDm,H1: Alert: 1709.4898999999991712.8264999999971722.6584400000021739.13545
0	11:34:33.256	ma_signal XAUUSDm,H1: Alert: 1710.8986999999991713.8229499999971723.3193000000021739.37993
0	11:34:33.256	ma_signal XAUUSDm,H1: Alert: 1712.6995999999991714.8882999999981723.9990400000021739.63315
0	11:34:33.600	ma_signal XAUUSDm,H1: Alert: 1708.34171711.9491721.961281738.90241
0	11:34:33.600	ma_signal XAUUSDm,H1: Alert: 1709.4898999999991712.8264999999971722.6584400000021739.13545
0	11:34:33.600	ma_signal XAUUSDm,H1: Alert: 1710.8986999999991713.8229499999971723.3193000000021739.37993
0	11:34:33.600	ma_signal XAUUSDm,H1: Alert: 1712.6995999999991714.8882999999981723.9990400000021739.63315
0	11:34:34.748	ma_signal XAUUSDm,H1: Alert: 1708.34171711.9491721.961281738.90241
0	11:34:34.748	ma_signal XAUUSDm,H1: Alert: 1709.4898999999991712.8264999999971722.6584400000021739.13545
0	11:34:34.750	ma_signal XAUUSDm,H1: Alert: 1710.8986999999991713.8229499999971723.3193000000021739.37993
0	11:34:34.752	ma_signal XAUUSDm,H1: Alert: 1712.6995999999991714.8882999999981723.9990400000021739.63315
0	11:34:36.119	ma_signal XAUUSDm,H1: Alert: 1708.34171711.9491721.961281738.90241
0	11:34:36.119	ma_signal XAUUSDm,H1: Alert: 1709.4898999999991712.8264999999971722.6584400000021739.13545
0	11:34:36.121	ma_signal XAUUSDm,H1: Alert: 1710.8986999999991713.8229499999971723.3193000000021739.37993
0	11:34:36.122	ma_signal XAUUSDm,H1: Alert: 1712.6995999999991714.8882999999981723.9990400000021739.63315
0	11:34:37.121	ma_signal XAUUSDm,H1: Alert: 1708.34171711.9491721.961281738.90241
0	11:34:37.121	ma_signal XAUUSDm,H1: Alert: 1709.4898999999991712.8264999999971722.6584400000021739.13545
0	11:34:37.121	ma_signal XAUUSDm,H1: Alert: 1710.8986999999991713.8229499999971723.3193000000021739.37993
0	11:34:37.124	ma_signal XAUUSDm,H1: Alert: 1712.6995999999991714.8882999999981723.9990400000021739.63315
0	11:34:38.841	ma_signal XAUUSDm,H1: Alert: 1708.34171711.9491721.961281738.90241
0	11:34:38.841	ma_signal XAUUSDm,H1: Alert: 1709.4898999999991712.8264999999971722.6584400000021739.13545
0	11:34:38.842	ma_signal XAUUSDm,H1: Alert: 1710.8986999999991713.8229499999971723.3193000000021739.37993
0	11:34:38.842	ma_signal XAUUSDm,H1: Alert: 1712.6995999999991714.8882999999981723.9990400000021739.63315
0	11:34:40.073	ma_signal XAUUSDm,H1: Alert: 1708.34171711.9491721.961281738.90241
0	11:34:40.073	ma_signal XAUUSDm,H1: Alert: 1709.4898999999991712.8264999999971722.6584400000021739.13545
0	11:34:40.073	ma_signal XAUUSDm,H1: Alert: 1710.8986999999991713.8229499999971723.3193000000021739.37993
0	11:34:40.073	ma_signal XAUUSDm,H1: Alert: 1712.6995999999991714.8882999999981723.9990400000021739.63315
0	11:34:43.018	ma_signal XAUUSDm,H1: Alert: 1708.34171711.9491721.961281738.90241
0	11:34:43.018	ma_signal XAUUSDm,H1: Alert: 1709.4898999999991712.8264999999971722.6584400000021739.13545
0	11:34:43.018	ma_signal XAUUSDm,H1: Alert: 1710.8986999999991713.8229499999971723.3193000000021739.37993
0	11:34:43.018	ma_signal XAUUSDm,H1: Alert: 1712.6995999999991714.8882999999981723.9990400000021739.63315
0	11:34:43.983	ma_signal XAUUSDm,H1: Alert: 1708.34171711.9491721.961281738.90241
0	11:34:43.983	ma_signal XAUUSDm,H1: Alert: 1709.4898999999991712.8264999999971722.6584400000021739.13545
0	11:34:43.983	ma_signal XAUUSDm,H1: Alert: 1710.8986999999991713.8229499999971723.3193000000021739.37993
0	11:34:43.983	ma_signal XAUUSDm,H1: Alert: 1712.6995999999991714.8882999999981723.9990400000021739.63315
0	11:34:45.026	ma_signal XAUUSDm,H1: Alert: 1708.34171711.9491721.961281738.90241
0	11:34:45.027	ma_signal XAUUSDm,H1: Alert: 1709.4898999999991712.8264999999971722.6584400000021739.13545
0	11:34:45.027	ma_signal XAUUSDm,H1: Alert: 1710.8986999999991713.8229499999971723.3193000000021739.37993
0	11:34:45.027	ma_signal XAUUSDm,H1: Alert: 1712.6995999999991714.8882999999981723.9990400000021739.63315
0	11:34:46.787	ma_signal XAUUSDm,H1: Alert: 1708.34171711.9491721.961281738.90241
0	11:34:46.787	ma_signal XAUUSDm,H1: Alert: 1709.4898999999991712.8264999999971722.6584400000021739.13545
0	11:34:46.787	ma_signal XAUUSDm,H1: Alert: 1710.8986999999991713.8229499999971723.3193000000021739.37993
0	11:34:46.787	ma_signal XAUUSDm,H1: Alert: 1712.6995999999991714.8882999999981723.9990400000021739.63315
0	11:34:48.825	ma_signal XAUUSDm,H1: Alert: 1708.34171711.9491721.961281738.90241
0	11:34:48.825	ma_signal XAUUSDm,H1: Alert: 1709.4898999999991712.8264999999971722.6584400000021739.13545
0	11:34:48.825	ma_signal XAUUSDm,H1: Alert: 1710.8986999999991713.8229499999971723.3193000000021739.37993
0	11:34:48.825	ma_signal XAUUSDm,H1: Alert: 1712.6995999999991714.8882999999981723.9990400000021739.63315
0	11:34:52.572	ma_signal XAUUSDm,H1: Alert: 1708.34171711.9491721.961281738.90241
0	11:34:52.572	ma_signal XAUUSDm,H1: Alert: 1709.4898999999991712.8264999999971722.6584400000021739.13545
0	11:34:52.572	ma_signal XAUUSDm,H1: Alert: 1710.8986999999991713.8229499999971723.3193000000021739.37993
0	11:34:52.572	ma_signal XAUUSDm,H1: Alert: 1712.6995999999991714.8882999999981723.9990400000021739.63315
0	11:34:53.948	ma_signal XAUUSDm,H1: Alert: 1708.34171711.9491721.961281738.90241
0	11:34:53.948	ma_signal XAUUSDm,H1: Alert: 1709.4898999999991712.8264999999971722.6584400000021739.13545
0	11:34:53.948	ma_signal XAUUSDm,H1: Alert: 1710.8986999999991713.8229499999971723.3193000000021739.37993
0	11:34:53.948	ma_signal XAUUSDm,H1: Alert: 1712.6995999999991714.8882999999981723.9990400000021739.63315
0	11:34:57.845	ma_signal XAUUSDm,H1: Alert: 1708.34171711.9491721.961281738.90241
0	11:34:57.845	ma_signal XAUUSDm,H1: Alert: 1709.4898999999991712.8264999999971722.6584400000021739.13545
0	11:34:57.845	ma_signal XAUUSDm,H1: Alert: 1710.8986999999991713.8229499999971723.3193000000021739.37993
0	11:34:57.845	ma_signal XAUUSDm,H1: Alert: 1712.6995999999991714.8882999999981723.9990400000021739.63315
0	11:34:59.649	ma_signal XAUUSDm,H1: Alert: 1708.34171711.9491721.961281738.90241
0	11:34:59.650	ma_signal XAUUSDm,H1: Alert: 1709.4898999999991712.8264999999971722.6584400000021739.13545
0	11:34:59.650	ma_signal XAUUSDm,H1: Alert: 1710.8986999999991713.8229499999971723.3193000000021739.37993
0	11:34:59.650	ma_signal XAUUSDm,H1: Alert: 1712.6995999999991714.8882999999981723.9990400000021739.63315
0	11:35:00.847	ma_signal XAUUSDm,H1: Alert: 1708.34171711.9491721.961281738.90241
0	11:35:00.847	ma_signal XAUUSDm,H1: Alert: 1709.4898999999991712.8264999999971722.6584400000021739.13545
0	11:35:00.847	ma_signal XAUUSDm,H1: Alert: 1710.8986999999991713.8229499999971723.3193000000021739.37993
0	11:35:00.847	ma_signal XAUUSDm,H1: Alert: 1712.6995999999991714.8882999999981723.9990400000021739.63315
0	11:35:02.974	ma_signal XAUUSDm,H1: Alert: 1708.34171711.9491721.961281738.90241
0	11:35:02.974	ma_signal XAUUSDm,H1: Alert: 1709.4898999999991712.8264999999971722.6584400000021739.13545
0	11:35:02.974	ma_signal XAUUSDm,H1: Alert: 1710.8986999999991713.8229499999971723.3193000000021739.37993
0	11:35:02.974	ma_signal XAUUSDm,H1: Alert: 1712.6995999999991714.8882999999981723.9990400000021739.63315
0	11:35:04.148	ma_signal XAUUSDm,H1: Alert: 1708.34171711.9491721.961281738.90241
0	11:35:04.148	ma_signal XAUUSDm,H1: Alert: 1709.4898999999991712.8264999999971722.6584400000021739.13545
0	11:35:04.148	ma_signal XAUUSDm,H1: Alert: 1710.8986999999991713.8229499999971723.3193000000021739.37993
0	11:35:04.148	ma_signal XAUUSDm,H1: Alert: 1712.6995999999991714.8882999999981723.9990400000021739.63315
0	11:35:06.413	ma_signal XAUUSDm,H1: Alert: 1708.34171711.9491721.961281738.90241
0	11:35:06.413	ma_signal XAUUSDm,H1: Alert: 1709.4898999999991712.8264999999971722.6584400000021739.13545
0	11:35:06.413	ma_signal XAUUSDm,H1: Alert: 1710.8986999999991713.8229499999971723.3193000000021739.37993
0	11:35:06.413	ma_signal XAUUSDm,H1: Alert: 1712.6995999999991714.8882999999981723.9990400000021739.63315
0	11:35:07.427	ma_signal XAUUSDm,H1: Alert: 1708.34171711.9491721.961281738.90241
0	11:35:07.427	ma_signal XAUUSDm,H1: Alert: 1709.4898999999991712.8264999999971722.6584400000021739.13545
0	11:35:07.427	ma_signal XAUUSDm,H1: Alert: 1710.8986999999991713.8229499999971723.3193000000021739.37993
0	11:35:07.427	ma_signal XAUUSDm,H1: Alert: 1712.6995999999991714.8882999999981723.9990400000021739.63315
0	11:35:08.709	ma_signal XAUUSDm,H1: Alert: 1708.34171711.9491721.961281738.90241
0	11:35:08.709	ma_signal XAUUSDm,H1: Alert: 1709.4898999999991712.8264999999971722.6584400000021739.13545
0	11:35:08.709	ma_signal XAUUSDm,H1: Alert: 1710.8986999999991713.8229499999971723.3193000000021739.37993
0	11:35:08.709	ma_signal XAUUSDm,H1: Alert: 1712.6995999999991714.8882999999981723.9990400000021739.63315
0	11:35:09.001	ma_signal XAUUSDm,H1: Alert: 1708.34171711.9491721.961281738.90241
0	11:35:09.001	ma_signal XAUUSDm,H1: Alert: 1709.4898999999991712.8264999999971722.6584400000021739.13545
0	11:35:09.001	ma_signal XAUUSDm,H1: Alert: 1710.8986999999991713.8229499999971723.3193000000021739.37993
0	11:35:09.001	ma_signal XAUUSDm,H1: Alert: 1712.6995999999991714.8882999999981723.9990400000021739.63315
0	11:35:10.095	ma_signal XAUUSDm,H1: Alert: 1708.34171711.9491721.961281738.90241
0	11:35:10.095	ma_signal XAUUSDm,H1: Alert: 1709.4898999999991712.8264999999971722.6584400000021739.13545
0	11:35:10.095	ma_signal XAUUSDm,H1: Alert: 1710.8986999999991713.8229499999971723.3193000000021739.37993
0	11:35:10.095	ma_signal XAUUSDm,H1: Alert: 1712.6995999999991714.8882999999981723.9990400000021739.63315
0	11:35:10.165	Automated trading disabled
0	11:35:11.165	ma_signal XAUUSDm,H1: Alert: 1708.34171711.9491721.961281738.90241
0	11:35:11.165	ma_signal XAUUSDm,H1: Alert: 1709.4898999999991712.8264999999971722.6584400000021739.13545
0	11:35:11.165	ma_signal XAUUSDm,H1: Alert: 1710.8986999999991713.8229499999971723.3193000000021739.37993
0	11:35:11.166	ma_signal XAUUSDm,H1: Alert: 1712.6995999999991714.8882999999981723.9990400000021739.63315
0	11:35:11.975	Automated trading enabled
0	11:35:14.515	ma_signal XAUUSDm,H1: Alert: 1708.34171711.9491721.961281738.90241
0	11:35:14.516	ma_signal XAUUSDm,H1: Alert: 1709.4898999999991712.8264999999971722.6584400000021739.13545
0	11:35:14.516	ma_signal XAUUSDm,H1: Alert: 1710.8986999999991713.8229499999971723.3193000000021739.37993
0	11:35:14.516	ma_signal XAUUSDm,H1: Alert: 1712.6995999999991714.8882999999981723.9990400000021739.63315
0	11:35:19.667	ma_signal XAUUSDm,H1: Alert: 1708.34171711.9491721.961281738.90241
0	11:35:19.667	ma_signal XAUUSDm,H1: Alert: 1709.4898999999991712.8264999999971722.6584400000021739.13545
0	11:35:19.668	ma_signal XAUUSDm,H1: Alert: 1710.8986999999991713.8229499999971723.3193000000021739.37993
0	11:35:19.668	ma_signal XAUUSDm,H1: Alert: 1712.6995999999991714.8882999999981723.9990400000021739.63315
0	11:35:21.739	ma_signal XAUUSDm,H1: Alert: 1708.34171711.9491721.961281738.90241
0	11:35:21.739	ma_signal XAUUSDm,H1: Alert: 1709.4898999999991712.8264999999971722.6584400000021739.13545
0	11:35:21.739	ma_signal XAUUSDm,H1: Alert: 1710.8986999999991713.8229499999971723.3193000000021739.37993
0	11:35:21.739	ma_signal XAUUSDm,H1: Alert: 1712.6995999999991714.8882999999981723.9990400000021739.63315
0	11:35:24.672	ma_signal XAUUSDm,H1: Alert: 1708.34171711.9491721.961281738.90241
0	11:35:24.672	ma_signal XAUUSDm,H1: Alert: 1709.4898999999991712.8264999999971722.6584400000021739.13545
0	11:35:24.672	ma_signal XAUUSDm,H1: Alert: 1710.8986999999991713.8229499999971723.3193000000021739.37993
0	11:35:24.673	ma_signal XAUUSDm,H1: Alert: 1712.6995999999991714.8882999999981723.9990400000021739.63315
0	11:35:25.999	ma_signal XAUUSDm,H1: Alert: 1708.34171711.9491721.961281738.90241
0	11:35:25.999	ma_signal XAUUSDm,H1: Alert: 1709.4898999999991712.8264999999971722.6584400000021739.13545
0	11:35:25.999	ma_signal XAUUSDm,H1: Alert: 1710.8986999999991713.8229499999971723.3193000000021739.37993
0	11:35:25.999	ma_signal XAUUSDm,H1: Alert: 1712.6995999999991714.8882999999981723.9990400000021739.63315
0	11:35:26.987	ma_signal XAUUSDm,H1: Alert: 1708.34171711.9491721.961281738.90241
0	11:35:26.987	ma_signal XAUUSDm,H1: Alert: 1709.4898999999991712.8264999999971722.6584400000021739.13545
0	11:35:26.987	ma_signal XAUUSDm,H1: Alert: 1710.8986999999991713.8229499999971723.3193000000021739.37993
0	11:35:26.987	ma_signal XAUUSDm,H1: Alert: 1712.6995999999991714.8882999999981723.9990400000021739.63315
0	11:35:28.434	ma_signal XAUUSDm,H1: Alert: 1708.34171711.9491721.961281738.90241
0	11:35:28.434	ma_signal XAUUSDm,H1: Alert: 1709.4898999999991712.8264999999971722.6584400000021739.13545
0	11:35:28.434	ma_signal XAUUSDm,H1: Alert: 1710.8986999999991713.8229499999971723.3193000000021739.37993
0	11:35:28.434	ma_signal XAUUSDm,H1: Alert: 1712.6995999999991714.8882999999981723.9990400000021739.63315
0	11:35:29.692	ma_signal XAUUSDm,H1: Alert: 1708.34171711.9491721.961281738.90241
0	11:35:29.692	ma_signal XAUUSDm,H1: Alert: 1709.4898999999991712.8264999999971722.6584400000021739.13545
0	11:35:29.692	ma_signal XAUUSDm,H1: Alert: 1710.8986999999991713.8229499999971723.3193000000021739.37993
0	11:35:29.692	ma_signal XAUUSDm,H1: Alert: 1712.6995999999991714.8882999999981723.9990400000021739.63315
0	11:35:30.872	ma_signal XAUUSDm,H1: Alert: 1708.34171711.9491721.961281738.90241
0	11:35:30.872	ma_signal XAUUSDm,H1: Alert: 1709.4898999999991712.8264999999971722.6584400000021739.13545
0	11:35:30.872	ma_signal XAUUSDm,H1: Alert: 1710.8986999999991713.8229499999971723.3193000000021739.37993
0	11:35:30.872	ma_signal XAUUSDm,H1: Alert: 1712.6995999999991714.8882999999981723.9990400000021739.63315
0	11:35:31.929	ma_signal XAUUSDm,H1: Alert: 1708.34171711.9491721.961281738.90241
0	11:35:31.929	ma_signal XAUUSDm,H1: Alert: 1709.4898999999991712.8264999999971722.6584400000021739.13545
0	11:35:31.929	ma_signal XAUUSDm,H1: Alert: 1710.8986999999991713.8229499999971723.3193000000021739.37993
0	11:35:31.929	ma_signal XAUUSDm,H1: Alert: 1712.6995999999991714.8882999999981723.9990400000021739.63315
0	11:35:32.993	ma_signal XAUUSDm,H1: Alert: 1708.34171711.9491721.961281738.90241
0	11:35:32.993	ma_signal XAUUSDm,H1: Alert: 1709.4898999999991712.8264999999971722.6584400000021739.13545
0	11:35:32.993	ma_signal XAUUSDm,H1: Alert: 1710.8986999999991713.8229499999971723.3193000000021739.37993
0	11:35:32.994	ma_signal XAUUSDm,H1: Alert: 1712.6995999999991714.8882999999981723.9990400000021739.63315
0	11:35:33.958	ma_signal XAUUSDm,H1: Alert: 1708.34171711.9491721.961281738.90241
0	11:35:33.958	ma_signal XAUUSDm,H1: Alert: 1709.4898999999991712.8264999999971722.6584400000021739.13545
0	11:35:33.958	ma_signal XAUUSDm,H1: Alert: 1710.8986999999991713.8229499999971723.3193000000021739.37993
0	11:35:33.959	ma_signal XAUUSDm,H1: Alert: 1712.6995999999991714.8882999999981723.9990400000021739.63315
0	11:35:34.458	ma_signal XAUUSDm,H1: Alert: 1708.34171711.9491721.961281738.90241
0	11:35:34.458	ma_signal XAUUSDm,H1: Alert: 1709.4898999999991712.8264999999971722.6584400000021739.13545
0	11:35:34.458	ma_signal XAUUSDm,H1: Alert: 1710.8986999999991713.8229499999971723.3193000000021739.37993
0	11:35:34.458	ma_signal XAUUSDm,H1: Alert: 1712.6995999999991714.8882999999981723.9990400000021739.63315
0	11:35:34.752	ma_signal XAUUSDm,H1: Alert: 1708.34171711.9491721.961281738.90241
0	11:35:34.752	ma_signal XAUUSDm,H1: Alert: 1709.4898999999991712.8264999999971722.6584400000021739.13545
0	11:35:34.752	ma_signal XAUUSDm,H1: Alert: 1710.8986999999991713.8229499999971723.3193000000021739.37993
0	11:35:34.752	ma_signal XAUUSDm,H1: Alert: 1712.6995999999991714.8882999999981723.9990400000021739.63315
0	11:35:35.080	ma_signal XAUUSDm,H1: Alert: 1708.34171711.9491721.961281738.90241
0	11:35:35.080	ma_signal XAUUSDm,H1: Alert: 1709.4898999999991712.8264999999971722.6584400000021739.13545
0	11:35:35.080	ma_signal XAUUSDm,H1: Alert: 1710.8986999999991713.8229499999971723.3193000000021739.37993
0	11:35:35.080	ma_signal XAUUSDm,H1: Alert: 1712.6995999999991714.8882999999981723.9990400000021739.63315
0	11:35:36.246	ma_signal XAUUSDm,H1: Alert: 1708.34171711.9491721.961281738.90241
0	11:35:36.247	ma_signal XAUUSDm,H1: Alert: 1709.4898999999991712.8264999999971722.6584400000021739.13545
0	11:35:36.247	ma_signal XAUUSDm,H1: Alert: 1710.8986999999991713.8229499999971723.3193000000021739.37993
0	11:35:36.247	ma_signal XAUUSDm,H1: Alert: 1712.6995999999991714.8882999999981723.9990400000021739.63315
0	11:35:38.098	ma_signal XAUUSDm,H1: Alert: 1708.34171711.9491721.961281738.90241
0	11:35:38.098	ma_signal XAUUSDm,H1: Alert: 1709.4898999999991712.8264999999971722.6584400000021739.13545
0	11:35:38.098	ma_signal XAUUSDm,H1: Alert: 1710.8986999999991713.8229499999971723.3193000000021739.37993
0	11:35:38.098	ma_signal XAUUSDm,H1: Alert: 1712.6995999999991714.8882999999981723.9990400000021739.63315
0	11:35:39.174	ma_signal XAUUSDm,H1: Alert: 1708.34171711.9491721.961281738.90241
0	11:35:39.174	ma_signal XAUUSDm,H1: Alert: 1709.4898999999991712.8264999999971722.6584400000021739.13545
0	11:35:39.174	ma_signal XAUUSDm,H1: Alert: 1710.8986999999991713.8229499999971723.3193000000021739.37993
0	11:35:39.174	ma_signal XAUUSDm,H1: Alert: 1712.6995999999991714.8882999999981723.9990400000021739.63315
0	11:35:41.178	ma_signal XAUUSDm,H1: Alert: 1708.34171711.9491721.961281738.90241
0	11:35:41.178	ma_signal XAUUSDm,H1: Alert: 1709.4898999999991712.8264999999971722.6584400000021739.13545
0	11:35:41.178	ma_signal XAUUSDm,H1: Alert: 1710.8986999999991713.8229499999971723.3193000000021739.37993
0	11:35:41.178	ma_signal XAUUSDm,H1: Alert: 1712.6995999999991714.8882999999981723.9990400000021739.63315
0	11:35:45.781	ma_signal XAUUSDm,H1: Alert: 1708.34171711.9491721.961281738.90241
0	11:35:45.781	ma_signal XAUUSDm,H1: Alert: 1709.4898999999991712.8264999999971722.6584400000021739.13545
0	11:35:45.781	ma_signal XAUUSDm,H1: Alert: 1710.8986999999991713.8229499999971723.3193000000021739.37993
0	11:35:45.781	ma_signal XAUUSDm,H1: Alert: 1712.6995999999991714.8882999999981723.9990400000021739.63315
0	11:35:47.164	ma_signal XAUUSDm,H1: Alert: 1708.34171711.9491721.961281738.90241
0	11:35:47.164	ma_signal XAUUSDm,H1: Alert: 1709.4898999999991712.8264999999971722.6584400000021739.13545
0	11:35:47.164	ma_signal XAUUSDm,H1: Alert: 1710.8986999999991713.8229499999971723.3193000000021739.37993
0	11:35:47.164	ma_signal XAUUSDm,H1: Alert: 1712.6995999999991714.8882999999981723.9990400000021739.63315
0	11:35:48.329	ma_signal XAUUSDm,H1: Alert: 1708.34171711.9491721.961281738.90241
0	11:35:48.329	ma_signal XAUUSDm,H1: Alert: 1709.4898999999991712.8264999999971722.6584400000021739.13545
0	11:35:48.329	ma_signal XAUUSDm,H1: Alert: 1710.8986999999991713.8229499999971723.3193000000021739.37993
0	11:35:48.330	ma_signal XAUUSDm,H1: Alert: 1712.6995999999991714.8882999999981723.9990400000021739.63315
0	11:35:50.724	ma_signal XAUUSDm,H1: Alert: 1708.34171711.9491721.961281738.90241
0	11:35:50.724	ma_signal XAUUSDm,H1: Alert: 1709.4898999999991712.8264999999971722.6584400000021739.13545
0	11:35:50.724	ma_signal XAUUSDm,H1: Alert: 1710.8986999999991713.8229499999971723.3193000000021739.37993
0	11:35:50.725	ma_signal XAUUSDm,H1: Alert: 1712.6995999999991714.8882999999981723.9990400000021739.63315
0	11:35:51.205	ma_signal XAUUSDm,H1: Alert: 1708.34171711.9491721.961281738.90241
0	11:35:51.205	ma_signal XAUUSDm,H1: Alert: 1709.4898999999991712.8264999999971722.6584400000021739.13545
0	11:35:51.205	ma_signal XAUUSDm,H1: Alert: 1710.8986999999991713.8229499999971723.3193000000021739.37993
0	11:35:51.205	ma_signal XAUUSDm,H1: Alert: 1712.6995999999991714.8882999999981723.9990400000021739.63315
0	11:35:53.633	ma_signal XAUUSDm,H1: Alert: 1708.34171711.9491721.961281738.90241
0	11:35:53.633	ma_signal XAUUSDm,H1: Alert: 1709.4898999999991712.8264999999971722.6584400000021739.13545
0	11:35:53.633	ma_signal XAUUSDm,H1: Alert: 1710.8986999999991713.8229499999971723.3193000000021739.37993
0	11:35:53.633	ma_signal XAUUSDm,H1: Alert: 1712.6995999999991714.8882999999981723.9990400000021739.63315
0	11:35:56.668	ma_signal XAUUSDm,H1: Alert: 1708.34171711.9491721.961281738.90241
0	11:35:56.668	ma_signal XAUUSDm,H1: Alert: 1709.4898999999991712.8264999999971722.6584400000021739.13545
0	11:35:56.668	ma_signal XAUUSDm,H1: Alert: 1710.8986999999991713.8229499999971723.3193000000021739.37993
0	11:35:56.668	ma_signal XAUUSDm,H1: Alert: 1712.6995999999991714.8882999999981723.9990400000021739.63315
0	11:35:56.914	ma_signal XAUUSDm,H1: Alert: 1708.34171711.9491721.961281738.90241
0	11:35:56.914	ma_signal XAUUSDm,H1: Alert: 1709.4898999999991712.8264999999971722.6584400000021739.13545
0	11:35:56.914	ma_signal XAUUSDm,H1: Alert: 1710.8986999999991713.8229499999971723.3193000000021739.37993
0	11:35:56.921	ma_signal XAUUSDm,H1: Alert: 1712.6995999999991714.8882999999981723.9990400000021739.63315
0	11:35:57.614	ma_signal XAUUSDm,H1: Alert: 1708.34171711.9491721.961281738.90241
0	11:35:57.614	ma_signal XAUUSDm,H1: Alert: 1709.4898999999991712.8264999999971722.6584400000021739.13545
0	11:35:57.615	ma_signal XAUUSDm,H1: Alert: 1710.8986999999991713.8229499999971723.3193000000021739.37993
0	11:35:57.615	ma_signal XAUUSDm,H1: Alert: 1712.6995999999991714.8882999999981723.9990400000021739.63315
0	11:35:58.031	ma_signal XAUUSDm,H1: Alert: 1708.34171711.9491721.961281738.90241
0	11:35:58.032	ma_signal XAUUSDm,H1: Alert: 1709.4898999999991712.8264999999971722.6584400000021739.13545
0	11:35:58.032	ma_signal XAUUSDm,H1: Alert: 1710.8986999999991713.8229499999971723.3193000000021739.37993
0	11:35:58.032	ma_signal XAUUSDm,H1: Alert: 1712.6995999999991714.8882999999981723.9990400000021739.63315
0	11:35:59.962	ma_signal XAUUSDm,H1: Alert: 1708.34171711.9491721.961281738.90241
0	11:35:59.962	ma_signal XAUUSDm,H1: Alert: 1709.4898999999991712.8264999999971722.6584400000021739.13545
0	11:35:59.962	ma_signal XAUUSDm,H1: Alert: 1710.8986999999991713.8229499999971723.3193000000021739.37993
0	11:35:59.962	ma_signal XAUUSDm,H1: Alert: 1712.6995999999991714.8882999999981723.9990400000021739.63315
0	11:36:00.694	ma_signal XAUUSDm,H1: Alert: 1708.34171711.9491721.961281738.90241
0	11:36:00.694	ma_signal XAUUSDm,H1: Alert: 1709.4898999999991712.8264999999971722.6584400000021739.13545
0	11:36:00.694	ma_signal XAUUSDm,H1: Alert: 1710.8986999999991713.8229499999971723.3193000000021739.37993
0	11:36:00.694	ma_signal XAUUSDm,H1: Alert: 1712.6995999999991714.8882999999981723.9990400000021739.63315
0	11:36:01.956	ma_signal XAUUSDm,H1: Alert: 1708.34171711.9491721.961281738.90241
0	11:36:01.956	ma_signal XAUUSDm,H1: Alert: 1709.4898999999991712.8264999999971722.6584400000021739.13545
0	11:36:01.956	ma_signal XAUUSDm,H1: Alert: 1710.8986999999991713.8229499999971723.3193000000021739.37993
0	11:36:01.956	ma_signal XAUUSDm,H1: Alert: 1712.6995999999991714.8882999999981723.9990400000021739.63315
0	11:36:04.317	ma_signal XAUUSDm,H1: Alert: 1708.34171711.9491721.961281738.90241
0	11:36:04.317	ma_signal XAUUSDm,H1: Alert: 1709.4898999999991712.8264999999971722.6584400000021739.13545
0	11:36:04.317	ma_signal XAUUSDm,H1: Alert: 1710.8986999999991713.8229499999971723.3193000000021739.37993
0	11:36:04.317	ma_signal XAUUSDm,H1: Alert: 1712.6995999999991714.8882999999981723.9990400000021739.63315
0	11:36:04.688	ma_signal XAUUSDm,H1: Alert: 1708.34171711.9491721.961281738.90241
0	11:36:04.688	ma_signal XAUUSDm,H1: Alert: 1709.4898999999991712.8264999999971722.6584400000021739.13545
0	11:36:04.688	ma_signal XAUUSDm,H1: Alert: 1710.8986999999991713.8229499999971723.3193000000021739.37993
0	11:36:04.688	ma_signal XAUUSDm,H1: Alert: 1712.6995999999991714.8882999999981723.9990400000021739.63315
0	11:36:06.027	ma_signal XAUUSDm,H1: Alert: 1708.34171711.9491721.961281738.90241
0	11:36:06.027	ma_signal XAUUSDm,H1: Alert: 1709.4898999999991712.8264999999971722.6584400000021739.13545
0	11:36:06.027	ma_signal XAUUSDm,H1: Alert: 1710.8986999999991713.8229499999971723.3193000000021739.37993
0	11:36:06.027	ma_signal XAUUSDm,H1: Alert: 1712.6995999999991714.8882999999981723.9990400000021739.63315
0	11:36:07.189	ma_signal XAUUSDm,H1: Alert: 1708.34171711.9491721.961281738.90241
0	11:36:07.189	ma_signal XAUUSDm,H1: Alert: 1709.4898999999991712.8264999999971722.6584400000021739.13545
0	11:36:07.189	ma_signal XAUUSDm,H1: Alert: 1710.8986999999991713.8229499999971723.3193000000021739.37993
0	11:36:07.189	ma_signal XAUUSDm,H1: Alert: 1712.6995999999991714.8882999999981723.9990400000021739.63315
0	11:36:08.253	ma_signal XAUUSDm,H1: Alert: 1708.34171711.9491721.961281738.90241
0	11:36:08.253	ma_signal XAUUSDm,H1: Alert: 1709.4898999999991712.8264999999971722.6584400000021739.13545
0	11:36:08.253	ma_signal XAUUSDm,H1: Alert: 1710.8986999999991713.8229499999971723.3193000000021739.37993
0	11:36:08.253	ma_signal XAUUSDm,H1: Alert: 1712.6995999999991714.8882999999981723.9990400000021739.63315
0	11:36:11.676	ma_signal XAUUSDm,H1: Alert: 1708.34171711.9491721.961281738.90241
0	11:36:11.676	ma_signal XAUUSDm,H1: Alert: 1709.4898999999991712.8264999999971722.6584400000021739.13545
0	11:36:11.676	ma_signal XAUUSDm,H1: Alert: 1710.8986999999991713.8229499999971723.3193000000021739.37993
0	11:36:11.676	ma_signal XAUUSDm,H1: Alert: 1712.6995999999991714.8882999999981723.9990400000021739.63315
0	11:36:12.845	ma_signal XAUUSDm,H1: Alert: 1708.34171711.9491721.961281738.90241
0	11:36:12.845	ma_signal XAUUSDm,H1: Alert: 1709.4898999999991712.8264999999971722.6584400000021739.13545
0	11:36:12.845	ma_signal XAUUSDm,H1: Alert: 1710.8986999999991713.8229499999971723.3193000000021739.37993
0	11:36:12.845	ma_signal XAUUSDm,H1: Alert: 1712.6995999999991714.8882999999981723.9990400000021739.63315
0	11:36:15.940	ma_signal XAUUSDm,H1: Alert: 1708.34171711.9491721.961281738.90241
0	11:36:15.940	ma_signal XAUUSDm,H1: Alert: 1709.4898999999991712.8264999999971722.6584400000021739.13545
0	11:36:15.940	ma_signal XAUUSDm,H1: Alert: 1710.8986999999991713.8229499999971723.3193000000021739.37993
0	11:36:15.940	ma_signal XAUUSDm,H1: Alert: 1712.6995999999991714.8882999999981723.9990400000021739.63315
0	11:36:18.201	ma_signal XAUUSDm,H1: Alert: 1708.34171711.9491721.961281738.90241
0	11:36:18.201	ma_signal XAUUSDm,H1: Alert: 1709.4898999999991712.8264999999971722.6584400000021739.13545
0	11:36:18.201	ma_signal XAUUSDm,H1: Alert: 1710.8986999999991713.8229499999971723.3193000000021739.37993
0	11:36:18.201	ma_signal XAUUSDm,H1: Alert: 1712.6995999999991714.8882999999981723.9990400000021739.63315
0	11:36:25.087	ma_signal XAUUSDm,H1: Alert: 1708.34171711.9491721.961281738.90241
0	11:36:25.087	ma_signal XAUUSDm,H1: Alert: 1709.4898999999991712.8264999999971722.6584400000021739.13545
0	11:36:25.087	ma_signal XAUUSDm,H1: Alert: 1710.8986999999991713.8229499999971723.3193000000021739.37993
0	11:36:25.087	ma_signal XAUUSDm,H1: Alert: 1712.6995999999991714.8882999999981723.9990400000021739.63315
0	11:36:26.832	ma_signal XAUUSDm,H1: uninit reason 2
0	11:36:26.832	ma_signal XAUUSDm,H1: Alert: Remove strategy
0	11:36:26.834	Expert ma_signal XAUUSDm,H1: removed
0	11:36:26.842	Expert ma_signal XAUUSDm,H1: loaded successfully
0	11:36:26.860	ma_signal XAUUSDm,H1: Alert: Init MA Scaplt strategy
0	11:36:26.860	ma_signal XAUUSDm,H1: initialized
0	11:36:27.886	ma_signal XAUUSDm,H1: uninit reason 2
0	11:36:27.886	ma_signal XAUUSDm,H1: Alert: Remove strategy
0	11:36:27.889	Expert ma_signal XAUUSDm,H1: removed
0	11:36:27.897	Expert ma_signal XAUUSDm,H1: loaded successfully
0	11:36:27.922	ma_signal XAUUSDm,H1: Alert: Init MA Scaplt strategy
0	11:36:27.922	ma_signal XAUUSDm,H1: initialized
0	11:36:27.957	Expert ma_signal XAUUSDm,H1: loaded successfully
0	11:36:29.274	ma_signal XAUUSDm,H1 inputs: riskLevel=0.05; TPPips=100; SLPips=50; stdDev=5; maxPos=1; delayHours=1; magicNumber=7777; TIME_FRAME=60; 
0	11:36:29.290	ma_signal XAUUSDm,H1: Alert: Init MA Scaplt strategy
0	11:36:29.290	ma_signal XAUUSDm,H1: initialized
0	11:36:31.438	ma_signal XAUUSDm,H1: uninit reason 4
0	11:36:31.438	ma_signal XAUUSDm,H1: Alert: Remove strategy
1	11:36:31.449	ma_signal XAUUSDm,H1: Abnormal termination
0	11:36:31.452	Expert ma_signal XAUUSDm,H1: removed
0	11:36:42.115	ma_signal XAUUSDm,H1: uninit reason 2
0	11:36:42.116	ma_signal XAUUSDm,H1: Alert: Remove strategy
0	11:36:42.118	Expert ma_signal XAUUSDm,H1: removed
0	11:36:42.133	Expert ma_signal XAUUSDm,H1: loaded successfully
0	11:36:42.156	ma_signal XAUUSDm,H1: Alert: Init MA Scaplt strategy
0	11:36:42.156	ma_signal XAUUSDm,H1: initialized
0	11:36:42.189	Expert ma_signal XAUUSDm,H1: loaded successfully
0	11:36:43.482	ma_signal XAUUSDm,H1 inputs: riskLevel=0.05; TPPips=100; SLPips=50; stdDev=5; maxPos=1; delayHours=1; magicNumber=7777; TIME_FRAME=60; 
0	11:36:43.498	ma_signal XAUUSDm,H1: Alert: Init MA Scaplt strategy
0	11:36:43.498	ma_signal XAUUSDm,H1: initialized
0	11:37:07.188	ma_signal XAUUSDm,H1: uninit reason 4
0	11:37:07.188	ma_signal XAUUSDm,H1: Alert: Remove strategy
1	11:37:07.196	ma_signal XAUUSDm,H1: Abnormal termination
0	11:37:07.200	Expert ma_signal XAUUSDm,H1: removed
0	11:37:12.083	ma_signal XAUUSDm,H1: uninit reason 2
0	11:37:12.083	ma_signal XAUUSDm,H1: Alert: Remove strategy
0	11:37:12.086	Expert ma_signal XAUUSDm,H1: removed
0	11:37:12.096	Expert ma_signal XAUUSDm,H1: loaded successfully
0	11:37:12.123	ma_signal XAUUSDm,H1: Alert: Init MA Scaplt strategy
0	11:37:12.123	ma_signal XAUUSDm,H1: initialized
0	11:37:12.157	Expert ma_signal XAUUSDm,H1: loaded successfully
0	11:37:13.666	ma_signal XAUUSDm,H1 inputs: riskLevel=0.05; TPPips=100; SLPips=50; stdDev=5; maxPos=1; delayHours=1; magicNumber=7777; TIME_FRAME=60; 
0	11:37:13.681	ma_signal XAUUSDm,H1: Alert: Init MA Scaplt strategy
0	11:37:13.681	ma_signal XAUUSDm,H1: initialized
0	11:37:35.167	ma_signal XAUUSDm,H1: uninit reason 4
0	11:37:35.167	ma_signal XAUUSDm,H1: Alert: Remove strategy
1	11:37:35.175	ma_signal XAUUSDm,H1: Abnormal termination
0	11:37:35.179	Expert ma_signal XAUUSDm,H1: removed
0	11:38:46.892	Expert ma_signal XAUUSDm,H1: loaded successfully
0	11:38:48.075	ma_signal XAUUSDm,H1 inputs: riskLevel=0.05; TPPips=100; SLPips=50; stdDev=5; maxPos=1; delayHours=1; magicNumber=7777; TIME_FRAME=60; 
0	11:38:48.096	ma_signal XAUUSDm,H1: Alert: Init MA Scaplt strategy
0	11:38:48.096	ma_signal XAUUSDm,H1: initialized
0	11:38:52.193	ma_signal XAUUSDm,H1 inputs: riskLevel=0.05; TPPips=100; SLPips=50; stdDev=5; maxPos=1; delayHours=1; magicNumber=7777; TIME_FRAME=60; 
0	11:39:19.085	ma_signal XAUUSDm,H1: uninit reason 1
0	11:39:19.085	ma_signal XAUUSDm,H1: Alert: Remove strategy
0	11:39:19.100	Expert ma_signal XAUUSDm,H1: removed
0	11:39:46.469	Automated trading disabled
3	11:39:46.469	Automated trading disabled because the account has been changed
0	12:20:58.745	Script test\test_order XAUUSDm,H1: loaded successfully
0	12:20:58.755	test_order XAUUSDm,H1: initialized
0	12:20:58.755	test_order XAUUSDm,H1: Alert: Total: 2
0	12:20:58.755	test_order XAUUSDm,H1: uninit reason 0
0	12:20:58.775	Script test_order XAUUSDm,H1: removed
0	12:21:44.934	Script test\test_order XAUUSDm,H1: loaded successfully
0	12:21:44.946	test_order XAUUSDm,H1: initialized
0	12:21:44.946	test_order XAUUSDm,H1: Alert: Total: 2
0	12:21:44.946	test_order XAUUSDm,H1: uninit reason 0
0	12:21:44.964	Script test_order XAUUSDm,H1: removed
0	12:22:06.295	Script test\test_order XAUUSDm,H1: loaded successfully
0	12:22:06.305	test_order XAUUSDm,H1: initialized
0	12:22:06.305	test_order XAUUSDm,H1: Alert: Total: 2
0	12:22:06.305	test_order XAUUSDm,H1: uninit reason 0
0	12:22:06.324	Script test_order XAUUSDm,H1: removed
0	12:22:23.735	Script test\test_order XAUUSDm,H1: loaded successfully
0	12:22:23.745	test_order XAUUSDm,H1: initialized
0	12:22:23.751	test_order XAUUSDm,H1: Alert: Total: 2
0	12:22:23.751	test_order XAUUSDm,H1: Alert: 02022.09.01 05:19:54
0	12:22:23.751	test_order XAUUSDm,H1: Alert: 12022.09.01 05:21:20
0	12:22:23.751	test_order XAUUSDm,H1: uninit reason 0
0	12:22:23.767	Script test_order XAUUSDm,H1: removed
0	12:22:39.145	Script test\test_order XAUUSDm,H1: loaded successfully
0	12:22:39.156	test_order XAUUSDm,H1: initialized
0	12:22:39.156	test_order XAUUSDm,H1: Alert: Total: 2
0	12:22:39.156	test_order XAUUSDm,H1: Alert: 0: 2022.09.01 05:19:54
0	12:22:39.156	test_order XAUUSDm,H1: Alert: 1: 2022.09.01 05:21:20
0	12:22:39.156	test_order XAUUSDm,H1: uninit reason 0
0	12:22:39.185	Script test_order XAUUSDm,H1: removed
0	12:24:53.697	Script test\test_order XAUUSDm,H1: loaded successfully
0	12:24:53.708	test_order XAUUSDm,H1: initialized
0	12:24:53.708	test_order XAUUSDm,H1: Alert: Total: 2
0	12:24:53.708	test_order XAUUSDm,H1: Alert: 0: 2022.09.01 05:19:54
0	12:24:53.708	test_order XAUUSDm,H1: Alert: 1: 2022.09.01 05:21:20
0	12:24:53.708	test_order XAUUSDm,H1: Alert: History: 0 - 3
0	12:24:53.708	test_order XAUUSDm,H1: uninit reason 0
0	12:24:53.726	Script test_order XAUUSDm,H1: removed
0	12:25:22.825	Script test\test_order XAUUSDm,H1: loaded successfully
0	12:25:22.836	test_order XAUUSDm,H1: initialized
0	12:25:22.836	test_order XAUUSDm,H1: Alert: Total: 2
0	12:25:22.836	test_order XAUUSDm,H1: Alert: 0: 2022.09.01 05:19:54
0	12:25:22.836	test_order XAUUSDm,H1: Alert: 1: 2022.09.01 05:21:20
0	12:25:22.836	test_order XAUUSDm,H1: Alert: History: 0 - 3
0	12:25:22.836	test_order XAUUSDm,H1: uninit reason 0
0	12:25:22.876	Script test_order XAUUSDm,H1: removed
0	12:26:00.206	Script test\test_order XAUUSDm,H1: loaded successfully
0	12:26:00.215	test_order XAUUSDm,H1: initialized
0	12:26:00.215	test_order XAUUSDm,H1: Alert: Total: 2
0	12:26:00.215	test_order XAUUSDm,H1: Alert: 0: 2022.09.01 05:19:54
0	12:26:00.215	test_order XAUUSDm,H1: Alert: 1: 2022.09.01 05:21:20
0	12:26:00.215	test_order XAUUSDm,H1: Alert: History: 0 - 3
0	12:26:00.215	test_order XAUUSDm,H1: Alert: 0: 2022.09.01 05:12:58
0	12:26:00.215	test_order XAUUSDm,H1: Alert: 1: 2022.09.01 05:19:37
0	12:26:00.215	test_order XAUUSDm,H1: Alert: 2: 2022.09.01 05:13:32
0	12:26:00.215	test_order XAUUSDm,H1: uninit reason 0
0	12:26:00.246	Script test_order XAUUSDm,H1: removed
0	12:26:21.306	Script test\test_order XAUUSDm,H1: loaded successfully
0	12:26:21.325	test_order XAUUSDm,H1: initialized
0	12:26:21.325	test_order XAUUSDm,H1: Alert: History: 0 - 3
0	12:26:21.325	test_order XAUUSDm,H1: Alert: 0: 2022.09.01 05:12:58 - 2022.09.01 05:13:11
0	12:26:21.325	test_order XAUUSDm,H1: Alert: 1: 2022.09.01 05:19:37 - 2022.09.01 05:20:01
0	12:26:21.325	test_order XAUUSDm,H1: Alert: 2: 2022.09.01 05:13:32 - 2022.09.01 05:21:30
0	12:26:21.325	test_order XAUUSDm,H1: uninit reason 0
0	12:26:21.356	Script test_order XAUUSDm,H1: removed
0	12:26:34.188	Script test\test_order XAUUSDm,H1: loaded successfully
0	12:26:34.199	test_order XAUUSDm,H1: initialized
0	12:26:34.199	test_order XAUUSDm,H1: Alert: History: 0 - 3
0	12:26:34.199	test_order XAUUSDm,H1: Alert: 0: 2022.09.01 05:12:58 - 2022.09.01 05:13:11
0	12:26:34.199	test_order XAUUSDm,H1: Alert: 1: 2022.09.01 05:19:37 - 2022.09.01 05:20:01
0	12:26:34.199	test_order XAUUSDm,H1: Alert: 2: 2022.09.01 05:13:32 - 2022.09.01 05:21:30
0	12:26:34.199	test_order XAUUSDm,H1: uninit reason 0
0	12:26:34.215	Script test_order XAUUSDm,H1: removed
0	12:27:48.809	Script test\test_order XAUUSDm,H1: loaded successfully
0	12:27:48.821	test_order XAUUSDm,H1: initialized
0	12:27:48.821	test_order XAUUSDm,H1: Alert: History: 3
0	12:27:48.821	test_order XAUUSDm,H1: Alert: 0: 2022.09.01 05:12:58 - 2022.09.01 05:13:11
0	12:27:48.821	test_order XAUUSDm,H1: Alert: 1: 2022.09.01 05:19:37 - 2022.09.01 05:20:01
0	12:27:48.821	test_order XAUUSDm,H1: Alert: 2: 2022.09.01 05:13:32 - 2022.09.01 05:21:30
0	12:27:48.821	test_order XAUUSDm,H1: uninit reason 0
0	12:27:48.847	Script test_order XAUUSDm,H1: removed
0	12:28:23.113	Script test\test_order XAUUSDm,H1: loaded successfully
0	12:28:23.126	test_order XAUUSDm,H1: initialized
0	12:28:23.126	test_order XAUUSDm,H1: Alert: History: 3
0	12:28:23.126	test_order XAUUSDm,H1: Alert: 0: 2022.09.01 05:12:58 - 1712.046
0	12:28:23.126	test_order XAUUSDm,H1: Alert: 1: 2022.09.01 05:19:37 - 1712.593
0	12:28:23.126	test_order XAUUSDm,H1: Alert: 2: 2022.09.01 05:13:32 - 1703.697
0	12:28:23.126	test_order XAUUSDm,H1: uninit reason 0
0	12:28:23.151	Script test_order XAUUSDm,H1: removed
0	12:30:52.734	ma_signal XAUUSDm,H1: uninit reason 9
0	12:30:52.734	ma_signal XAUUSDm,H1: Alert: Remove strategy
0	12:30:52.769	Expert ma_signal XAUUSDm,H1: removed
0	15:01:25.591	Expert ma_signal XAUUSDm,H1: loaded successfully
0	15:01:25.591	ma_signal XAUUSDm,H1 inputs: riskLevel=0.05; TPPips=100; SLPips=50; stdDev=5; maxPos=1; delayHours=1; magicNumber=7777; TIME_FRAME=60; 
0	15:01:28.431	ma_signal XAUUSDm,H1: Alert: Init MA Scaplt strategy
0	15:01:28.431	ma_signal XAUUSDm,H1: initialized
0	15:01:43.815	ma_signal XAUUSDm,H1: uninit reason 1
0	15:01:43.815	ma_signal XAUUSDm,H1: Alert: Remove strategy
0	15:01:43.831	Expert ma_signal XAUUSDm,H1: removed
0	15:01:57.425	Script test\test_order XAUUSDm,H1: loaded successfully
0	15:01:57.439	test_order XAUUSDm,H1: initialized
0	15:01:57.440	test_order XAUUSDm,H1: Alert: History: 3
0	15:01:57.440	test_order XAUUSDm,H1: Alert: 0: 2022.09.01 05:12:58 - 1712.046
0	15:01:57.440	test_order XAUUSDm,H1: Alert: 1: 2022.09.01 05:13:32 - 1703.697
0	15:01:57.440	test_order XAUUSDm,H1: Alert: 2: 2022.09.01 05:19:37 - 1712.593
0	15:01:57.440	test_order XAUUSDm,H1: uninit reason 0
0	15:01:57.460	Script test_order XAUUSDm,H1: removed
0	15:02:46.490	Script test\test_order XAUUSDm,H1: loaded successfully
0	15:02:46.500	test_order XAUUSDm,H1: initialized
0	15:02:46.500	test_order XAUUSDm,H1: Alert: History: 4
0	15:02:46.500	test_order XAUUSDm,H1: Alert: 0: 2022.09.01 05:12:58 - 1712.046
0	15:02:46.500	test_order XAUUSDm,H1: Alert: 1: 2022.09.01 05:13:32 - 1703.697
0	15:02:46.500	test_order XAUUSDm,H1: Alert: 2: 2022.09.01 05:19:37 - 1712.593
0	15:02:46.500	test_order XAUUSDm,H1: Alert: 3: 2022.09.01 05:21:20 - 1704.095
0	15:02:46.500	test_order XAUUSDm,H1: uninit reason 0
0	15:02:46.521	Script test_order XAUUSDm,H1: removed
0	15:04:18.309	Script test\test_order XAUUSDm,H1: loaded successfully
0	15:04:18.321	test_order XAUUSDm,H1: initialized
0	15:04:18.322	test_order XAUUSDm,H1: Alert: History: 4
0	15:04:18.323	test_order XAUUSDm,H1: Alert: 0 - 1712.046 - 2022.09.01 05:12:58 - 2022.09.01 05:13:11
0	15:04:18.323	test_order XAUUSDm,H1: Alert: 1 - 1703.697 - 2022.09.01 05:13:32 - 2022.09.01 05:21:30
0	15:04:18.324	test_order XAUUSDm,H1: Alert: 2 - 1712.593 - 2022.09.01 05:19:37 - 2022.09.01 05:20:01
0	15:04:18.325	test_order XAUUSDm,H1: Alert: 3 - 1704.095 - 2022.09.01 05:21:20 - 2022.09.01 08:02:45
0	15:04:18.325	test_order XAUUSDm,H1: uninit reason 0
0	15:04:18.341	Script test_order XAUUSDm,H1: removed
0	15:09:22.936	Script test\test_order XAUUSDm,H1: loaded successfully
0	15:09:22.949	test_order XAUUSDm,H1: initialized
0	15:09:22.949	test_order XAUUSDm,H1: Alert: false
0	15:09:22.949	test_order XAUUSDm,H1: uninit reason 0
0	15:09:22.971	Script test_order XAUUSDm,H1: removed
0	15:09:29.766	Script test\test_order XAUUSDm,H1: loaded successfully
0	15:09:29.778	test_order XAUUSDm,H1: initialized
0	15:09:29.779	test_order XAUUSDm,H1: Alert: false
0	15:09:29.779	test_order XAUUSDm,H1: uninit reason 0
0	15:09:29.810	Script test_order XAUUSDm,H1: removed
0	15:10:11.735	Script test\test_order XAUUSDm,H1: loaded successfully
0	15:10:11.746	test_order XAUUSDm,H1: initialized
0	15:10:11.747	test_order XAUUSDm,H1: Alert: 2022.09.01 08:10:15 - 2022.09.01 08:13:35
0	15:10:11.747	test_order XAUUSDm,H1: Alert: false
0	15:10:11.747	test_order XAUUSDm,H1: uninit reason 0
0	15:10:11.762	Script test_order XAUUSDm,H1: removed
0	15:11:42.903	Script test\test_order XAUUSDm,H1: loaded successfully
0	15:11:42.916	test_order XAUUSDm,H1: initialized
0	15:11:42.916	test_order XAUUSDm,H1: Alert: 2022.09.01 08:11:46 - 2022.09.01 08:15:06
0	15:11:42.916	test_order XAUUSDm,H1: Alert: true
0	15:11:42.916	test_order XAUUSDm,H1: uninit reason 0
0	15:11:42.941	Script test_order XAUUSDm,H1: removed
0	15:11:48.484	Script test\test_order XAUUSDm,H1: loaded successfully
0	15:11:48.497	test_order XAUUSDm,H1: initialized
0	15:11:48.497	test_order XAUUSDm,H1: Alert: 2022.09.01 08:11:52 - 2022.09.01 08:13:32
0	15:11:48.497	test_order XAUUSDm,H1: Alert: true
0	15:11:48.497	test_order XAUUSDm,H1: uninit reason 0
0	15:11:48.529	Script test_order XAUUSDm,H1: removed
0	15:11:52.088	Script test\test_order XAUUSDm,H1: loaded successfully
0	15:11:52.101	test_order XAUUSDm,H1: initialized
0	15:11:52.101	test_order XAUUSDm,H1: Alert: 2022.09.01 08:11:55 - 2022.09.01 08:13:35
0	15:11:52.101	test_order XAUUSDm,H1: Alert: true
0	15:11:52.101	test_order XAUUSDm,H1: uninit reason 0
0	15:11:52.117	Script test_order XAUUSDm,H1: removed
0	15:14:13.410	Script test\test_order XAUUSDm,H1: loaded successfully
0	15:14:13.425	test_order XAUUSDm,H1: initialized
0	15:14:13.426	test_order XAUUSDm,H1: Alert: 2022.09.01 08:14:16 - 2022.09.01 08:15:56
0	15:14:13.426	test_order XAUUSDm,H1: Alert: true
0	15:14:13.426	test_order XAUUSDm,H1: uninit reason 0
0	15:14:13.446	Script test_order XAUUSDm,H1: removed
0	15:15:08.425	Script test\test_order XAUUSDm,H1: loaded successfully
0	15:15:08.431	test_order XAUUSDm,H1: initialized
0	15:15:08.431	test_order XAUUSDm,H1: Alert: 2022.09.01 08:15:12 - 2022.09.01 08:16:52
0	15:15:08.431	test_order XAUUSDm,H1: Alert: Cur: 2022.09.01 08:15:12 - Bound: 2022.09.01 08:16:52
0	15:15:08.431	test_order XAUUSDm,H1: Alert: true
0	15:15:08.431	test_order XAUUSDm,H1: uninit reason 0
0	15:15:08.471	Script test_order XAUUSDm,H1: removed
0	15:16:07.680	Script test\test_order XAUUSDm,H1: loaded successfully
0	15:16:07.691	test_order XAUUSDm,H1: initialized
0	15:16:07.691	test_order XAUUSDm,H1: Alert: 2022.09.01 08:16:11 - 2022.09.01 08:17:51
0	15:16:07.691	test_order XAUUSDm,H1: Alert: Cur: 2022.09.01 08:16:11 - Limit: 2022.09.01 08:17:51
0	15:16:07.691	test_order XAUUSDm,H1: Alert: true
0	15:16:07.691	test_order XAUUSDm,H1: uninit reason 0
0	15:16:07.712	Script test_order XAUUSDm,H1: removed
0	15:19:00.321	Script test\test_order XAUUSDm,H1: loaded successfully
0	15:19:00.335	test_order XAUUSDm,H1: initialized
0	15:19:00.335	test_order XAUUSDm,H1: Alert: Cur: 2022.09.01 08:19:04 - openTime: 2022.09.01 05:19:54
0	15:19:00.335	test_order XAUUSDm,H1: Alert: 2022.09.01 08:19:04 - 2022.09.01 08:20:44
0	15:19:00.335	test_order XAUUSDm,H1: Alert: Cur: 2022.09.01 08:19:04 - Limit: 2022.09.01 08:20:44
0	15:19:00.335	test_order XAUUSDm,H1: Alert: true
0	15:19:00.335	test_order XAUUSDm,H1: uninit reason 0
0	15:19:00.351	Script test_order XAUUSDm,H1: removed
0	15:19:20.182	Script test\test_order XAUUSDm,H1: loaded successfully
0	15:19:20.191	test_order XAUUSDm,H1: initialized
0	15:19:20.191	test_order XAUUSDm,H1: Alert: Cur: 2022.09.01 08:19:24 - openTime: 2022.09.01 05:19:54
0	15:19:20.191	test_order XAUUSDm,H1: Alert: false
0	15:19:20.191	test_order XAUUSDm,H1: uninit reason 0
0	15:19:20.210	Script test_order XAUUSDm,H1: removed
0	15:20:08.160	Script test\test_order XAUUSDm,H1: loaded successfully
0	15:20:08.170	test_order XAUUSDm,H1: initialized
0	15:20:08.170	test_order XAUUSDm,H1: Alert: Cur: 2022.09.01 08:20:11 - openTime: 2022.09.01 05:19:54
0	15:20:08.170	test_order XAUUSDm,H1: Alert: Cur: 2022.09.01 08:20:11 - Limit: 2022.09.01 08:21:51
0	15:20:08.170	test_order XAUUSDm,H1: Alert: true
0	15:20:08.170	test_order XAUUSDm,H1: uninit reason 0
0	15:20:08.190	Script test_order XAUUSDm,H1: removed
0	15:20:37.916	Script test\test_order XAUUSDm,H1: loaded successfully
0	15:20:37.921	test_order XAUUSDm,H1: initialized
0	15:20:37.921	test_order XAUUSDm,H1: Alert: Cur: 2022.09.01 08:20:41 - openTime: 2022.09.01 05:19:54
0	15:20:37.921	test_order XAUUSDm,H1: Alert: false
0	15:20:37.921	test_order XAUUSDm,H1: uninit reason 0
0	15:20:37.940	Script test_order XAUUSDm,H1: removed
0	15:23:36.251	Compiling 'test\test_order'
0	15:23:39.102	Script test\test_indicator XAUUSDm,H1: loaded successfully
0	15:23:39.112	test_indicator XAUUSDm,H1: initialized
0	15:23:39.112	test_indicator XAUUSDm,H1: Alert: 1733.634599999994
0	15:23:39.112	test_indicator XAUUSDm,H1: Alert: =============
0	15:23:39.112	test_indicator XAUUSDm,H1: uninit reason 0
0	15:23:39.133	Script test_indicator XAUUSDm,H1: removed
0	15:23:43.573	Script test\test_indicator XAUUSDm,H1: loaded successfully
0	15:23:43.592	test_indicator XAUUSDm,H1: initialized
0	15:23:43.592	test_indicator XAUUSDm,H1: Alert: 1733.706999999994
0	15:23:43.592	test_indicator XAUUSDm,H1: Alert: =============
0	15:23:43.592	test_indicator XAUUSDm,H1: uninit reason 0
0	15:23:43.612	Script test_indicator XAUUSDm,H1: removed
0	15:32:03.642	Compiling 'ma_signal'
0	15:32:04.783	Script test\test_indicator XAUUSDm,H1: loaded successfully
0	15:32:04.793	test_indicator XAUUSDm,H1: initialized
0	15:32:04.793	test_indicator XAUUSDm,H1: Alert: false
0	15:32:04.793	test_indicator XAUUSDm,H1: uninit reason 0
0	15:32:04.812	Script test_indicator XAUUSDm,H1: removed
0	15:32:05.173	Script test\test_indicator XAUUSDm,H1: loaded successfully
0	15:32:05.183	test_indicator XAUUSDm,H1: initialized
0	15:32:05.183	test_indicator XAUUSDm,H1: Alert: false
0	15:32:05.183	test_indicator XAUUSDm,H1: uninit reason 0
0	15:32:05.211	Script test_indicator XAUUSDm,H1: removed
0	15:32:42.133	Script test\test_indicator XAUUSDm,H1: loaded successfully
0	15:32:42.142	test_indicator XAUUSDm,H1: initialized
0	15:32:42.142	test_indicator XAUUSDm,H1: Alert: 1733.4205999999941737.8702999999941741.712699999994
0	15:32:42.142	test_indicator XAUUSDm,H1: Alert: false
0	15:32:42.142	test_indicator XAUUSDm,H1: uninit reason 0
0	15:32:42.172	Script test_indicator XAUUSDm,H1: removed
0	15:34:01.774	Script test\test_indicator XAUUSDm,H1: loaded successfully
0	15:34:01.791	test_indicator XAUUSDm,H1: initialized
0	15:34:01.791	test_indicator XAUUSDm,H1: Alert: 1705.0766999999991706.1114999999991706.712499999999
0	15:34:01.791	test_indicator XAUUSDm,H1: Alert: false
0	15:34:01.791	test_indicator XAUUSDm,H1: uninit reason 0
0	15:34:01.802	Script test_indicator XAUUSDm,H1: removed
0	15:37:18.186	Script test\test_indicator XAUUSDm,H1: loaded successfully
0	15:37:18.201	test_indicator XAUUSDm,H1: initialized
0	15:37:18.201	test_indicator XAUUSDm,H1: Alert: 1705.1306999999991706.1114999999991706.712499999999
0	15:37:18.201	test_indicator XAUUSDm,H1: Alert: false
0	15:37:18.201	test_indicator XAUUSDm,H1: uninit reason 0
0	15:37:18.222	Script test_indicator XAUUSDm,H1: removed
0	15:37:30.352	Script test\test_indicator XAUUSDm,H1: loaded successfully
0	15:37:30.362	test_indicator XAUUSDm,H1: initialized
0	15:37:30.362	test_indicator XAUUSDm,H1: Alert: 1705.1789999999991706.1114999999991706.712499999999
0	15:37:30.362	test_indicator XAUUSDm,H1: Alert: false
0	15:37:30.362	test_indicator XAUUSDm,H1: uninit reason 0
0	15:37:30.392	Script test_indicator XAUUSDm,H1: removed
0	15:44:20.389	Script test\test_indicator XAUUSDm,H1: loaded successfully
0	15:44:20.399	test_indicator XAUUSDm,H1: initialized
0	15:44:20.399	test_indicator XAUUSDm,H1: Alert: 1705.2021999999991706.1114999999991706.712499999999
0	15:44:20.399	test_indicator XAUUSDm,H1: Alert: false
0	15:44:20.399	test_indicator XAUUSDm,H1: uninit reason 0
0	15:44:20.433	Script test_indicator XAUUSDm,H1: removed
0	15:44:45.427	Script test\test_indicator XAUUSDm,H1: loaded successfully
0	15:44:45.438	test_indicator XAUUSDm,H1: initialized
0	15:44:45.438	test_indicator XAUUSDm,H1: Alert: 1705.2271706.1121706.713
0	15:44:45.438	test_indicator XAUUSDm,H1: Alert: false
0	15:44:45.438	test_indicator XAUUSDm,H1: uninit reason 0
0	15:44:45.459	Script test_indicator XAUUSDm,H1: removed
0	15:45:00.873	Script test\test_indicator XAUUSDm,H1: loaded successfully
0	15:45:00.884	test_indicator XAUUSDm,H1: initialized
0	15:45:00.884	test_indicator XAUUSDm,H1: Alert: 1705.227 - 1706.112 - 1706.713
0	15:45:00.884	test_indicator XAUUSDm,H1: Alert: false
0	15:45:00.884	test_indicator XAUUSDm,H1: uninit reason 0
0	15:45:00.914	Script test_indicator XAUUSDm,H1: removed
0	15:46:28.930	Script test\test_indicator XAUUSDm,H1: loaded successfully
0	15:46:28.943	test_indicator XAUUSDm,H1: initialized
0	15:46:28.944	test_indicator XAUUSDm,H1: Alert: 1705.195 - 1706.112 - 1706.713
0	15:46:28.944	test_indicator XAUUSDm,H1: Alert: downward: false
0	15:46:28.944	test_indicator XAUUSDm,H1: Alert: false
0	15:46:28.944	test_indicator XAUUSDm,H1: uninit reason 0
0	15:46:28.973	Script test_indicator XAUUSDm,H1: removed
0	15:46:56.528	Script test\test_indicator XAUUSDm,H1: loaded successfully
0	15:46:56.540	test_indicator XAUUSDm,H1: initialized
0	15:46:56.540	test_indicator XAUUSDm,H1: Alert: 1705.223 - 1706.112 - 1706.713
0	15:46:56.540	test_indicator XAUUSDm,H1: Alert: curValue: 1705.223 - nextValue: 1706.112
0	15:46:56.540	test_indicator XAUUSDm,H1: Alert: curValue: 1706.112 - nextValue: 1706.713
0	15:46:56.540	test_indicator XAUUSDm,H1: Alert: curValue: 1706.713 - nextValue: 1707.01
0	15:46:56.540	test_indicator XAUUSDm,H1: Alert: curValue: 1707.01 - nextValue: 1707.354
0	15:46:56.540	test_indicator XAUUSDm,H1: Alert: curValue: 1707.354 - nextValue: 0.0
0	15:46:56.540	test_indicator XAUUSDm,H1: Alert: downward: false
0	15:46:56.540	test_indicator XAUUSDm,H1: Alert: false
0	15:46:56.540	test_indicator XAUUSDm,H1: uninit reason 0
0	15:46:56.561	Script test_indicator XAUUSDm,H1: removed
0	15:47:30.835	Script test\test_indicator XAUUSDm,H1: loaded successfully
0	15:47:30.846	test_indicator XAUUSDm,H1: initialized
0	15:47:30.846	test_indicator XAUUSDm,H1: Alert: 1705.226 - 1706.112 - 1706.713
0	15:47:30.846	test_indicator XAUUSDm,H1: Alert: curValue: 1705.226 - nextValue: 1706.112
0	15:47:30.846	test_indicator XAUUSDm,H1: Alert: curValue: 1706.112 - nextValue: 1706.713
0	15:47:30.846	test_indicator XAUUSDm,H1: Alert: curValue: 1706.713 - nextValue: 1707.01
0	15:47:30.846	test_indicator XAUUSDm,H1: Alert: downward: true
0	15:47:30.846	test_indicator XAUUSDm,H1: Alert: true
0	15:47:30.846	test_indicator XAUUSDm,H1: uninit reason 0
0	15:47:30.876	Script test_indicator XAUUSDm,H1: removed
0	15:48:48.855	Script test\test_indicator XAUUSDm,H1: loaded successfully
0	15:48:48.869	test_indicator XAUUSDm,H1: initialized
0	15:48:48.869	test_indicator XAUUSDm,H1: Alert: 1705.282 - 1706.112 - 1706.713
0	15:48:48.869	test_indicator XAUUSDm,H1: Alert: curValue: 1705.282 - nextValue: 1706.112
0	15:48:48.869	test_indicator XAUUSDm,H1: Alert: curValue: 1706.112 - nextValue: 1706.713
0	15:48:48.869	test_indicator XAUUSDm,H1: Alert: curValue: 1706.713 - nextValue: 1707.01
0	15:48:48.869	test_indicator XAUUSDm,H1: Alert: downward: true
0	15:48:48.869	test_indicator XAUUSDm,H1: Alert: true
0	15:48:48.869	test_indicator XAUUSDm,H1: uninit reason 0
0	15:48:48.886	Script test_indicator XAUUSDm,H1: removed
0	15:50:47.837	Script test\test_indicator XAUUSDm,H1: loaded successfully
0	15:50:47.842	test_indicator XAUUSDm,H1: initialized
0	15:50:47.842	test_indicator XAUUSDm,H1: Alert: 1705.291 - 1706.112 - 1706.713
0	15:50:47.842	test_indicator XAUUSDm,H1: Alert: curValue: 1705.291 - nextValue: 1706.112
0	15:50:47.842	test_indicator XAUUSDm,H1: Alert: curValue: 1706.112 - nextValue: 1706.713
0	15:50:47.842	test_indicator XAUUSDm,H1: Alert: curValue: 1706.713 - nextValue: 1707.01
0	15:50:47.842	test_indicator XAUUSDm,H1: Alert: downward: true
0	15:50:47.842	test_indicator XAUUSDm,H1: Alert: Cur: 1705.291 - Last: 1706.713
0	15:50:47.842	test_indicator XAUUSDm,H1: Alert: true
0	15:50:47.842	test_indicator XAUUSDm,H1: uninit reason 0
0	15:50:47.883	Script test_indicator XAUUSDm,H1: removed
0	15:51:17.962	Script test\test_indicator XAUUSDm,H1: loaded successfully
0	15:51:17.973	test_indicator XAUUSDm,H1: initialized
0	15:51:17.973	test_indicator XAUUSDm,H1: Alert: 1705.268 - 1706.112 - 1706.713
0	15:51:17.973	test_indicator XAUUSDm,H1: Alert: curValue: 1705.268 - nextValue: 1706.112
0	15:51:17.973	test_indicator XAUUSDm,H1: Alert: curValue: 1706.112 - nextValue: 1706.713
0	15:51:17.973	test_indicator XAUUSDm,H1: Alert: curValue: 1706.713 - nextValue: 1707.01
0	15:51:17.973	test_indicator XAUUSDm,H1: Alert: downward: true
0	15:51:17.973	test_indicator XAUUSDm,H1: Alert: Cur: 1705.268 - Last: 1707.01
0	15:51:17.973	test_indicator XAUUSDm,H1: Alert: true
0	15:51:17.973	test_indicator XAUUSDm,H1: uninit reason 0
0	15:51:18.011	Script test_indicator XAUUSDm,H1: removed
0	15:51:40.926	Script test\test_indicator XAUUSDm,H1: loaded successfully
0	15:51:40.936	test_indicator XAUUSDm,H1: initialized
0	15:51:40.941	test_indicator XAUUSDm,H1: Alert: 1705.222 - 1706.112 - 1706.713
0	15:51:40.941	test_indicator XAUUSDm,H1: Alert: curValue: 1705.222 - nextValue: 1706.112
0	15:51:40.941	test_indicator XAUUSDm,H1: Alert: curValue: 1706.112 - nextValue: 1706.713
0	15:51:40.941	test_indicator XAUUSDm,H1: Alert: curValue: 1706.713 - nextValue: 1707.01
0	15:51:40.941	test_indicator XAUUSDm,H1: Alert: downward: true
0	15:51:40.941	test_indicator XAUUSDm,H1: Alert: Cur: 1705.222 - Last: 1707.01
0	15:51:40.941	test_indicator XAUUSDm,H1: Alert: true
0	15:51:40.941	test_indicator XAUUSDm,H1: uninit reason 0
0	15:51:40.952	Script test_indicator XAUUSDm,H1: removed
0	15:52:24.852	Script test\test_indicator XAUUSDm,H1: loaded successfully
0	15:52:24.868	test_indicator XAUUSDm,H1: initialized
0	15:52:24.868	test_indicator XAUUSDm,H1: Alert: 1705.258 - 1706.112 - 1706.713
0	15:52:24.868	test_indicator XAUUSDm,H1: Alert: curValue: 1705.258 - nextValue: 1706.112
0	15:52:24.868	test_indicator XAUUSDm,H1: Alert: curValue: 1706.112 - nextValue: 1706.713
0	15:52:24.868	test_indicator XAUUSDm,H1: Alert: curValue: 1706.713 - nextValue: 1707.01
0	15:52:24.868	test_indicator XAUUSDm,H1: Alert: downward: true
1	15:52:28.042	test_indicator XAUUSDm,H1: array out of range in 'test_indicator.mq4' (34,52)
0	15:52:28.053	test_indicator XAUUSDm,H1: uninit reason 0
0	15:52:28.072	Script test_indicator XAUUSDm,H1: removed
0	15:52:32.293	Script test\test_indicator XAUUSDm,H1: loaded successfully
0	15:52:32.303	test_indicator XAUUSDm,H1: initialized
0	15:52:32.303	test_indicator XAUUSDm,H1: Alert: 1705.249 - 1706.112 - 1706.713
0	15:52:32.303	test_indicator XAUUSDm,H1: Alert: curValue: 1705.249 - nextValue: 1706.112
0	15:52:32.303	test_indicator XAUUSDm,H1: Alert: curValue: 1706.112 - nextValue: 1706.713
0	15:52:32.303	test_indicator XAUUSDm,H1: Alert: curValue: 1706.713 - nextValue: 1707.01
0	15:52:32.303	test_indicator XAUUSDm,H1: Alert: downward: true
0	15:52:32.303	test_indicator XAUUSDm,H1: Alert: Cur: 1705.249 - Last: 1707.354
0	15:52:32.303	test_indicator XAUUSDm,H1: Alert: true
0	15:52:32.303	test_indicator XAUUSDm,H1: uninit reason 0
0	15:52:32.322	Script test_indicator XAUUSDm,H1: removed
0	16:45:09.754	Expert ma_signal XAUUSDm,H1: loaded successfully
0	16:45:12.448	ma_signal XAUUSDm,H1 inputs: riskLevel=0.05; TPPips=100; SLPips=50; stdDev=5; maxPos=1; delay=1; magicNumber=7777; TIME_FRAME=60; 
0	16:45:12.465	ma_signal XAUUSDm,H1: Alert: Init MA Scaplt strategy
0	16:45:12.465	ma_signal XAUUSDm,H1: initialized
0	16:45:20.013	Automated trading enabled
0	16:45:24.100	ma_signal XAUUSDm,H1: uninit reason 5
0	16:45:24.101	ma_signal XAUUSDm,H1: Alert: Remove strategy
0	16:45:24.112	ma_signal XAUUSDm,H1: Alert: Init MA Scaplt strategy
0	16:45:24.112	ma_signal XAUUSDm,H1: initialized
0	16:45:24.123	ma_signal XAUUSDm,H1 inputs: riskLevel=0.05; TPPips=100; SLPips=50; stdDev=5; maxPos=1; delay=1; magicNumber=7777; TIME_FRAME=60; 
0	16:45:29.593	ma_signal XAUUSDm,H1: uninit reason 1
0	16:45:29.593	ma_signal XAUUSDm,H1: Alert: Remove strategy
0	16:45:29.618	Expert ma_signal XAUUSDm,H1: removed
0	16:45:33.587	Expert ma_signal XAUUSDm,H1: loaded successfully
0	16:45:34.656	ma_signal XAUUSDm,H1 inputs: riskLevel=0.05; TPPips=100; SLPips=50; stdDev=5; maxPos=1; delay=1; magicNumber=7777; TIME_FRAME=60; 
0	16:45:34.672	ma_signal XAUUSDm,H1: Alert: Init MA Scaplt strategy
0	16:45:34.672	ma_signal XAUUSDm,H1: initialized
0	16:55:00.827	ma_signal XAUUSDm,H1: uninit reason 2
0	16:55:00.827	ma_signal XAUUSDm,H1: Alert: Remove strategy
0	16:55:00.829	Expert ma_signal XAUUSDm,H1: removed
0	16:55:00.837	Expert ma_signal XAUUSDm,H1: loaded successfully
0	16:55:00.856	ma_signal XAUUSDm,H1: Alert: Init MA Scaplt strategy
0	16:55:00.856	ma_signal XAUUSDm,H1: initialized
0	16:55:01.187	ma_signal XAUUSDm,H1: Alert: total pos: 0
0	16:55:01.648	ma_signal XAUUSDm,H1: Alert: total pos: 0
0	16:55:02.633	ma_signal XAUUSDm,H1: Alert: total pos: 0
0	16:55:04.172	ma_signal XAUUSDm,H1: Alert: total pos: 0
0	16:55:05.290	ma_signal XAUUSDm,H1: Alert: total pos: 0
0	16:55:07.112	ma_signal XAUUSDm,H1: Alert: total pos: 0
0	16:55:08.459	ma_signal XAUUSDm,H1: Alert: total pos: 0
0	16:55:09.736	ma_signal XAUUSDm,H1: Alert: total pos: 0
0	16:55:11.502	ma_signal XAUUSDm,H1: Alert: total pos: 0
0	16:55:14.164	ma_signal XAUUSDm,H1: Alert: total pos: 0
0	16:55:15.239	ma_signal XAUUSDm,H1: Alert: total pos: 0
0	16:55:17.650	ma_signal XAUUSDm,H1: Alert: total pos: 0
0	16:55:20.262	ma_signal XAUUSDm,H1: Alert: total pos: 0
0	16:55:21.322	ma_signal XAUUSDm,H1: Alert: total pos: 0
0	16:55:28.550	ma_signal XAUUSDm,H1: Alert: total pos: 0
0	16:55:31.132	ma_signal XAUUSDm,H1: Alert: total pos: 0
0	16:55:34.501	ma_signal XAUUSDm,H1: Alert: total pos: 0
0	16:55:35.526	ma_signal XAUUSDm,H1: Alert: total pos: 0
0	16:55:35.888	ma_signal XAUUSDm,H1: Alert: total pos: 0
0	16:55:36.884	ma_signal XAUUSDm,H1: Alert: total pos: 0
0	16:55:38.422	ma_signal XAUUSDm,H1: Alert: total pos: 0
0	16:55:38.952	ma_signal XAUUSDm,H1: Alert: total pos: 0
0	16:55:40.367	ma_signal XAUUSDm,H1: Alert: total pos: 0
0	16:55:41.211	ma_signal XAUUSDm,H1: Alert: total pos: 0
0	16:55:42.405	ma_signal XAUUSDm,H1: Alert: total pos: 0
0	16:55:43.444	ma_signal XAUUSDm,H1: Alert: total pos: 0
0	16:55:44.677	ma_signal XAUUSDm,H1: Alert: total pos: 0
0	16:55:45.945	ma_signal XAUUSDm,H1: Alert: total pos: 0
0	16:55:47.323	ma_signal XAUUSDm,H1: Alert: total pos: 0
0	16:55:48.424	ma_signal XAUUSDm,H1: Alert: total pos: 0
0	16:55:49.520	ma_signal XAUUSDm,H1: Alert: total pos: 0
0	16:55:50.284	ma_signal XAUUSDm,H1: Alert: total pos: 0
0	16:55:51.143	ma_signal XAUUSDm,H1: Alert: total pos: 0
0	16:55:53.115	ma_signal XAUUSDm,H1: Alert: total pos: 0
0	16:55:55.989	ma_signal XAUUSDm,H1: Alert: total pos: 0
0	16:55:58.629	ma_signal XAUUSDm,H1: Alert: total pos: 0
0	16:55:59.626	ma_signal XAUUSDm,H1: Alert: total pos: 0
0	16:56:00.623	ma_signal XAUUSDm,H1: Alert: total pos: 0
0	16:56:01.447	ma_signal XAUUSDm,H1: Alert: total pos: 0
0	16:56:02.502	ma_signal XAUUSDm,H1: Alert: total pos: 0
0	16:56:04.189	ma_signal XAUUSDm,H1: Alert: total pos: 0
0	16:56:05.323	ma_signal XAUUSDm,H1: uninit reason 2
0	16:56:05.323	ma_signal XAUUSDm,H1: Alert: Remove strategy
0	16:56:05.324	Expert ma_signal XAUUSDm,H1: removed
0	16:56:05.333	Expert ma_signal XAUUSDm,H1: loaded successfully
0	16:56:05.357	ma_signal XAUUSDm,H1: Alert: Init MA Scaplt strategy
0	16:56:05.357	ma_signal XAUUSDm,H1: initialized
0	16:56:05.389	Expert ma_signal XAUUSDm,H1: loaded successfully
0	16:56:05.443	ma_signal XAUUSDm,H1: Alert: total pos: 0
0	16:56:06.709	ma_signal XAUUSDm,H1 inputs: riskLevel=0.05; TPPips=100; SLPips=50; stdDev=5; maxPos=2; delay=1; magicNumber=7777; TIME_FRAME=60; 
0	16:56:06.726	ma_signal XAUUSDm,H1: Alert: Init MA Scaplt strategy
0	16:56:06.726	ma_signal XAUUSDm,H1: initialized
0	16:56:07.136	ma_signal XAUUSDm,H1: Alert: total pos: 0
0	16:56:07.141	ma_signal XAUUSDm,H1: Alert: total pos: 0
0	16:56:08.319	ma_signal XAUUSDm,H1: uninit reason 4
0	16:56:08.319	ma_signal XAUUSDm,H1: Alert: Remove strategy
1	16:56:08.325	ma_signal XAUUSDm,H1: Abnormal termination
0	16:56:08.332	Expert ma_signal XAUUSDm,H1: removed
0	16:56:08.574	ma_signal XAUUSDm,H1: Alert: total pos: 0
0	16:56:10.329	ma_signal XAUUSDm,H1: Alert: total pos: 0
0	16:56:11.672	ma_signal XAUUSDm,H1: Alert: total pos: 0
0	16:56:12.474	ma_signal XAUUSDm,H1: Alert: total pos: 0
0	16:56:13.704	ma_signal XAUUSDm,H1: Alert: total pos: 0
0	16:56:14.884	ma_signal XAUUSDm,H1: Alert: total pos: 0
0	16:56:16.266	ma_signal XAUUSDm,H1: Alert: total pos: 0
0	16:56:16.947	ma_signal XAUUSDm,H1: Alert: total pos: 0
0	16:56:19.158	ma_signal XAUUSDm,H1: Alert: total pos: 0
0	16:56:21.331	ma_signal XAUUSDm,H1: Alert: total pos: 0
0	16:56:22.352	ma_signal XAUUSDm,H1: Alert: total pos: 0
0	16:56:23.466	ma_signal XAUUSDm,H1: Alert: total pos: 0
0	16:56:24.689	ma_signal XAUUSDm,H1: Alert: total pos: 0
0	16:56:24.972	ma_signal XAUUSDm,H1: Alert: total pos: 0
0	16:56:26.012	ma_signal XAUUSDm,H1: Alert: total pos: 0
0	16:56:27.095	ma_signal XAUUSDm,H1: Alert: total pos: 0
0	16:56:28.238	ma_signal XAUUSDm,H1: Alert: total pos: 0
0	16:56:30.433	ma_signal XAUUSDm,H1: Alert: total pos: 0
0	16:56:33.115	ma_signal XAUUSDm,H1: Alert: total pos: 0
0	16:56:34.229	ma_signal XAUUSDm,H1: Alert: total pos: 0
0	16:56:34.930	ma_signal XAUUSDm,H1: Alert: total pos: 0
0	16:56:36.044	ma_signal XAUUSDm,H1: Alert: total pos: 0
0	16:56:36.976	ma_signal XAUUSDm,H1: Alert: total pos: 0
0	16:56:38.041	ma_signal XAUUSDm,H1: Alert: total pos: 0
0	16:56:39.017	ma_signal XAUUSDm,H1: Alert: total pos: 0
0	16:56:40.042	ma_signal XAUUSDm,H1: Alert: total pos: 0
0	16:56:41.035	ma_signal XAUUSDm,H1: Alert: total pos: 0
0	16:56:43.215	ma_signal XAUUSDm,H1: Alert: total pos: 0
0	16:56:44.509	ma_signal XAUUSDm,H1: Alert: total pos: 0
0	16:56:46.056	ma_signal XAUUSDm,H1: Alert: total pos: 0
0	16:56:54.825	ma_signal XAUUSDm,H1: Alert: total pos: 0
0	16:56:56.037	ma_signal XAUUSDm,H1: Alert: total pos: 0
0	16:56:57.640	ma_signal XAUUSDm,H1: Alert: total pos: 0
0	16:56:58.671	ma_signal XAUUSDm,H1: Alert: total pos: 0
0	16:56:59.700	ma_signal XAUUSDm,H1: Alert: total pos: 0
0	16:57:01.019	ma_signal XAUUSDm,H1: Alert: total pos: 0
0	16:57:02.481	ma_signal XAUUSDm,H1: uninit reason 1
0	16:57:02.481	ma_signal XAUUSDm,H1: Alert: Remove strategy
0	16:57:02.493	Expert ma_signal XAUUSDm,H1: removed
0	16:58:41.786	Expert ma_signal XAUUSDm,H1: loaded successfully
0	16:58:42.866	ma_signal XAUUSDm,H1 inputs: riskLevel=0.05; TPPips=100; SLPips=50; stdDev=5; maxPos=2; delay=1; magicNumber=7777; TIME_FRAME=60; 
0	16:58:42.883	ma_signal XAUUSDm,H1: Alert: Init MA Scaplt strategy
0	16:58:42.883	ma_signal XAUUSDm,H1: initialized
0	16:58:51.157	ma_signal XAUUSDm,H1: uninit reason 1
0	16:58:51.157	ma_signal XAUUSDm,H1: Alert: Remove strategy
0	16:58:51.179	Expert ma_signal XAUUSDm,H1: removed
0	18:11:28.603	Compiling 'test_indicator'
0	20:15:34.388	Compiling 'ma_signal'
0	20:32:01.589	Script test\test_order XAUUSDm,H1: loaded successfully
0	20:32:01.606	test_order XAUUSDm,H1: initialized
0	20:32:01.606	test_order XAUUSDm,H1: Alert: History: 5
0	20:32:01.606	test_order XAUUSDm,H1: Alert: 0 - 1712.046 - 2022.09.01 05:12:58 - 2022.09.01 05:13:11
0	20:32:01.606	test_order XAUUSDm,H1: Alert: 1 - 1703.697 - 2022.09.01 05:13:32 - 2022.09.01 05:21:30
0	20:32:01.606	test_order XAUUSDm,H1: Alert: 2 - 1712.593 - 2022.09.01 05:19:37 - 2022.09.01 05:20:01
0	20:32:01.606	test_order XAUUSDm,H1: Alert: 3 - 1704.095 - 2022.09.01 05:21:20 - 2022.09.01 08:02:45
0	20:32:01.606	test_order XAUUSDm,H1: Alert: 4 - 0.9788600000000001 - 2022.09.01 10:12:21 - 2022.09.01 10:13:33
0	20:32:01.606	test_order XAUUSDm,H1: Alert: false
0	20:32:01.606	test_order XAUUSDm,H1: uninit reason 0
0	20:32:01.619	Script test_order XAUUSDm,H1: removed
0	20:46:03.249	Compiling 'ma_signal'
0	22:36:53.109	Compiling 'ma_signal'
0	22:40:16.115	Compiling 'ma_signal'
