0	19:57:43.724	Compiling 'ma_signal _v2'
0	20:40:36.950	Custom indicator super-trend-2 XAUUSDm,H1: loaded successfully
0	20:40:51.764	super-trend-2 XAUUSDm,H1: initialized
0	21:39:48.083	Script test\test_pivot_super XAUUSDm,H1: loaded successfully
0	21:39:48.095	test_pivot_super XAUUSDm,H1: initialized
0	21:39:48.113	test_pivot_super XAUUSDm,H1: Alert: Up: 2147483647.0 - Down: 1709.5
0	21:39:48.113	test_pivot_super XAUUSDm,H1: Alert: Up: 2147483647.0 - Down: 1711.745
0	21:39:48.113	test_pivot_super XAUUSDm,H1: Alert: Up: 1716.109 - Down: 1716.109
0	21:39:48.113	test_pivot_super XAUUSDm,H1: Alert: Up: 1716.109 - Down: 2147483647.0
0	21:39:48.113	test_pivot_super XAUUSDm,H1: Alert: Up: 1716.109 - Down: 2147483647.0
0	21:39:48.113	test_pivot_super XAUUSDm,H1: Alert: Up: 1716.109 - Down: 2147483647.0
0	21:40:12.297	Custom indicator super-trend-2 XAUUSDm,H1: loaded successfully
0	21:40:16.101	super-trend-2 XAUUSDm,H1: initialized
1	21:40:30.464	test_pivot_super XAUUSDm,H1: debugging terminated
0	21:40:30.466	test_pivot_super XAUUSDm,H1: uninit reason 0
0	21:40:30.470	super-trend-2 XAUUSDm,H1: uninit reason 4
0	21:40:30.477	Script test_pivot_super XAUUSDm,H1: removed
0	21:40:30.477	Custom indicator super-trend-2 XAUUSDm,H1: removed
0	21:40:46.077	Script test\test_pivot_super XAUUSDm,H1: loaded successfully
0	21:40:46.083	test_pivot_super XAUUSDm,H1: initialized
0	21:40:46.099	test_pivot_super XAUUSDm,H1: Alert: 0. Up: 2147483647.0 - Down: 1709.5
0	21:40:46.099	test_pivot_super XAUUSDm,H1: Alert: 1. Up: 2147483647.0 - Down: 1711.745
0	21:40:46.099	test_pivot_super XAUUSDm,H1: Alert: 2. Up: 1716.109 - Down: 1716.109
0	21:40:46.099	test_pivot_super XAUUSDm,H1: Alert: 3. Up: 1716.109 - Down: 2147483647.0
0	21:40:46.099	test_pivot_super XAUUSDm,H1: Alert: 4. Up: 1716.109 - Down: 2147483647.0
0	21:40:46.099	test_pivot_super XAUUSDm,H1: Alert: 5. Up: 1716.109 - Down: 2147483647.0
1	21:40:49.867	test_pivot_super XAUUSDm,H1: array out of range in 'test_pivot_super.mq4' (22,14)
0	21:40:49.878	test_pivot_super XAUUSDm,H1: uninit reason 0
0	21:40:49.879	Script test_pivot_super XAUUSDm,H1: removed
0	21:41:01.098	Script test\test_pivot_super XAUUSDm,H1: loaded successfully
0	21:41:01.109	test_pivot_super XAUUSDm,H1: initialized
0	21:41:01.131	test_pivot_super XAUUSDm,H1: Alert: 0. Up: 2147483647.0 - Down: 1709.5
0	21:41:01.131	test_pivot_super XAUUSDm,H1: Alert: 1. Up: 2147483647.0 - Down: 1711.745
0	21:41:01.131	test_pivot_super XAUUSDm,H1: Alert: 2. Up: 1716.109 - Down: 1716.109
0	21:41:01.131	test_pivot_super XAUUSDm,H1: Alert: 3. Up: 1716.109 - Down: 2147483647.0
0	21:41:01.131	test_pivot_super XAUUSDm,H1: Alert: 4. Up: 1716.109 - Down: 2147483647.0
0	21:41:01.131	test_pivot_super XAUUSDm,H1: Alert: 5. Up: 1716.109 - Down: 2147483647.0
1	21:42:07.910	test_pivot_super XAUUSDm,H1: array out of range in 'test_pivot_super.mq4' (22,14)
0	21:42:07.926	test_pivot_super XAUUSDm,H1: uninit reason 4
0	21:42:07.961	Script test_pivot_super XAUUSDm,H1: removed
0	21:42:08.716	Script test\test_pivot_super XAUUSDm,H1: loaded successfully
0	21:42:08.728	test_pivot_super XAUUSDm,H1: initialized
0	21:42:08.747	test_pivot_super XAUUSDm,H1: Alert: 0. Up: 2147483647.0 - Down: 1709.5
0	21:42:08.747	test_pivot_super XAUUSDm,H1: Alert: 1. Up: 2147483647.0 - Down: 1711.745
0	21:42:08.747	test_pivot_super XAUUSDm,H1: Alert: 2. Up: 1716.109 - Down: 1716.109
0	21:42:08.747	test_pivot_super XAUUSDm,H1: Alert: 3. Up: 1716.109 - Down: 2147483647.0
0	21:42:08.747	test_pivot_super XAUUSDm,H1: Alert: 4. Up: 1716.109 - Down: 2147483647.0
0	21:42:08.747	test_pivot_super XAUUSDm,H1: Alert: 5. Up: 1716.109 - Down: 2147483647.0
1	21:42:11.417	test_pivot_super XAUUSDm,H1: array out of range in 'test_pivot_super.mq4' (22,14)
0	21:42:11.428	test_pivot_super XAUUSDm,H1: uninit reason 0
0	21:42:11.429	Script test_pivot_super XAUUSDm,H1: removed
0	21:48:00.964	Script test\test_pivot_super XAUUSDm,H1: loaded successfully
0	21:48:00.979	test_pivot_super XAUUSDm,H1: initialized
0	21:48:01.012	test_pivot_super XAUUSDm,H1: Alert: 0. Up: 2147483647.0 - Down: 1709.5
0	21:48:01.077	test_pivot_super XAUUSDm,H1: Alert: 1. Up: 2147483647.0 - Down: 1714.99
0	21:48:01.120	test_pivot_super XAUUSDm,H1: Alert: 2. Up: 2147483647.0 - Down: 1714.99
0	21:48:01.164	test_pivot_super XAUUSDm,H1: Alert: 3. Up: 1711.713 - Down: 1711.713
0	21:48:01.207	test_pivot_super XAUUSDm,H1: Alert: 4. Up: 1713.424 - Down: 1713.424
0	21:48:01.252	test_pivot_super XAUUSDm,H1: Alert: 5. Up: 2147483647.0 - Down: 1713.424
1	21:48:12.940	test_pivot_super XAUUSDm,H1: debugging terminated
0	21:48:12.950	test_pivot_super XAUUSDm,H1: uninit reason 0
0	21:48:13.256	Script test_pivot_super XAUUSDm,H1: removed
0	21:48:14.394	Script test\test_pivot_super XAUUSDm,H1: loaded successfully
0	21:48:14.408	test_pivot_super XAUUSDm,H1: initialized
0	21:48:14.440	test_pivot_super XAUUSDm,H1: Alert: 0. Up: 2147483647.0 - Down: 1709.5
0	21:48:14.494	test_pivot_super XAUUSDm,H1: Alert: 1. Up: 2147483647.0 - Down: 1714.99
0	21:48:14.548	test_pivot_super XAUUSDm,H1: Alert: 2. Up: 2147483647.0 - Down: 1714.99
0	21:48:14.588	test_pivot_super XAUUSDm,H1: Alert: 3. Up: 1711.713 - Down: 1711.713
0	21:48:14.634	test_pivot_super XAUUSDm,H1: Alert: 4. Up: 1713.424 - Down: 1713.424
0	21:48:14.677	test_pivot_super XAUUSDm,H1: Alert: 5. Up: 2147483647.0 - Down: 1713.424
1	21:48:15.877	test_pivot_super XAUUSDm,H1: array out of range in 'test_pivot_super.mq4' (34,14)
0	21:48:15.887	test_pivot_super XAUUSDm,H1: uninit reason 0
0	21:48:15.917	Script test_pivot_super XAUUSDm,H1: removed
0	21:49:41.916	Script test\test_pivot_super XAUUSDm,H1: loaded successfully
0	21:49:41.928	test_pivot_super XAUUSDm,H1: initialized
0	21:49:41.963	test_pivot_super XAUUSDm,H1: Alert: 0. Up: 2147483647.0 - Down: 1709.5
0	21:49:42.017	test_pivot_super XAUUSDm,H1: Alert: 1. Up: 2147483647.0 - Down: 1714.99
0	21:49:42.069	test_pivot_super XAUUSDm,H1: Alert: 2. Up: 2147483647.0 - Down: 1714.99
0	21:49:42.111	test_pivot_super XAUUSDm,H1: Alert: 3. Up: 1711.713 - Down: 1711.713
0	21:49:42.154	test_pivot_super XAUUSDm,H1: Alert: 4. Up: 1713.424 - Down: 1713.424
0	21:49:42.198	test_pivot_super XAUUSDm,H1: Alert: 5. Up: 2147483647.0 - Down: 1713.424
1	21:49:47.964	test_pivot_super XAUUSDm,H1: debugging terminated
0	21:49:47.971	test_pivot_super XAUUSDm,H1: uninit reason 0
0	21:49:48.232	Script test_pivot_super XAUUSDm,H1: removed
0	21:50:23.023	Script test\test_pivot_super XAUUSDm,H1: loaded successfully
0	21:50:23.037	test_pivot_super XAUUSDm,H1: initialized
0	21:50:23.076	test_pivot_super XAUUSDm,H1: Alert: 0. Up: 2147483647.0 - Down: 1709.5
0	21:50:23.123	test_pivot_super XAUUSDm,H1: Alert: 1. Up: 2147483647.0 - Down: 1714.99
0	21:50:23.166	test_pivot_super XAUUSDm,H1: Alert: 2. Up: 2147483647.0 - Down: 1714.99
0	21:50:23.209	test_pivot_super XAUUSDm,H1: Alert: 3. Up: 1711.713 - Down: 1711.713
0	21:50:23.255	test_pivot_super XAUUSDm,H1: Alert: 4. Up: 1713.424 - Down: 1713.424
0	21:50:23.297	test_pivot_super XAUUSDm,H1: Alert: 5. Up: 2147483647.0 - Down: 1713.424
0	21:50:23.297	test_pivot_super XAUUSDm,H1: uninit reason 0
0	21:50:23.328	Script test_pivot_super XAUUSDm,H1: removed
0	21:50:37.374	Script test\test_pivot_super XAUUSDm,H1: loaded successfully
0	21:50:37.388	test_pivot_super XAUUSDm,H1: initialized
0	21:50:37.434	test_pivot_super XAUUSDm,H1: Alert: 0. Up: 2147483647.0 - Down: 1709.5
0	21:50:37.475	test_pivot_super XAUUSDm,H1: Alert: 1. Up: 2147483647.0 - Down: 1714.99
0	21:50:37.522	test_pivot_super XAUUSDm,H1: Alert: 2. Up: 2147483647.0 - Down: 1714.99
0	21:50:37.564	test_pivot_super XAUUSDm,H1: Alert: 3. Up: 1711.713 - Down: 1711.713
0	21:50:37.602	test_pivot_super XAUUSDm,H1: Alert: 4. Up: 1713.424 - Down: 1713.424
0	21:50:37.646	test_pivot_super XAUUSDm,H1: Alert: 5. Up: 2147483647.0 - Down: 1713.424
0	21:50:37.691	test_pivot_super XAUUSDm,H1: Alert: 6. Up: 1716.109 - Down: 1716.109
0	21:50:37.734	test_pivot_super XAUUSDm,H1: Alert: 7. Up: 1716.109 - Down: 2147483647.0
0	21:50:37.779	test_pivot_super XAUUSDm,H1: Alert: 8. Up: 1716.109 - Down: 2147483647.0
0	21:50:37.820	test_pivot_super XAUUSDm,H1: Alert: 9. Up: 1714.973 - Down: 2147483647.0
0	21:50:37.820	test_pivot_super XAUUSDm,H1: uninit reason 0
0	21:50:37.868	Script test_pivot_super XAUUSDm,H1: removed
0	22:06:57.349	Script test\test_pivot_super XAUUSDm,H1: loaded successfully
0	22:06:57.361	test_pivot_super XAUUSDm,H1: initialized
0	22:06:57.395	test_pivot_super XAUUSDm,H1: Alert: 0. Up: 2147483647.0 - Down: 1709.5
0	22:06:57.459	test_pivot_super XAUUSDm,H1: Alert: 1. Up: 2147483647.0 - Down: 1709.5
0	22:06:57.503	test_pivot_super XAUUSDm,H1: Alert: 2. Up: 2147483647.0 - Down: 1714.99
0	22:06:57.546	test_pivot_super XAUUSDm,H1: Alert: 3. Up: 2147483647.0 - Down: 1714.99
0	22:06:57.589	test_pivot_super XAUUSDm,H1: Alert: 4. Up: 1711.713 - Down: 1711.713
0	22:06:57.634	test_pivot_super XAUUSDm,H1: Alert: 5. Up: 1713.424 - Down: 1713.424
0	22:06:57.678	test_pivot_super XAUUSDm,H1: Alert: 6. Up: 2147483647.0 - Down: 1713.424
0	22:06:57.721	test_pivot_super XAUUSDm,H1: Alert: 7. Up: 1716.109 - Down: 1716.109
0	22:06:57.762	test_pivot_super XAUUSDm,H1: Alert: 8. Up: 1716.109 - Down: 2147483647.0
0	22:06:57.807	test_pivot_super XAUUSDm,H1: Alert: 9. Up: 1716.109 - Down: 2147483647.0
0	22:06:57.849	test_pivot_super XAUUSDm,H1: Alert: 10. Up: 1714.973 - Down: 2147483647.0
0	22:06:57.894	test_pivot_super XAUUSDm,H1: Alert: 11. Up: 1713.543 - Down: 2147483647.0
0	22:06:57.934	test_pivot_super XAUUSDm,H1: Alert: 12. Up: 1713.543 - Down: 2147483647.0
0	22:06:57.980	test_pivot_super XAUUSDm,H1: Alert: 13. Up: 1713.543 - Down: 2147483647.0
0	22:06:58.021	test_pivot_super XAUUSDm,H1: Alert: 14. Up: 1713.543 - Down: 2147483647.0
0	22:06:58.066	test_pivot_super XAUUSDm,H1: Alert: 15. Up: 1713.543 - Down: 2147483647.0
0	22:06:58.108	test_pivot_super XAUUSDm,H1: Alert: 16. Up: 1712.406 - Down: 2147483647.0
0	22:06:58.151	test_pivot_super XAUUSDm,H1: Alert: 17. Up: 1710.131 - Down: 2147483647.0
0	22:06:58.200	test_pivot_super XAUUSDm,H1: Alert: 18. Up: 1710.131 - Down: 2147483647.0
0	22:06:58.243	test_pivot_super XAUUSDm,H1: Alert: 19. Up: 1710.131 - Down: 2147483647.0
0	22:06:58.285	test_pivot_super XAUUSDm,H1: Alert: 20. Up: 1711.934 - Down: 1711.934
0	22:06:58.328	test_pivot_super XAUUSDm,H1: Alert: 21. Up: 1712.894 - Down: 1712.894
0	22:06:58.371	test_pivot_super XAUUSDm,H1: Alert: 22. Up: 1712.894 - Down: 2147483647.0
0	22:06:58.418	test_pivot_super XAUUSDm,H1: Alert: 23. Up: 1712.894 - Down: 2147483647.0
0	22:06:58.461	test_pivot_super XAUUSDm,H1: Alert: 24. Up: 1712.894 - Down: 2147483647.0
0	22:06:58.506	test_pivot_super XAUUSDm,H1: Alert: 25. Up: 1712.894 - Down: 2147483647.0
0	22:06:58.548	test_pivot_super XAUUSDm,H1: Alert: 26. Up: 1711.52 - Down: 2147483647.0
0	22:06:58.592	test_pivot_super XAUUSDm,H1: Alert: 27. Up: 1711.52 - Down: 2147483647.0
0	22:06:58.635	test_pivot_super XAUUSDm,H1: Alert: 28. Up: 1711.52 - Down: 2147483647.0
0	22:06:58.680	test_pivot_super XAUUSDm,H1: Alert: 29. Up: 1711.52 - Down: 2147483647.0
0	22:06:58.729	test_pivot_super XAUUSDm,H1: Alert: 30. Up: 1711.52 - Down: 2147483647.0
0	22:06:58.772	test_pivot_super XAUUSDm,H1: Alert: 31. Up: 1711.52 - Down: 2147483647.0
0	22:06:58.816	test_pivot_super XAUUSDm,H1: Alert: 32. Up: 1711.082 - Down: 2147483647.0
0	22:06:58.859	test_pivot_super XAUUSDm,H1: Alert: 33. Up: 1711.082 - Down: 2147483647.0
0	22:06:58.901	test_pivot_super XAUUSDm,H1: Alert: 34. Up: 1711.082 - Down: 2147483647.0
0	22:06:58.944	test_pivot_super XAUUSDm,H1: Alert: 35. Up: 1711.082 - Down: 2147483647.0
0	22:06:58.983	test_pivot_super XAUUSDm,H1: Alert: 36. Up: 1711.082 - Down: 2147483647.0
0	22:06:59.025	test_pivot_super XAUUSDm,H1: Alert: 37. Up: 1711.082 - Down: 2147483647.0
0	22:06:59.069	test_pivot_super XAUUSDm,H1: Alert: 38. Up: 1711.082 - Down: 2147483647.0
0	22:06:59.111	test_pivot_super XAUUSDm,H1: Alert: 39. Up: 1711.082 - Down: 2147483647.0
0	22:06:59.156	test_pivot_super XAUUSDm,H1: Alert: 40. Up: 1711.082 - Down: 2147483647.0
0	22:06:59.198	test_pivot_super XAUUSDm,H1: Alert: 41. Up: 1711.082 - Down: 2147483647.0
0	22:06:59.243	test_pivot_super XAUUSDm,H1: Alert: 42. Up: 1711.082 - Down: 2147483647.0
0	22:06:59.284	test_pivot_super XAUUSDm,H1: Alert: 43. Up: 1711.082 - Down: 2147483647.0
0	22:06:59.329	test_pivot_super XAUUSDm,H1: Alert: 44. Up: 1711.082 - Down: 2147483647.0
0	22:06:59.373	test_pivot_super XAUUSDm,H1: Alert: 45. Up: 1704.174 - Down: 2147483647.0
0	22:06:59.415	test_pivot_super XAUUSDm,H1: Alert: 46. Up: 1704.174 - Down: 2147483647.0
0	22:06:59.458	test_pivot_super XAUUSDm,H1: Alert: 47. Up: 1704.174 - Down: 2147483647.0
0	22:06:59.503	test_pivot_super XAUUSDm,H1: Alert: 48. Up: 1704.174 - Down: 2147483647.0
0	22:06:59.546	test_pivot_super XAUUSDm,H1: Alert: 49. Up: 1704.174 - Down: 2147483647.0
0	22:06:59.546	test_pivot_super XAUUSDm,H1: uninit reason 0
0	22:06:59.707	Script test_pivot_super XAUUSDm,H1: removed
0	22:18:08.123	Compiling 'pivot_supertrend_v1'
0	22:18:09.202	Script test\test_pivot_super XAUUSDm,H1: loaded successfully
0	22:18:09.214	test_pivot_super XAUUSDm,H1: initialized
0	22:18:09.249	test_pivot_super XAUUSDm,H1: Alert: 0. Up: 2147483647.0 - Down: 1709.5
0	22:18:09.296	test_pivot_super XAUUSDm,H1: Alert: 1. Up: 2147483647.0 - Down: 1714.99
0	22:18:09.345	test_pivot_super XAUUSDm,H1: Alert: 2. Up: 2147483647.0 - Down: 1714.99
0	22:18:09.391	test_pivot_super XAUUSDm,H1: Alert: 3. Up: 1711.713 - Down: 1711.713
0	22:18:09.438	test_pivot_super XAUUSDm,H1: Alert: 4. Up: 1713.424 - Down: 1713.424
0	22:18:09.438	test_pivot_super XAUUSDm,H1: uninit reason 0
0	22:18:09.468	Script test_pivot_super XAUUSDm,H1: removed
0	22:29:24.730	super-trend-2 XAUUSDm,H1: uninit reason 9
0	22:29:24.798	Custom indicator super-trend-2 XAUUSDm,H1: removed
