0	09:32:54.871	Compiling 'ma_signal __v3'
0	10:08:03.288	Compiling 'ma_signal __v3'
0	15:39:48.745	Compiling 'scalp_ema_v1'
0	21:46:41.077	Compiling 'scalp_ema_v3'
0	21:46:57.685	Script test\test_candle XAUUSDm,H1: loaded successfully
0	21:46:57.697	test_candle XAUUSDm,H1: initialized
0	21:46:57.698	test_candle XAUUSDm,H1: Alert: 0
0	21:46:57.698	test_candle XAUUSDm,H1: uninit reason 0
0	21:46:57.724	Script test_candle XAUUSDm,H1: removed
0	21:47:09.866	Script test\test_candle XAUUSDm,H1: loaded successfully
0	21:47:09.879	test_candle XAUUSDm,H1: initialized
0	21:47:09.879	test_candle XAUUSDm,H1: Alert: 0
0	21:47:09.879	test_candle XAUUSDm,H1: uninit reason 0
0	21:47:09.902	Script test_candle XAUUSDm,H1: removed
0	21:47:31.025	Script test\test_candle XAUUSDm,H1: loaded successfully
0	21:47:31.037	test_candle XAUUSDm,H1: initialized
0	21:47:31.037	test_candle XAUUSDm,H1: Alert: 0
0	21:47:31.037	test_candle XAUUSDm,H1: uninit reason 0
0	21:47:31.053	Script test_candle XAUUSDm,H1: removed
0	21:47:44.991	Script test\test_candle XAUUSDm,H1: loaded successfully
0	21:47:45.004	test_candle XAUUSDm,H1: initialized
0	21:47:45.004	test_candle XAUUSDm,H1: Alert: 0
0	21:47:45.004	test_candle XAUUSDm,H1: Alert: 0
0	21:47:45.004	test_candle XAUUSDm,H1: Alert: 1
0	21:47:45.004	test_candle XAUUSDm,H1: uninit reason 0
0	21:47:45.019	Script test_candle XAUUSDm,H1: removed
0	21:48:10.563	Script test\test_candle XAUUSDm,H1: loaded successfully
0	21:48:10.575	test_candle XAUUSDm,H1: initialized
0	21:48:10.575	test_candle XAUUSDm,H1: Alert: 0
0	21:48:10.575	test_candle XAUUSDm,H1: Alert: 0
0	21:48:10.575	test_candle XAUUSDm,H1: Alert: 1
0	21:48:10.575	test_candle XAUUSDm,H1: Alert: 0
0	21:48:10.575	test_candle XAUUSDm,H1: uninit reason 0
0	21:48:10.595	Script test_candle XAUUSDm,H1: removed
0	21:48:24.673	Script test\test_candle XAUUSDm,H1: loaded successfully
0	21:48:24.683	test_candle XAUUSDm,H1: initialized
0	21:48:24.683	test_candle XAUUSDm,H1: Alert: 0
0	21:48:24.683	test_candle XAUUSDm,H1: Alert: 0
0	21:48:24.683	test_candle XAUUSDm,H1: Alert: 1
0	21:48:24.683	test_candle XAUUSDm,H1: Alert: 0
0	21:48:24.683	test_candle XAUUSDm,H1: uninit reason 0
0	21:48:24.699	Script test_candle XAUUSDm,H1: removed
0	21:48:49.745	Script test\test_candle XAUUSDm,H1: loaded successfully
0	21:48:49.759	test_candle XAUUSDm,H1: initialized
0	21:48:49.759	test_candle XAUUSDm,H1: Alert: 80
0	21:48:49.759	test_candle XAUUSDm,H1: Alert: 90
0	21:48:49.759	test_candle XAUUSDm,H1: Alert: 101
0	21:48:49.759	test_candle XAUUSDm,H1: Alert: 120
0	21:48:49.759	test_candle XAUUSDm,H1: uninit reason 0
0	21:48:49.765	Script test_candle XAUUSDm,H1: removed
0	21:49:14.777	Script test\test_candle XAUUSDm,H1: loaded successfully
0	21:49:14.789	test_candle XAUUSDm,H1: initialized
0	21:49:14.790	test_candle XAUUSDm,H1: Alert: 8 - 0
0	21:49:14.790	test_candle XAUUSDm,H1: Alert: 9 - 0
0	21:49:14.790	test_candle XAUUSDm,H1: Alert: 10 - 1
0	21:49:14.790	test_candle XAUUSDm,H1: Alert: 12 - 0
0	21:49:14.790	test_candle XAUUSDm,H1: uninit reason 0
0	21:49:14.807	Script test_candle XAUUSDm,H1: removed
0	21:49:28.675	Script test\test_candle XAUUSDm,H1: loaded successfully
0	21:49:28.689	test_candle XAUUSDm,H1: initialized
0	21:49:28.689	test_candle XAUUSDm,H1: Alert: 0 - 0
0	21:49:28.689	test_candle XAUUSDm,H1: Alert: 8 - 0
0	21:49:28.689	test_candle XAUUSDm,H1: Alert: 9 - 0
0	21:49:28.689	test_candle XAUUSDm,H1: Alert: 10 - 1
0	21:49:28.689	test_candle XAUUSDm,H1: Alert: 12 - 0
0	21:49:28.689	test_candle XAUUSDm,H1: uninit reason 0
0	21:49:28.706	Script test_candle XAUUSDm,H1: removed
0	21:49:42.023	Script test\test_candle XAUUSDm,H1: loaded successfully
0	21:49:42.036	test_candle XAUUSDm,H1: initialized
0	21:49:42.036	test_candle XAUUSDm,H1: Alert: 0 - 0
0	21:49:42.036	test_candle XAUUSDm,H1: Alert: 8 - 0
0	21:49:42.036	test_candle XAUUSDm,H1: Alert: 9 - 0
0	21:49:42.036	test_candle XAUUSDm,H1: Alert: 10 - 1
0	21:49:42.036	test_candle XAUUSDm,H1: Alert: 12 - 0
0	21:49:42.036	test_candle XAUUSDm,H1: Alert: 13 - 0
0	21:49:42.036	test_candle XAUUSDm,H1: uninit reason 0
0	21:49:42.056	Script test_candle XAUUSDm,H1: removed
0	21:50:16.187	Script test\test_candle XAUUSDm,H1: loaded successfully
0	21:50:16.200	test_candle XAUUSDm,H1: initialized
0	21:50:16.200	test_candle XAUUSDm,H1: Alert: 0
0	21:50:16.200	test_candle XAUUSDm,H1: Alert: 0 - 0
0	21:50:16.200	test_candle XAUUSDm,H1: Alert: 8 - 0
0	21:50:16.200	test_candle XAUUSDm,H1: Alert: 9 - 0
0	21:50:16.200	test_candle XAUUSDm,H1: Alert: 10 - 1
0	21:50:16.200	test_candle XAUUSDm,H1: Alert: 12 - 0
0	21:50:16.200	test_candle XAUUSDm,H1: Alert: 13 - 0
0	21:50:16.200	test_candle XAUUSDm,H1: uninit reason 0
0	21:50:16.202	Script test_candle XAUUSDm,H1: removed
0	21:50:45.966	Script test\test_candle XAUUSDm,H1: loaded successfully
0	21:50:45.974	test_candle XAUUSDm,H1: initialized
0	21:50:45.980	test_candle XAUUSDm,H1: Alert: 0 - 0
0	21:50:45.980	test_candle XAUUSDm,H1: Alert: 8 - 0
0	21:50:45.980	test_candle XAUUSDm,H1: Alert: 9 - 1
0	21:50:45.980	test_candle XAUUSDm,H1: Alert: 10 - 0
0	21:50:45.980	test_candle XAUUSDm,H1: Alert: 12 - 1
0	21:50:45.980	test_candle XAUUSDm,H1: Alert: 13 - 0
0	21:50:45.980	test_candle XAUUSDm,H1: uninit reason 0
0	21:50:46.000	Script test_candle XAUUSDm,H1: removed
0	22:00:41.530	Script test\test_candle XAUUSDm,H1: loaded successfully
0	22:00:41.541	test_candle XAUUSDm,H1: initialized
0	22:00:41.541	test_candle XAUUSDm,H1: Alert: 13 - true
0	22:00:41.541	test_candle XAUUSDm,H1: uninit reason 0
0	22:00:41.560	Script test_candle XAUUSDm,H1: removed
0	22:01:03.091	Script test\test_candle XAUUSDm,H1: loaded successfully
0	22:01:03.109	test_candle XAUUSDm,H1: initialized
0	22:01:03.109	test_candle XAUUSDm,H1: Alert: Type - true
0	22:01:03.109	test_candle XAUUSDm,H1: uninit reason 0
0	22:01:03.131	Script test_candle XAUUSDm,H1: removed
0	22:01:15.970	Script test\test_candle XAUUSDm,H1: loaded successfully
0	22:01:15.989	test_candle XAUUSDm,H1: initialized
0	22:01:15.990	test_candle XAUUSDm,H1: Alert: Type - true
0	22:01:15.990	test_candle XAUUSDm,H1: uninit reason 0
0	22:01:16.000	Script test_candle XAUUSDm,H1: removed
0	22:01:22.491	Script test\test_candle XAUUSDm,H1: loaded successfully
0	22:01:22.500	test_candle XAUUSDm,H1: initialized
0	22:01:22.505	test_candle XAUUSDm,H1: Alert: Type - true
0	22:01:22.505	test_candle XAUUSDm,H1: uninit reason 0
0	22:01:22.530	Script test_candle XAUUSDm,H1: removed
0	22:01:37.392	Script test\test_candle XAUUSDm,H1: loaded successfully
0	22:01:37.401	test_candle XAUUSDm,H1: initialized
0	22:01:37.409	test_candle XAUUSDm,H1: Alert: Type - false
0	22:01:37.409	test_candle XAUUSDm,H1: uninit reason 0
0	22:01:37.429	Script test_candle XAUUSDm,H1: removed
0	22:29:28.686	Compiling 'scalp_ema_v2'
0	22:29:29.898	Compiling 'simple_candle'
0	22:29:30.955	Script test\test_candle XAUUSDm,H1: loaded successfully
0	22:29:30.968	test_candle XAUUSDm,H1: initialized
0	22:29:30.969	test_candle XAUUSDm,H1: Alert: 000
0	22:29:30.969	test_candle XAUUSDm,H1: uninit reason 0
0	22:29:30.994	Script test_candle XAUUSDm,H1: removed
0	22:30:45.546	Compiling 'simple_candle'
0	22:30:46.838	Script test\test_candle XAUUSDm,H1: loaded successfully
0	22:30:46.853	test_candle XAUUSDm,H1: initialized
0	22:30:46.854	test_candle XAUUSDm,H1: Alert: 000
0	22:30:46.854	test_candle XAUUSDm,H1: Alert: 1712.532
0	22:30:46.854	test_candle XAUUSDm,H1: uninit reason 0
0	22:30:46.876	Script test_candle XAUUSDm,H1: removed
0	23:16:25.813	Compiling 'simple_candle'
0	23:16:27.016	Script test\classify_candle XAUUSDm,H1: loaded successfully
0	23:16:27.033	classify_candle XAUUSDm,H1: initialized
0	23:16:27.033	classify_candle XAUUSDm,H1: uninit reason 0
0	23:16:27.053	Script classify_candle XAUUSDm,H1: removed
0	23:17:28.064	Script test\classify_candle XAUUSDm,H1: loaded successfully
0	23:17:28.077	classify_candle XAUUSDm,H1: initialized
0	23:17:28.077	classify_candle XAUUSDm,H1: 4. Name: undefined - Type: Bear
0	23:17:28.077	classify_candle XAUUSDm,H1: uninit reason 0
0	23:17:28.094	Script classify_candle XAUUSDm,H1: removed
0	23:18:06.292	Script test\classify_candle XAUUSDm,H1: loaded successfully
0	23:18:06.303	classify_candle XAUUSDm,H1: initialized
0	23:18:06.303	classify_candle XAUUSDm,H1: Alert: Name: undefined - Type: Bear
0	23:18:06.303	classify_candle XAUUSDm,H1: uninit reason 0
0	23:18:06.329	Script classify_candle XAUUSDm,H1: removed
0	23:18:55.734	Script test\classify_candle XAUUSDm,H1: loaded successfully
0	23:18:55.744	classify_candle XAUUSDm,H1: initialized
0	23:18:55.744	classify_candle XAUUSDm,H1: Alert: Name: undefined - Type: Bull
0	23:18:55.744	classify_candle XAUUSDm,H1: uninit reason 0
0	23:18:55.774	Script classify_candle XAUUSDm,H1: removed
0	23:19:06.916	Script test\classify_candle XAUUSDm,H1: loaded successfully
0	23:19:06.933	classify_candle XAUUSDm,H1: initialized
0	23:19:06.933	classify_candle XAUUSDm,H1: Alert: Name: undefined - Type: Bear
0	23:19:06.933	classify_candle XAUUSDm,H1: uninit reason 0
0	23:19:06.943	Script classify_candle XAUUSDm,H1: removed
0	23:19:30.163	Script test\classify_candle XAUUSDm,H1: loaded successfully
0	23:19:30.174	classify_candle XAUUSDm,H1: initialized
0	23:19:30.174	classify_candle XAUUSDm,H1: Alert: 3 .Name: hammer - Type: Bull
0	23:19:30.174	classify_candle XAUUSDm,H1: uninit reason 0
0	23:19:30.193	Script classify_candle XAUUSDm,H1: removed
0	23:19:51.063	Script test\classify_candle XAUUSDm,H1: loaded successfully
0	23:19:51.077	classify_candle XAUUSDm,H1: initialized
0	23:19:51.077	classify_candle XAUUSDm,H1: Alert: 3 .Name: hammer - Type: Bear
0	23:19:51.077	classify_candle XAUUSDm,H1: uninit reason 0
0	23:19:51.103	Script classify_candle XAUUSDm,H1: removed
0	23:20:05.586	Script test\classify_candle XAUUSDm,H1: loaded successfully
0	23:20:05.603	classify_candle XAUUSDm,H1: initialized
0	23:20:05.603	classify_candle XAUUSDm,H1: Alert: 6 .Name: undefined - Type: Bear
0	23:20:05.603	classify_candle XAUUSDm,H1: uninit reason 0
0	23:20:05.623	Script classify_candle XAUUSDm,H1: removed
0	23:20:20.614	Script test\classify_candle XAUUSDm,H1: loaded successfully
0	23:20:20.623	classify_candle XAUUSDm,H1: initialized
0	23:20:20.623	classify_candle XAUUSDm,H1: Alert: 9 .Name: undefined - Type: Bull
0	23:20:20.623	classify_candle XAUUSDm,H1: uninit reason 0
0	23:20:20.653	Script classify_candle XAUUSDm,H1: removed
0	23:20:49.675	Script test\classify_candle XAUUSDm,H1: loaded successfully
0	23:20:49.689	classify_candle XAUUSDm,H1: initialized
0	23:20:49.689	classify_candle XAUUSDm,H1: Alert: 19 .Name: undefined - Type: Bull
0	23:20:49.689	classify_candle XAUUSDm,H1: uninit reason 0
0	23:20:49.704	Script classify_candle XAUUSDm,H1: removed
