0	22:53:57.035	Script test\test_hedging USDRUB,H1: loaded successfully
0	22:53:57.049	test_hedging USDRUB,H1: initialized
0	22:53:57.049	test_hedging USDRUB,H1: Alert: 0
0	22:53:57.049	test_hedging USDRUB,H1: Alert: 1
0	22:53:57.049	test_hedging USDRUB,H1: Alert: 2
0	22:53:57.049	test_hedging USDRUB,H1: Alert: 3
0	22:53:57.049	test_hedging USDRUB,H1: Alert: 4
0	22:53:57.049	test_hedging USDRUB,H1: Alert: 5
0	22:53:57.049	test_hedging USDRUB,H1: Alert: 6
0	22:53:57.049	test_hedging USDRUB,H1: Alert: 7
0	22:53:57.049	test_hedging USDRUB,H1: Alert: 8
0	22:53:57.049	test_hedging USDRUB,H1: Alert: 9
0	22:53:57.049	test_hedging USDRUB,H1: uninit reason 0
0	22:53:57.085	Script test_hedging USDRUB,H1: removed
0	22:53:58.700	Script test\test_hedging USDRUB,H1: loaded successfully
0	22:53:58.718	test_hedging USDRUB,H1: initialized
0	22:53:58.718	test_hedging USDRUB,H1: Alert: 0
0	22:53:58.718	test_hedging USDRUB,H1: Alert: 1
0	22:53:58.718	test_hedging USDRUB,H1: Alert: 2
0	22:53:58.718	test_hedging USDRUB,H1: Alert: 3
0	22:53:58.718	test_hedging USDRUB,H1: Alert: 4
0	22:53:58.718	test_hedging USDRUB,H1: Alert: 5
0	22:53:58.718	test_hedging USDRUB,H1: Alert: 6
0	22:53:58.718	test_hedging USDRUB,H1: Alert: 7
0	22:53:58.718	test_hedging USDRUB,H1: Alert: 8
0	22:53:58.718	test_hedging USDRUB,H1: Alert: 9
0	22:53:58.718	test_hedging USDRUB,H1: uninit reason 0
0	22:53:58.728	Script test_hedging USDRUB,H1: removed
0	22:53:59.655	Script test\test_hedging USDRUB,H1: loaded successfully
0	22:53:59.672	test_hedging USDRUB,H1: initialized
0	22:53:59.673	test_hedging USDRUB,H1: Alert: 0
0	22:53:59.673	test_hedging USDRUB,H1: Alert: 1
0	22:53:59.673	test_hedging USDRUB,H1: Alert: 2
0	22:53:59.673	test_hedging USDRUB,H1: Alert: 3
0	22:53:59.673	test_hedging USDRUB,H1: Alert: 4
0	22:53:59.673	test_hedging USDRUB,H1: Alert: 5
0	22:53:59.673	test_hedging USDRUB,H1: Alert: 6
0	22:53:59.673	test_hedging USDRUB,H1: Alert: 7
0	22:53:59.673	test_hedging USDRUB,H1: Alert: 8
0	22:53:59.673	test_hedging USDRUB,H1: Alert: 9
0	22:53:59.673	test_hedging USDRUB,H1: uninit reason 0
0	22:53:59.685	Script test_hedging USDRUB,H1: removed
0	22:55:58.523	Script test\test_hedging BTCAUDm,H1: loaded successfully
3	22:55:58.540	test_hedging BTCAUDm,H1: cannot refresh history [4073]
0	22:55:58.540	test_hedging BTCAUDm,H1: initialized
0	22:55:58.540	test_hedging BTCAUDm,H1: Alert: 0
0	22:55:58.541	test_hedging BTCAUDm,H1: Alert: 1
0	22:55:58.541	test_hedging BTCAUDm,H1: Alert: 2
0	22:55:58.541	test_hedging BTCAUDm,H1: Alert: 3
0	22:55:58.541	test_hedging BTCAUDm,H1: Alert: 4
0	22:55:58.541	test_hedging BTCAUDm,H1: Alert: 5
0	22:55:58.541	test_hedging BTCAUDm,H1: Alert: 6
0	22:55:58.541	test_hedging BTCAUDm,H1: Alert: 7
0	22:55:58.541	test_hedging BTCAUDm,H1: Alert: 8
0	22:55:58.541	test_hedging BTCAUDm,H1: Alert: 9
0	22:55:58.541	test_hedging BTCAUDm,H1: uninit reason 0
0	22:55:58.621	Script test_hedging BTCAUDm,H1: removed
0	23:15:51.214	Script test\test_hedging BTCAUDm,H1: loaded successfully
0	23:15:51.226	test_hedging BTCAUDm,H1: initialized
0	23:15:51.227	test_hedging BTCAUDm,H1: Alert: 0
1	23:16:06.766	test_hedging BTCAUDm,H1: array out of range in 'test_hedging.mq4' (39,15)
0	23:16:06.787	test_hedging BTCAUDm,H1: uninit reason 4
0	23:16:06.787	Script test_hedging BTCAUDm,H1: removed
0	23:16:12.342	Script test\test_hedging BTCAUDm,H1: loaded successfully
0	23:16:12.346	test_hedging BTCAUDm,H1: initialized
0	23:16:12.346	test_hedging BTCAUDm,H1: Alert: 0
1	23:16:26.792	test_hedging BTCAUDm,H1: array out of range in 'test_hedging.mq4' (39,15)
0	23:16:26.828	test_hedging BTCAUDm,H1: uninit reason 4
0	23:16:26.838	Script test_hedging BTCAUDm,H1: removed
0	23:17:19.214	Script test\test_hedging BTCAUDm,H1: loaded successfully
0	23:17:19.236	test_hedging BTCAUDm,H1: initialized
0	23:17:19.236	test_hedging BTCAUDm,H1: Alert: \n--------------------------- New test ---------------------------\n
0	23:17:19.236	test_hedging BTCAUDm,H1: Alert: 0
0	23:17:19.236	test_hedging BTCAUDm,H1: Alert: 1.0
0	23:17:19.236	test_hedging BTCAUDm,H1: Alert: 1
0	23:17:19.236	test_hedging BTCAUDm,H1: Alert: 2
0	23:17:19.236	test_hedging BTCAUDm,H1: Alert: 3
0	23:17:19.236	test_hedging BTCAUDm,H1: Alert: 4
0	23:17:19.236	test_hedging BTCAUDm,H1: Alert: 5
0	23:17:19.236	test_hedging BTCAUDm,H1: Alert: 6
0	23:17:19.236	test_hedging BTCAUDm,H1: Alert: 7
0	23:17:19.236	test_hedging BTCAUDm,H1: Alert: 8
0	23:17:19.236	test_hedging BTCAUDm,H1: Alert: 9
0	23:17:19.236	test_hedging BTCAUDm,H1: uninit reason 0
0	23:17:19.252	Script test_hedging BTCAUDm,H1: removed
0	23:17:30.670	Script test\test_hedging BTCAUDm,H1: loaded successfully
0	23:17:30.692	test_hedging BTCAUDm,H1: initialized
0	23:17:30.692	test_hedging BTCAUDm,H1: Alert: --------------------------- New test ---------------------------
0	23:17:30.692	test_hedging BTCAUDm,H1: Alert: 0
0	23:17:30.692	test_hedging BTCAUDm,H1: Alert: 1.0
0	23:17:30.692	test_hedging BTCAUDm,H1: Alert: 1
0	23:17:30.692	test_hedging BTCAUDm,H1: Alert: 2
0	23:17:30.692	test_hedging BTCAUDm,H1: Alert: 3
0	23:17:30.692	test_hedging BTCAUDm,H1: Alert: 4
0	23:17:30.692	test_hedging BTCAUDm,H1: Alert: 5
0	23:17:30.692	test_hedging BTCAUDm,H1: Alert: 6
0	23:17:30.692	test_hedging BTCAUDm,H1: Alert: 7
0	23:17:30.692	test_hedging BTCAUDm,H1: Alert: 8
0	23:17:30.692	test_hedging BTCAUDm,H1: Alert: 9
0	23:17:30.692	test_hedging BTCAUDm,H1: uninit reason 0
0	23:17:30.732	Script test_hedging BTCAUDm,H1: removed
0	23:23:16.063	Script test\test_hedging BTCAUDm,H1: loaded successfully
0	23:23:16.077	test_hedging BTCAUDm,H1: initialized
0	23:23:16.077	test_hedging BTCAUDm,H1: Alert: --------------------------- New test ---------------------------
0	23:23:16.077	test_hedging BTCAUDm,H1: Alert: 0
1	23:24:00.645	test_hedging BTCAUDm,H1: array out of range in 'test_hedging.mq4' (16,12)
0	23:24:00.686	test_hedging BTCAUDm,H1: uninit reason 4
0	23:24:00.696	Script test_hedging BTCAUDm,H1: removed
0	23:24:50.251	Script test\test_hedging BTCAUDm,H1: loaded successfully
0	23:24:50.273	test_hedging BTCAUDm,H1: initialized
0	23:24:50.273	test_hedging BTCAUDm,H1: Alert: --------------------------- New test ---------------------------
0	23:24:50.273	test_hedging BTCAUDm,H1: Alert: 0
1	23:25:02.968	test_hedging BTCAUDm,H1: array out of range in 'test_hedging.mq4' (16,12)
0	23:25:03.035	test_hedging BTCAUDm,H1: uninit reason 4
0	23:25:03.048	Script test_hedging BTCAUDm,H1: removed
0	23:25:05.744	Script test\test_hedging BTCAUDm,H1: loaded successfully
0	23:25:05.758	test_hedging BTCAUDm,H1: initialized
0	23:25:05.758	test_hedging BTCAUDm,H1: Alert: --------------------------- New test ---------------------------
0	23:25:05.758	test_hedging BTCAUDm,H1: Alert: 0
1	23:25:38.449	test_hedging BTCAUDm,H1: array out of range in 'test_hedging.mq4' (16,12)
0	23:25:38.483	test_hedging BTCAUDm,H1: uninit reason 4
0	23:25:38.503	Script test_hedging BTCAUDm,H1: removed
0	23:25:42.481	Script test\test_hedging BTCAUDm,H1: loaded successfully
0	23:25:42.494	test_hedging BTCAUDm,H1: initialized
0	23:25:42.494	test_hedging BTCAUDm,H1: Alert: --------------------------- New test ---------------------------
0	23:25:42.494	test_hedging BTCAUDm,H1: Alert: 0
1	23:26:09.688	test_hedging BTCAUDm,H1: array out of range in 'test_hedging.mq4' (16,12)
0	23:26:09.745	test_hedging BTCAUDm,H1: uninit reason 4
0	23:26:09.765	Script test_hedging BTCAUDm,H1: removed
0	23:26:10.695	Script test\test_hedging BTCAUDm,H1: loaded successfully
0	23:26:10.717	test_hedging BTCAUDm,H1: initialized
0	23:26:10.718	test_hedging BTCAUDm,H1: Alert: --------------------------- New test ---------------------------
0	23:26:10.718	test_hedging BTCAUDm,H1: Alert: 0
0	23:26:10.718	test_hedging BTCAUDm,H1: Alert: -1
1	23:26:41.704	test_hedging BTCAUDm,H1: array out of range in 'test_hedging.mq4' (17,12)
0	23:26:41.794	test_hedging BTCAUDm,H1: uninit reason 4
0	23:26:41.809	Script test_hedging BTCAUDm,H1: removed
0	23:26:43.623	Script test\test_hedging BTCAUDm,H1: loaded successfully
0	23:26:43.635	test_hedging BTCAUDm,H1: initialized
0	23:26:43.635	test_hedging BTCAUDm,H1: Alert: --------------------------- New test ---------------------------
0	23:26:43.635	test_hedging BTCAUDm,H1: Alert: -1
1	23:26:48.980	test_hedging BTCAUDm,H1: array out of range in 'test_hedging.mq4' (17,12)
0	23:26:48.994	test_hedging BTCAUDm,H1: uninit reason 4
0	23:26:48.997	Script test_hedging BTCAUDm,H1: removed
0	23:26:51.309	Script test\test_hedging BTCAUDm,H1: loaded successfully
0	23:26:51.321	test_hedging BTCAUDm,H1: initialized
0	23:26:51.321	test_hedging BTCAUDm,H1: Alert: --------------------------- New test ---------------------------
0	23:26:51.321	test_hedging BTCAUDm,H1: Alert: -1
1	23:27:06.528	test_hedging BTCAUDm,H1: debugging terminated
0	23:27:06.539	test_hedging BTCAUDm,H1: uninit reason 0
0	23:27:06.557	Script test_hedging BTCAUDm,H1: removed
0	23:27:33.586	Script test\test_hedging BTCAUDm,H1: loaded successfully
0	23:27:33.599	test_hedging BTCAUDm,H1: initialized
0	23:27:33.600	test_hedging BTCAUDm,H1: Alert: --------------------------- New test ---------------------------
0	23:27:33.600	test_hedging BTCAUDm,H1: Alert: 1
0	23:27:33.600	test_hedging BTCAUDm,H1: Alert: -1
1	23:28:17.375	test_hedging BTCAUDm,H1: array out of range in 'test_hedging.mq4' (17,12)
0	23:28:17.445	test_hedging BTCAUDm,H1: uninit reason 4
0	23:28:17.455	Script test_hedging BTCAUDm,H1: removed
0	23:28:18.620	Script test\test_hedging BTCAUDm,H1: loaded successfully
0	23:28:18.637	test_hedging BTCAUDm,H1: initialized
0	23:28:18.637	test_hedging BTCAUDm,H1: Alert: --------------------------- New test ---------------------------
0	23:28:18.637	test_hedging BTCAUDm,H1: Alert: 1
0	23:28:18.637	test_hedging BTCAUDm,H1: Alert: -1
0	23:28:18.637	test_hedging BTCAUDm,H1: Alert: 1.01920.0
0	23:28:18.637	test_hedging BTCAUDm,H1: Alert: 2
0	23:28:18.637	test_hedging BTCAUDm,H1: Alert: 3
0	23:28:18.637	test_hedging BTCAUDm,H1: Alert: 4
0	23:28:18.637	test_hedging BTCAUDm,H1: Alert: 5
0	23:28:18.637	test_hedging BTCAUDm,H1: Alert: 6
0	23:28:18.637	test_hedging BTCAUDm,H1: Alert: 7
0	23:28:18.637	test_hedging BTCAUDm,H1: Alert: 8
0	23:28:18.637	test_hedging BTCAUDm,H1: Alert: 9
0	23:28:18.637	test_hedging BTCAUDm,H1: uninit reason 0
0	23:28:18.657	Script test_hedging BTCAUDm,H1: removed
0	23:28:25.452	Script test\test_hedging BTCAUDm,H1: loaded successfully
0	23:28:25.462	test_hedging BTCAUDm,H1: initialized
0	23:28:25.462	test_hedging BTCAUDm,H1: Alert: --------------------------- New test ---------------------------
0	23:28:25.462	test_hedging BTCAUDm,H1: Alert: 1
0	23:28:25.462	test_hedging BTCAUDm,H1: Alert: -1
0	23:28:25.462	test_hedging BTCAUDm,H1: Alert: 1.01920.0
0	23:28:25.462	test_hedging BTCAUDm,H1: Alert: 2
0	23:28:25.462	test_hedging BTCAUDm,H1: Alert: 3
0	23:28:25.462	test_hedging BTCAUDm,H1: Alert: 4
0	23:28:25.462	test_hedging BTCAUDm,H1: Alert: 5
0	23:28:25.462	test_hedging BTCAUDm,H1: Alert: 6
0	23:28:25.462	test_hedging BTCAUDm,H1: Alert: 7
0	23:28:25.462	test_hedging BTCAUDm,H1: Alert: 8
0	23:28:25.462	test_hedging BTCAUDm,H1: Alert: 9
0	23:28:25.462	test_hedging BTCAUDm,H1: uninit reason 0
0	23:28:25.482	Script test_hedging BTCAUDm,H1: removed
0	23:30:17.021	Script test\test_hedging BTCAUDm,H1: loaded successfully
0	23:30:17.034	test_hedging BTCAUDm,H1: initialized
0	23:30:17.035	test_hedging BTCAUDm,H1: Alert: --------------------------- New test ---------------------------
0	23:30:17.035	test_hedging BTCAUDm,H1: Alert: 2SELl
0	23:30:17.035	test_hedging BTCAUDm,H1: Alert: 3BUY
0	23:30:17.035	test_hedging BTCAUDm,H1: Alert: 4SELl
0	23:30:17.035	test_hedging BTCAUDm,H1: Alert: 5BUY
0	23:30:17.035	test_hedging BTCAUDm,H1: Alert: 6SELl
0	23:30:17.035	test_hedging BTCAUDm,H1: Alert: 7BUY
0	23:30:17.035	test_hedging BTCAUDm,H1: Alert: 8SELl
0	23:30:17.035	test_hedging BTCAUDm,H1: Alert: 9BUY
0	23:30:17.035	test_hedging BTCAUDm,H1: uninit reason 0
0	23:30:17.049	Script test_hedging BTCAUDm,H1: removed
