10/9/2022 2:59:22 PM  System.IO.IOException: Pipe is broken.
   at System.IO.Pipes.PipeStream.WinIOError(Int32 errorCode)
   at System.IO.Pipes.PipeStream.EndWrite(IAsyncResult asyncResult)
   at System.IO.Pipes.PipeStream.WriteCore(Byte[] buffer, Int32 offset, Int32 count)
   at Trading_Simulator.pipe.MT4Server.Send(Byte[] msg, Int32 length)
10/10/2022 11:24:06 PM  System.IO.IOException: Pipe is broken.
   at System.IO.Pipes.PipeStream.WinIOError(Int32 errorCode)
   at System.IO.Pipes.PipeStream.EndWrite(IAsyncResult asyncResult)
   at System.IO.Pipes.PipeStream.WriteCore(Byte[] buffer, Int32 offset, Int32 count)
   at Trading_Simulator.pipe.MT4Server.Send(Byte[] msg, Int32 length)
10/10/2022 11:36:14 PM  System.IO.IOException: Pipe is broken.
   at System.IO.Pipes.PipeStream.WinIOError(Int32 errorCode)
   at System.IO.Pipes.PipeStream.BeginWriteCore(Byte[] buffer, Int32 offset, Int32 count, AsyncCallback callback, Object state)
   at System.IO.Pipes.PipeStream.WriteCore(Byte[] buffer, Int32 offset, Int32 count)
   at Trading_Simulator.pipe.MT4Server.Send(Byte[] msg, Int32 length)
10/15/2022 8:41:28 PM  System.IO.IOException: Pipe is broken.
   at System.IO.Pipes.PipeStream.WinIOError(Int32 errorCode)
   at System.IO.Pipes.PipeStream.BeginWriteCore(Byte[] buffer, Int32 offset, Int32 count, AsyncCallback callback, Object state)
   at System.IO.Pipes.PipeStream.WriteCore(Byte[] buffer, Int32 offset, Int32 count)
   at Trading_Simulator.pipe.MT4Server.Send(Byte[] msg, Int32 length)
10/18/2022 10:46:40 PM  System.IO.IOException: Pipe is broken.
   at System.IO.Pipes.PipeStream.WinIOError(Int32 errorCode)
   at System.IO.Pipes.PipeStream.EndWrite(IAsyncResult asyncResult)
   at System.IO.Pipes.PipeStream.WriteCore(Byte[] buffer, Int32 offset, Int32 count)
   at Trading_Simulator.pipe.MT4Server.Send(Byte[] msg, Int32 length)
10/19/2022 9:35:08 PM  System.IO.IOException: Pipe is broken.
   at System.IO.Pipes.PipeStream.WinIOError(Int32 errorCode)
   at System.IO.Pipes.PipeStream.EndWrite(IAsyncResult asyncResult)
   at System.IO.Pipes.PipeStream.WriteCore(Byte[] buffer, Int32 offset, Int32 count)
   at Trading_Simulator.pipe.MT4Server.Send(Byte[] msg, Int32 length)
10/20/2022 11:53:31 PM  System.IO.IOException: Pipe is broken.
   at System.IO.Pipes.PipeStream.WinIOError(Int32 errorCode)
   at System.IO.Pipes.PipeStream.BeginWriteCore(Byte[] buffer, Int32 offset, Int32 count, AsyncCallback callback, Object state)
   at System.IO.Pipes.PipeStream.WriteCore(Byte[] buffer, Int32 offset, Int32 count)
   at Trading_Simulator.pipe.MT4Server.Send(Byte[] msg, Int32 length)
10/21/2022 11:17:05 PM  System.IO.IOException: Pipe is broken.
   at System.IO.Pipes.PipeStream.WinIOError(Int32 errorCode)
   at System.IO.Pipes.PipeStream.EndWrite(IAsyncResult asyncResult)
   at System.IO.Pipes.PipeStream.WriteCore(Byte[] buffer, Int32 offset, Int32 count)
   at Trading_Simulator.pipe.MT4Server.Send(Byte[] msg, Int32 length)
10/22/2022 11:04:04 PM  System.IO.IOException: Pipe is broken.
   at System.IO.Pipes.PipeStream.WinIOError(Int32 errorCode)
   at System.IO.Pipes.PipeStream.EndWrite(IAsyncResult asyncResult)
   at System.IO.Pipes.PipeStream.WriteCore(Byte[] buffer, Int32 offset, Int32 count)
   at Trading_Simulator.pipe.MT4Server.Send(Byte[] msg, Int32 length)
10/25/2022 11:47:22 PM  System.IO.IOException: Pipe is broken.
   at System.IO.Pipes.PipeStream.WinIOError(Int32 errorCode)
   at System.IO.Pipes.PipeStream.EndWrite(IAsyncResult asyncResult)
   at System.IO.Pipes.PipeStream.WriteCore(Byte[] buffer, Int32 offset, Int32 count)
   at Trading_Simulator.pipe.MT4Server.Send(Byte[] msg, Int32 length)
10/26/2022 10:36:13 PM  System.IO.IOException: Pipe is broken.
   at System.IO.Pipes.PipeStream.WinIOError(Int32 errorCode)
   at System.IO.Pipes.PipeStream.EndWrite(IAsyncResult asyncResult)
   at System.IO.Pipes.PipeStream.WriteCore(Byte[] buffer, Int32 offset, Int32 count)
   at Trading_Simulator.pipe.MT4Server.Send(Byte[] msg, Int32 length)
10/30/2022 11:01:40 PM  System.IO.IOException: Pipe is broken.
   at System.IO.Pipes.PipeStream.WinIOError(Int32 errorCode)
   at System.IO.Pipes.PipeStream.BeginWriteCore(Byte[] buffer, Int32 offset, Int32 count, AsyncCallback callback, Object state)
   at System.IO.Pipes.PipeStream.WriteCore(Byte[] buffer, Int32 offset, Int32 count)
   at Trading_Simulator.pipe.MT4Server.Send(Byte[] msg, Int32 length)
11/3/2022 12:02:21 AM  System.IO.IOException: Pipe is broken.
   at System.IO.Pipes.PipeStream.WinIOError(Int32 errorCode)
   at System.IO.Pipes.PipeStream.EndWrite(IAsyncResult asyncResult)
   at System.IO.Pipes.PipeStream.WriteCore(Byte[] buffer, Int32 offset, Int32 count)
   at Trading_Simulator.pipe.MT4Server.Send(Byte[] msg, Int32 length)
11/6/2022 12:12:18 AM  System.IO.IOException: Pipe is broken.
   at System.IO.Pipes.PipeStream.WinIOError(Int32 errorCode)
   at System.IO.Pipes.PipeStream.BeginWriteCore(Byte[] buffer, Int32 offset, Int32 count, AsyncCallback callback, Object state)
   at System.IO.Pipes.PipeStream.WriteCore(Byte[] buffer, Int32 offset, Int32 count)
   at Trading_Simulator.pipe.MT4Server.Send(Byte[] msg, Int32 length)
11/20/2022 1:30:12 PM  System.IO.IOException: Pipe is broken.
   at System.IO.Pipes.PipeStream.WinIOError(Int32 errorCode)
   at System.IO.Pipes.PipeStream.BeginWriteCore(Byte[] buffer, Int32 offset, Int32 count, AsyncCallback callback, Object state)
   at System.IO.Pipes.PipeStream.WriteCore(Byte[] buffer, Int32 offset, Int32 count)
   at Trading_Simulator.pipe.MT4Server.Send(Byte[] msg, Int32 length)
11/24/2022 11:01:33 PM  System.IO.IOException: Pipe is broken.
   at System.IO.Pipes.PipeStream.WinIOError(Int32 errorCode)
   at System.IO.Pipes.PipeStream.BeginWriteCore(Byte[] buffer, Int32 offset, Int32 count, AsyncCallback callback, Object state)
   at System.IO.Pipes.PipeStream.WriteCore(Byte[] buffer, Int32 offset, Int32 count)
   at Trading_Simulator.pipe.MT4Server.Send(Byte[] msg, Int32 length)
11/24/2022 11:20:10 PM  System.IO.IOException: Pipe is broken.
   at System.IO.Pipes.PipeStream.WinIOError(Int32 errorCode)
   at System.IO.Pipes.PipeStream.BeginWriteCore(Byte[] buffer, Int32 offset, Int32 count, AsyncCallback callback, Object state)
   at System.IO.Pipes.PipeStream.WriteCore(Byte[] buffer, Int32 offset, Int32 count)
   at Trading_Simulator.pipe.MT4Server.Send(Byte[] msg, Int32 length)
11/25/2022 11:26:51 PM  System.IO.IOException: Pipe is broken.
   at System.IO.Pipes.PipeStream.WinIOError(Int32 errorCode)
   at System.IO.Pipes.PipeStream.BeginWriteCore(Byte[] buffer, Int32 offset, Int32 count, AsyncCallback callback, Object state)
   at System.IO.Pipes.PipeStream.WriteCore(Byte[] buffer, Int32 offset, Int32 count)
   at Trading_Simulator.pipe.MT4Server.Send(Byte[] msg, Int32 length)
11/26/2022 10:21:19 PM  System.IO.IOException: Pipe is broken.
   at System.IO.Pipes.PipeStream.WinIOError(Int32 errorCode)
   at System.IO.Pipes.PipeStream.EndWrite(IAsyncResult asyncResult)
   at System.IO.Pipes.PipeStream.WriteCore(Byte[] buffer, Int32 offset, Int32 count)
   at Trading_Simulator.pipe.MT4Server.Send(Byte[] msg, Int32 length)
12/29/2022 12:18:21 AM  System.Net.WebException: The remote name could not be resolved: 'data.r1-de.storage.arubacloud.de'
   at System.Net.HttpWebRequest.EndGetResponse(IAsyncResult asyncResult)
   at System.Net.WebClient.GetWebResponse(WebRequest request, IAsyncResult result)
   at System.Net.WebClient.DownloadBitsResponseCallback(IAsyncResult result)
2/12/2023 11:35:28 PM  System.IO.IOException: Pipe is broken.
   at System.IO.Pipes.PipeStream.WinIOError(Int32 errorCode)
   at System.IO.Pipes.PipeStream.EndWrite(IAsyncResult asyncResult)
   at System.IO.Pipes.PipeStream.WriteCore(Byte[] buffer, Int32 offset, Int32 count)
   at Trading_Simulator.pipe.MT4Server.Send(Byte[] msg, Int32 length)
4/2/2023 9:02:33 PM  System.IO.IOException: Pipe is broken.
   at System.IO.Pipes.PipeStream.WinIOError(Int32 errorCode)
   at System.IO.Pipes.PipeStream.BeginWriteCore(Byte[] buffer, Int32 offset, Int32 count, AsyncCallback callback, Object state)
   at System.IO.Pipes.PipeStream.WriteCore(Byte[] buffer, Int32 offset, Int32 count)
   at Trading_Simulator.pipe.MT4Server.Send(Byte[] msg, Int32 length)
